[0.000000] (-) TimerEvent: {}
[0.000441] (turtlebot4_factory_inspection) JobQueued: {'identifier': 'turtlebot4_factory_inspection', 'dependencies': OrderedDict()}
[0.000527] (turtlebot4_factory_inspection) JobStarted: {'identifier': 'turtlebot4_factory_inspection'}
[0.005109] (turtlebot4_factory_inspection) JobProgress: {'identifier': 'turtlebot4_factory_inspection', 'progress': 'cmake'}
[0.005362] (turtlebot4_factory_inspection) Command: {'cmd': ['/usr/bin/cmake', '/home/jaeho/sw_projects/my_ros2_ws/src/turtlebot4_factory_inspection', '-DCMAKE_INSTALL_PREFIX=/home/jaeho/sw_projects/my_ros2_ws/src/turtlebot4_factory_inspection/install/turtlebot4_factory_inspection'], 'cwd': '/home/jaeho/sw_projects/my_ros2_ws/src/turtlebot4_factory_inspection/build/turtlebot4_factory_inspection', 'env': OrderedDict([('RCUTILS_LOGGING_BUFFERED_STREAM', '0'), ('GJS_DEBUG_TOPICS', 'JS ERROR;JS LOG'), ('LESSOPEN', '| /usr/bin/lesspipe %s'), ('USER', 'jaeho'), ('LC_TIME', 'ko_KR.UTF-8'), ('XDG_SESSION_TYPE', 'wayland'), ('GIT_ASKPASS', '/usr/share/code/resources/app/extensions/git/dist/askpass.sh'), ('SHLVL', '2'), ('RCUTILS_CONSOLE_OUTPUT_FORMAT', '[{severity}]: {message}'), ('LD_LIBRARY_PATH', '/usr/lib/x86_64-linux-gnu/gazebo-11/plugins:/opt/ros/humble/opt/rviz_ogre_vendor/lib:/opt/ros/humble/lib/x86_64-linux-gnu:/opt/ros/humble/lib'), ('HOME', '/home/jaeho'), ('CHROME_DESKTOP', 'code.desktop'), ('OLDPWD', '/home/jaeho/sw_projects/my_ros2_ws'), ('TERM_PROGRAM_VERSION', '1.101.1'), ('DESKTOP_SESSION', 'ubuntu'), ('GIO_LAUNCHED_DESKTOP_FILE', '/usr/share/applications/terminator.desktop'), ('ROS_PYTHON_VERSION', '3'), ('GNOME_SHELL_SESSION_MODE', 'ubuntu'), ('GTK_MODULES', 'gail:atk-bridge'), ('VSCODE_GIT_ASKPASS_MAIN', '/usr/share/code/resources/app/extensions/git/dist/askpass-main.js'), ('LC_MONETARY', 'ko_KR.UTF-8'), ('VSCODE_GIT_ASKPASS_NODE', '/usr/share/code/code'), ('MANAGERPID', '985'), ('SYSTEMD_EXEC_PID', '1202'), ('DBUS_SESSION_BUS_ADDRESS', 'unix:path=/run/user/1000/bus'), ('COLORTERM', 'truecolor'), ('TERMINATOR_DBUS_NAME', 'net.tenshu.Terminator25ef4b219e3b005583550f2b0f9f990c3'), ('GIO_LAUNCHED_DESKTOP_FILE_PID', '6706'), ('_colcon_cd_root', '/home/jaeho/robot_ws'), ('IM_CONFIG_PHASE', '1'), ('WAYLAND_DISPLAY', 'wayland-0'), ('COLCON_PREFIX_PATH', '/home/jaeho/robot_ws/install'), ('ROS_DISTRO', 'humble'), ('LOGNAME', 'jaeho'), ('JOURNAL_STREAM', '8:13692'), ('_', '/usr/bin/colcon'), ('ROS_VERSION', '2'), ('XDG_SESSION_CLASS', 'user'), ('USERNAME', 'jaeho'), ('TERM', 'xterm-256color'), ('GNOME_DESKTOP_SESSION_ID', 'this-is-deprecated'), ('ROS_LOCALHOST_ONLY', '0'), ('PATH', '/opt/ros/humble/bin:/home/jaeho/.local/bin:/usr/local/sbin:/usr/local/bin:/usr/sbin:/usr/bin:/sbin:/bin:/usr/games:/usr/local/games:/snap/bin:/snap/bin'), ('SESSION_MANAGER', 'local/jaeho:@/tmp/.ICE-unix/1167,unix/jaeho:/tmp/.ICE-unix/1167'), ('INVOCATION_ID', 'b26f6bd3d67f410a978e09ec4f952b7d'), ('XDG_MENU_PREFIX', 'gnome-'), ('LC_ADDRESS', 'ko_KR.UTF-8'), ('GNOME_SETUP_DISPLAY', ':1'), ('XDG_RUNTIME_DIR', '/run/user/1000'), ('GDK_BACKEND', 'x11'), ('DISPLAY', ':0'), ('TERMINATOR_DBUS_PATH', '/net/tenshu/Terminator2'), ('LANG', 'en_US.UTF-8'), ('XDG_CURRENT_DESKTOP', 'Unity'), ('IBUS_DISABLE_SNOOPER', '1'), ('LC_TELEPHONE', 'ko_KR.UTF-8'), ('RMW_IMPLEMENTATION', 'rmw_fastrtps_cpp'), ('XMODIFIERS', '@im=ibus'), ('XDG_SESSION_DESKTOP', 'ubuntu'), ('XAUTHORITY', '/run/user/1000/.mutter-Xwaylandauth.OBKN82'), ('LS_COLORS', 'rs=0:di=01;34:ln=01;36:mh=00:pi=40;33:so=01;35:do=01;35:bd=40;33;01:cd=40;33;01:or=40;31;01:mi=00:su=37;41:sg=30;43:ca=30;41:tw=30;42:ow=34;42:st=37;44:ex=01;32:*.tar=01;31:*.tgz=01;31:*.arc=01;31:*.arj=01;31:*.taz=01;31:*.lha=01;31:*.lz4=01;31:*.lzh=01;31:*.lzma=01;31:*.tlz=01;31:*.txz=01;31:*.tzo=01;31:*.t7z=01;31:*.zip=01;31:*.z=01;31:*.dz=01;31:*.gz=01;31:*.lrz=01;31:*.lz=01;31:*.lzo=01;31:*.xz=01;31:*.zst=01;31:*.tzst=01;31:*.bz2=01;31:*.bz=01;31:*.tbz=01;31:*.tbz2=01;31:*.tz=01;31:*.deb=01;31:*.rpm=01;31:*.jar=01;31:*.war=01;31:*.ear=01;31:*.sar=01;31:*.rar=01;31:*.alz=01;31:*.ace=01;31:*.zoo=01;31:*.cpio=01;31:*.7z=01;31:*.rz=01;31:*.cab=01;31:*.wim=01;31:*.swm=01;31:*.dwm=01;31:*.esd=01;31:*.jpg=01;35:*.jpeg=01;35:*.mjpg=01;35:*.mjpeg=01;35:*.gif=01;35:*.bmp=01;35:*.pbm=01;35:*.pgm=01;35:*.ppm=01;35:*.tga=01;35:*.xbm=01;35:*.xpm=01;35:*.tif=01;35:*.tiff=01;35:*.png=01;35:*.svg=01;35:*.svgz=01;35:*.mng=01;35:*.pcx=01;35:*.mov=01;35:*.mpg=01;35:*.mpeg=01;35:*.m2v=01;35:*.mkv=01;35:*.webm=01;35:*.webp=01;35:*.ogm=01;35:*.mp4=01;35:*.m4v=01;35:*.mp4v=01;35:*.vob=01;35:*.qt=01;35:*.nuv=01;35:*.wmv=01;35:*.asf=01;35:*.rm=01;35:*.rmvb=01;35:*.flc=01;35:*.avi=01;35:*.fli=01;35:*.flv=01;35:*.gl=01;35:*.dl=01;35:*.xcf=01;35:*.xwd=01;35:*.yuv=01;35:*.cgm=01;35:*.emf=01;35:*.ogv=01;35:*.ogx=01;35:*.aac=00;36:*.au=00;36:*.flac=00;36:*.m4a=00;36:*.mid=00;36:*.midi=00;36:*.mka=00;36:*.mp3=00;36:*.mpc=00;36:*.ogg=00;36:*.ra=00;36:*.wav=00;36:*.oga=00;36:*.opus=00;36:*.spx=00;36:*.xspf=00;36:'), ('VSCODE_GIT_IPC_HANDLE', '/run/user/1000/vscode-git-da237cf720.sock'), ('TERM_PROGRAM', 'vscode'), ('SSH_AGENT_LAUNCHER', 'gnome-keyring'), ('SSH_AUTH_SOCK', '/run/user/1000/keyring/ssh'), ('AMENT_PREFIX_PATH', '/opt/ros/humble'), ('ORIGINAL_XDG_CURRENT_DESKTOP', 'ubuntu:GNOME'), ('SHELL', '/bin/bash'), ('LC_NAME', 'ko_KR.UTF-8'), ('TERMINATOR_UUID', 'urn:uuid:6aa90e33-a849-409c-8602-be3f8fd1b90a'), ('QT_ACCESSIBILITY', '1'), ('GDMSESSION', 'ubuntu'), ('LESSCLOSE', '/usr/bin/lesspipe %s %s'), ('LC_MEASUREMENT', 'ko_KR.UTF-8'), ('GJS_DEBUG_OUTPUT', 'stderr'), ('LC_IDENTIFICATION', 'ko_KR.UTF-8'), ('VSCODE_GIT_ASKPASS_EXTRA_ARGS', ''), ('QT_IM_MODULE', 'ibus'), ('RCUTILS_LOGGING_USE_STDOUT', '0'), ('PWD', '/home/jaeho/sw_projects/my_ros2_ws/src/turtlebot4_factory_inspection/build/turtlebot4_factory_inspection'), ('LC_ALL', 'en_US.UTF-8'), ('XDG_CONFIG_DIRS', '/etc/xdg/xdg-ubuntu:/etc/xdg'), ('RCUTILS_COLORIZED_OUTPUT', '1'), ('XDG_DATA_DIRS', '/usr/share/ubuntu:/usr/local/share/:/usr/share/:/var/lib/snapd/desktop'), ('PYTHONPATH', '/opt/ros/humble/lib/python3.10/site-packages:/opt/ros/humble/local/lib/python3.10/dist-packages'), ('LC_NUMERIC', 'ko_KR.UTF-8'), ('LC_PAPER', 'ko_KR.UTF-8'), ('COLCON', '1'), ('VTE_VERSION', '6800'), ('CMAKE_PREFIX_PATH', '/opt/ros/humble')]), 'shell': False}
[0.043956] (turtlebot4_factory_inspection) StdoutLine: {'line': b'-- The C compiler identification is GNU 11.4.0\n'}
[0.084973] (turtlebot4_factory_inspection) StdoutLine: {'line': b'-- The CXX compiler identification is GNU 11.4.0\n'}
[0.089568] (turtlebot4_factory_inspection) StdoutLine: {'line': b'-- Detecting C compiler ABI info\n'}
[0.099888] (-) TimerEvent: {}
[0.133982] (turtlebot4_factory_inspection) StdoutLine: {'line': b'-- Detecting C compiler ABI info - done\n'}
[0.139101] (turtlebot4_factory_inspection) StdoutLine: {'line': b'-- Check for working C compiler: /usr/bin/cc - skipped\n'}
[0.139310] (turtlebot4_factory_inspection) StdoutLine: {'line': b'-- Detecting C compile features\n'}
[0.139625] (turtlebot4_factory_inspection) StdoutLine: {'line': b'-- Detecting C compile features - done\n'}
[0.141765] (turtlebot4_factory_inspection) StdoutLine: {'line': b'-- Detecting CXX compiler ABI info\n'}
[0.196686] (turtlebot4_factory_inspection) StdoutLine: {'line': b'-- Detecting CXX compiler ABI info - done\n'}
[0.199934] (-) TimerEvent: {}
[0.201793] (turtlebot4_factory_inspection) StdoutLine: {'line': b'-- Check for working CXX compiler: /usr/bin/c++ - skipped\n'}
[0.202013] (turtlebot4_factory_inspection) StdoutLine: {'line': b'-- Detecting CXX compile features\n'}
[0.202344] (turtlebot4_factory_inspection) StdoutLine: {'line': b'-- Detecting CXX compile features - done\n'}
[0.203867] (turtlebot4_factory_inspection) StdoutLine: {'line': b'-- Found ament_cmake: 1.3.11 (/opt/ros/humble/share/ament_cmake/cmake)\n'}
[0.300111] (-) TimerEvent: {}
[0.301907] (turtlebot4_factory_inspection) StdoutLine: {'line': b'-- Found Python3: /usr/bin/python3 (found version "3.10.12") found components: Interpreter \n'}
[0.366443] (turtlebot4_factory_inspection) StdoutLine: {'line': b'-- Found rclcpp: 16.0.12 (/opt/ros/humble/share/rclcpp/cmake)\n'}
[0.394696] (turtlebot4_factory_inspection) StdoutLine: {'line': b'-- Found rosidl_generator_c: 3.1.6 (/opt/ros/humble/share/rosidl_generator_c/cmake)\n'}
[0.397955] (turtlebot4_factory_inspection) StdoutLine: {'line': b'-- Found rosidl_adapter: 3.1.6 (/opt/ros/humble/share/rosidl_adapter/cmake)\n'}
[0.400164] (-) TimerEvent: {}
[0.403812] (turtlebot4_factory_inspection) StdoutLine: {'line': b'-- Found rosidl_generator_cpp: 3.1.6 (/opt/ros/humble/share/rosidl_generator_cpp/cmake)\n'}
[0.411870] (turtlebot4_factory_inspection) StdoutLine: {'line': b'-- Using all available rosidl_typesupport_c: rosidl_typesupport_fastrtps_c;rosidl_typesupport_introspection_c\n'}
[0.424932] (turtlebot4_factory_inspection) StdoutLine: {'line': b'-- Using all available rosidl_typesupport_cpp: rosidl_typesupport_fastrtps_cpp;rosidl_typesupport_introspection_cpp\n'}
[0.455017] (turtlebot4_factory_inspection) StdoutLine: {'line': b'-- Found rmw_implementation_cmake: 6.1.2 (/opt/ros/humble/share/rmw_implementation_cmake/cmake)\n'}
[0.456750] (turtlebot4_factory_inspection) StdoutLine: {'line': b'-- Found rmw_fastrtps_cpp: 6.2.7 (/opt/ros/humble/share/rmw_fastrtps_cpp/cmake)\n'}
[0.500268] (-) TimerEvent: {}
[0.513567] (turtlebot4_factory_inspection) StdoutLine: {'line': b'-- Found OpenSSL: /usr/lib/x86_64-linux-gnu/libcrypto.so (found version "3.0.2")  \n'}
[0.532572] (turtlebot4_factory_inspection) StdoutLine: {'line': b'-- Found FastRTPS: /opt/ros/humble/include  \n'}
[0.560875] (turtlebot4_factory_inspection) StdoutLine: {'line': b"-- Using RMW implementation 'rmw_fastrtps_cpp' as default\n"}
[0.565939] (turtlebot4_factory_inspection) StdoutLine: {'line': b'-- Looking for pthread.h\n'}
[0.600356] (-) TimerEvent: {}
[0.613632] (turtlebot4_factory_inspection) StdoutLine: {'line': b'-- Looking for pthread.h - found\n'}
[0.613913] (turtlebot4_factory_inspection) StdoutLine: {'line': b'-- Performing Test CMAKE_HAVE_LIBC_PTHREAD\n'}
[0.662860] (turtlebot4_factory_inspection) StdoutLine: {'line': b'-- Performing Test CMAKE_HAVE_LIBC_PTHREAD - Success\n'}
[0.664034] (turtlebot4_factory_inspection) StdoutLine: {'line': b'-- Found Threads: TRUE  \n'}
[0.698939] (turtlebot4_factory_inspection) StdoutLine: {'line': b'-- Found rclcpp_action: 16.0.12 (/opt/ros/humble/share/rclcpp_action/cmake)\n'}
[0.700429] (-) TimerEvent: {}
[0.723210] (turtlebot4_factory_inspection) StdoutLine: {'line': b'-- Found tf2_ros: 0.25.13 (/opt/ros/humble/share/tf2_ros/cmake)\n'}
[0.776721] (turtlebot4_factory_inspection) StdoutLine: {'line': b'-- Found tf2_geometry_msgs: 0.25.13 (/opt/ros/humble/share/tf2_geometry_msgs/cmake)\n'}
[0.785999] (turtlebot4_factory_inspection) StdoutLine: {'line': b'-- Found eigen3_cmake_module: 0.1.1 (/opt/ros/humble/share/eigen3_cmake_module/cmake)\n'}
[0.786808] (turtlebot4_factory_inspection) StdoutLine: {'line': b'-- Found Eigen3: TRUE (found version "3.4.0") \n'}
[0.786879] (turtlebot4_factory_inspection) StdoutLine: {'line': b'-- Ensuring Eigen3 include directory is part of orocos-kdl CMake target\n'}
[0.788585] (turtlebot4_factory_inspection) StdoutLine: {'line': b'-- Found nav2_msgs: 1.1.18 (/opt/ros/humble/share/nav2_msgs/cmake)\n'}
[0.800635] (-) TimerEvent: {}
[0.855940] (turtlebot4_factory_inspection) StdoutLine: {'line': b'-- Configuring done\n'}
[0.865172] (turtlebot4_factory_inspection) StdoutLine: {'line': b'-- Generating done\n'}
[0.868297] (turtlebot4_factory_inspection) StdoutLine: {'line': b'-- Build files have been written to: /home/jaeho/sw_projects/my_ros2_ws/src/turtlebot4_factory_inspection/build/turtlebot4_factory_inspection\n'}
[0.875812] (turtlebot4_factory_inspection) CommandEnded: {'returncode': 0}
[0.876758] (turtlebot4_factory_inspection) JobProgress: {'identifier': 'turtlebot4_factory_inspection', 'progress': 'build'}
[0.876780] (turtlebot4_factory_inspection) Command: {'cmd': ['/usr/bin/cmake', '--build', '/home/jaeho/sw_projects/my_ros2_ws/src/turtlebot4_factory_inspection/build/turtlebot4_factory_inspection', '--', '-j8', '-l8'], 'cwd': '/home/jaeho/sw_projects/my_ros2_ws/src/turtlebot4_factory_inspection/build/turtlebot4_factory_inspection', 'env': OrderedDict([('RCUTILS_LOGGING_BUFFERED_STREAM', '0'), ('GJS_DEBUG_TOPICS', 'JS ERROR;JS LOG'), ('LESSOPEN', '| /usr/bin/lesspipe %s'), ('USER', 'jaeho'), ('LC_TIME', 'ko_KR.UTF-8'), ('XDG_SESSION_TYPE', 'wayland'), ('GIT_ASKPASS', '/usr/share/code/resources/app/extensions/git/dist/askpass.sh'), ('SHLVL', '2'), ('RCUTILS_CONSOLE_OUTPUT_FORMAT', '[{severity}]: {message}'), ('LD_LIBRARY_PATH', '/usr/lib/x86_64-linux-gnu/gazebo-11/plugins:/opt/ros/humble/opt/rviz_ogre_vendor/lib:/opt/ros/humble/lib/x86_64-linux-gnu:/opt/ros/humble/lib'), ('HOME', '/home/jaeho'), ('CHROME_DESKTOP', 'code.desktop'), ('OLDPWD', '/home/jaeho/sw_projects/my_ros2_ws'), ('TERM_PROGRAM_VERSION', '1.101.1'), ('DESKTOP_SESSION', 'ubuntu'), ('GIO_LAUNCHED_DESKTOP_FILE', '/usr/share/applications/terminator.desktop'), ('ROS_PYTHON_VERSION', '3'), ('GNOME_SHELL_SESSION_MODE', 'ubuntu'), ('GTK_MODULES', 'gail:atk-bridge'), ('VSCODE_GIT_ASKPASS_MAIN', '/usr/share/code/resources/app/extensions/git/dist/askpass-main.js'), ('LC_MONETARY', 'ko_KR.UTF-8'), ('VSCODE_GIT_ASKPASS_NODE', '/usr/share/code/code'), ('MANAGERPID', '985'), ('SYSTEMD_EXEC_PID', '1202'), ('DBUS_SESSION_BUS_ADDRESS', 'unix:path=/run/user/1000/bus'), ('COLORTERM', 'truecolor'), ('TERMINATOR_DBUS_NAME', 'net.tenshu.Terminator25ef4b219e3b005583550f2b0f9f990c3'), ('GIO_LAUNCHED_DESKTOP_FILE_PID', '6706'), ('_colcon_cd_root', '/home/jaeho/robot_ws'), ('IM_CONFIG_PHASE', '1'), ('WAYLAND_DISPLAY', 'wayland-0'), ('COLCON_PREFIX_PATH', '/home/jaeho/robot_ws/install'), ('ROS_DISTRO', 'humble'), ('LOGNAME', 'jaeho'), ('JOURNAL_STREAM', '8:13692'), ('_', '/usr/bin/colcon'), ('ROS_VERSION', '2'), ('XDG_SESSION_CLASS', 'user'), ('USERNAME', 'jaeho'), ('TERM', 'xterm-256color'), ('GNOME_DESKTOP_SESSION_ID', 'this-is-deprecated'), ('ROS_LOCALHOST_ONLY', '0'), ('PATH', '/opt/ros/humble/bin:/home/jaeho/.local/bin:/usr/local/sbin:/usr/local/bin:/usr/sbin:/usr/bin:/sbin:/bin:/usr/games:/usr/local/games:/snap/bin:/snap/bin'), ('SESSION_MANAGER', 'local/jaeho:@/tmp/.ICE-unix/1167,unix/jaeho:/tmp/.ICE-unix/1167'), ('INVOCATION_ID', 'b26f6bd3d67f410a978e09ec4f952b7d'), ('XDG_MENU_PREFIX', 'gnome-'), ('LC_ADDRESS', 'ko_KR.UTF-8'), ('GNOME_SETUP_DISPLAY', ':1'), ('XDG_RUNTIME_DIR', '/run/user/1000'), ('GDK_BACKEND', 'x11'), ('DISPLAY', ':0'), ('TERMINATOR_DBUS_PATH', '/net/tenshu/Terminator2'), ('LANG', 'en_US.UTF-8'), ('XDG_CURRENT_DESKTOP', 'Unity'), ('IBUS_DISABLE_SNOOPER', '1'), ('LC_TELEPHONE', 'ko_KR.UTF-8'), ('RMW_IMPLEMENTATION', 'rmw_fastrtps_cpp'), ('XMODIFIERS', '@im=ibus'), ('XDG_SESSION_DESKTOP', 'ubuntu'), ('XAUTHORITY', '/run/user/1000/.mutter-Xwaylandauth.OBKN82'), ('LS_COLORS', 'rs=0:di=01;34:ln=01;36:mh=00:pi=40;33:so=01;35:do=01;35:bd=40;33;01:cd=40;33;01:or=40;31;01:mi=00:su=37;41:sg=30;43:ca=30;41:tw=30;42:ow=34;42:st=37;44:ex=01;32:*.tar=01;31:*.tgz=01;31:*.arc=01;31:*.arj=01;31:*.taz=01;31:*.lha=01;31:*.lz4=01;31:*.lzh=01;31:*.lzma=01;31:*.tlz=01;31:*.txz=01;31:*.tzo=01;31:*.t7z=01;31:*.zip=01;31:*.z=01;31:*.dz=01;31:*.gz=01;31:*.lrz=01;31:*.lz=01;31:*.lzo=01;31:*.xz=01;31:*.zst=01;31:*.tzst=01;31:*.bz2=01;31:*.bz=01;31:*.tbz=01;31:*.tbz2=01;31:*.tz=01;31:*.deb=01;31:*.rpm=01;31:*.jar=01;31:*.war=01;31:*.ear=01;31:*.sar=01;31:*.rar=01;31:*.alz=01;31:*.ace=01;31:*.zoo=01;31:*.cpio=01;31:*.7z=01;31:*.rz=01;31:*.cab=01;31:*.wim=01;31:*.swm=01;31:*.dwm=01;31:*.esd=01;31:*.jpg=01;35:*.jpeg=01;35:*.mjpg=01;35:*.mjpeg=01;35:*.gif=01;35:*.bmp=01;35:*.pbm=01;35:*.pgm=01;35:*.ppm=01;35:*.tga=01;35:*.xbm=01;35:*.xpm=01;35:*.tif=01;35:*.tiff=01;35:*.png=01;35:*.svg=01;35:*.svgz=01;35:*.mng=01;35:*.pcx=01;35:*.mov=01;35:*.mpg=01;35:*.mpeg=01;35:*.m2v=01;35:*.mkv=01;35:*.webm=01;35:*.webp=01;35:*.ogm=01;35:*.mp4=01;35:*.m4v=01;35:*.mp4v=01;35:*.vob=01;35:*.qt=01;35:*.nuv=01;35:*.wmv=01;35:*.asf=01;35:*.rm=01;35:*.rmvb=01;35:*.flc=01;35:*.avi=01;35:*.fli=01;35:*.flv=01;35:*.gl=01;35:*.dl=01;35:*.xcf=01;35:*.xwd=01;35:*.yuv=01;35:*.cgm=01;35:*.emf=01;35:*.ogv=01;35:*.ogx=01;35:*.aac=00;36:*.au=00;36:*.flac=00;36:*.m4a=00;36:*.mid=00;36:*.midi=00;36:*.mka=00;36:*.mp3=00;36:*.mpc=00;36:*.ogg=00;36:*.ra=00;36:*.wav=00;36:*.oga=00;36:*.opus=00;36:*.spx=00;36:*.xspf=00;36:'), ('VSCODE_GIT_IPC_HANDLE', '/run/user/1000/vscode-git-da237cf720.sock'), ('TERM_PROGRAM', 'vscode'), ('SSH_AGENT_LAUNCHER', 'gnome-keyring'), ('SSH_AUTH_SOCK', '/run/user/1000/keyring/ssh'), ('AMENT_PREFIX_PATH', '/opt/ros/humble'), ('ORIGINAL_XDG_CURRENT_DESKTOP', 'ubuntu:GNOME'), ('SHELL', '/bin/bash'), ('LC_NAME', 'ko_KR.UTF-8'), ('TERMINATOR_UUID', 'urn:uuid:6aa90e33-a849-409c-8602-be3f8fd1b90a'), ('QT_ACCESSIBILITY', '1'), ('GDMSESSION', 'ubuntu'), ('LESSCLOSE', '/usr/bin/lesspipe %s %s'), ('LC_MEASUREMENT', 'ko_KR.UTF-8'), ('GJS_DEBUG_OUTPUT', 'stderr'), ('LC_IDENTIFICATION', 'ko_KR.UTF-8'), ('VSCODE_GIT_ASKPASS_EXTRA_ARGS', ''), ('QT_IM_MODULE', 'ibus'), ('RCUTILS_LOGGING_USE_STDOUT', '0'), ('PWD', '/home/jaeho/sw_projects/my_ros2_ws/src/turtlebot4_factory_inspection/build/turtlebot4_factory_inspection'), ('LC_ALL', 'en_US.UTF-8'), ('XDG_CONFIG_DIRS', '/etc/xdg/xdg-ubuntu:/etc/xdg'), ('RCUTILS_COLORIZED_OUTPUT', '1'), ('XDG_DATA_DIRS', '/usr/share/ubuntu:/usr/local/share/:/usr/share/:/var/lib/snapd/desktop'), ('PYTHONPATH', '/opt/ros/humble/lib/python3.10/site-packages:/opt/ros/humble/local/lib/python3.10/dist-packages'), ('LC_NUMERIC', 'ko_KR.UTF-8'), ('LC_PAPER', 'ko_KR.UTF-8'), ('COLCON', '1'), ('VTE_VERSION', '6800'), ('CMAKE_PREFIX_PATH', '/opt/ros/humble')]), 'shell': False}
[0.900774] (-) TimerEvent: {}
[0.904183] (turtlebot4_factory_inspection) StdoutLine: {'line': b'\x1b[35m\x1b[1mConsolidate compiler generated dependencies of target bt_runner\x1b[0m\n'}
[0.921935] (turtlebot4_factory_inspection) StdoutLine: {'line': b'[  7%] \x1b[32mBuilding CXX object CMakeFiles/bt_runner.dir/src/bt_runner.cpp.o\x1b[0m\n'}
[0.922242] (turtlebot4_factory_inspection) StdoutLine: {'line': b'[ 42%] \x1b[32mBuilding CXX object CMakeFiles/bt_runner.dir/src/utils/load_waypoints.cpp.o\x1b[0m\n'}
[0.922369] (turtlebot4_factory_inspection) StdoutLine: {'line': b'[ 42%] \x1b[32mBuilding CXX object CMakeFiles/bt_runner.dir/bt_nodes/AdvanceIndex.cpp.o\x1b[0m\n'}
[0.922432] (turtlebot4_factory_inspection) StdoutLine: {'line': b'[ 42%] \x1b[32mBuilding CXX object CMakeFiles/bt_runner.dir/bt_nodes/IsArrivedAtBase.cpp.o\x1b[0m\n'}
[0.922491] (turtlebot4_factory_inspection) StdoutLine: {'line': b'[ 42%] \x1b[32mBuilding CXX object CMakeFiles/bt_runner.dir/bt_nodes/CheckIfSetupDone.cpp.o\x1b[0m\n'}
[0.922545] (turtlebot4_factory_inspection) StdoutLine: {'line': b'[ 42%] \x1b[32mBuilding CXX object CMakeFiles/bt_runner.dir/bt_nodes/InitialSetup.cpp.o\x1b[0m\n'}
[0.922597] (turtlebot4_factory_inspection) StdoutLine: {'line': b'[ 50%] \x1b[32mBuilding CXX object CMakeFiles/bt_runner.dir/bt_nodes/IsNomoreTask.cpp.o\x1b[0m\n'}
[0.922640] (turtlebot4_factory_inspection) StdoutLine: {'line': b'[ 57%] \x1b[32mBuilding CXX object CMakeFiles/bt_runner.dir/bt_nodes/IsArrivedAtTarget.cpp.o\x1b[0m\n'}
[0.929907] (turtlebot4_factory_inspection) StderrLine: {'line': b'\x1b[01m\x1b[K/home/jaeho/sw_projects/my_ros2_ws/src/turtlebot4_factory_inspection/bt_nodes/IsArrivedAtBase.cpp:1:10:\x1b[m\x1b[K \x1b[01;31m\x1b[Kfatal error: \x1b[m\x1b[Kturtlebot4_factory_inspection/IsArrivedAtBase.hpp: No such file or directory\n'}
[0.930721] (turtlebot4_factory_inspection) StderrLine: {'line': b'    1 | #include \x1b[01;31m\x1b[K"turtlebot4_factory_inspection/IsArrivedAtBase.hpp"\x1b[m\x1b[K\n'}
[0.930837] (turtlebot4_factory_inspection) StderrLine: {'line': b'      |          \x1b[01;31m\x1b[K^~~~~~~~~~~~~~~~~~~~~~~~~~~~~~~~~~~~~~~~~~~~~~~~~~~\x1b[m\x1b[K\n'}
[0.930904] (turtlebot4_factory_inspection) StderrLine: {'line': b'compilation terminated.\n'}
[0.930968] (turtlebot4_factory_inspection) StderrLine: {'line': b'\x1b[01m\x1b[K/home/jaeho/sw_projects/my_ros2_ws/src/turtlebot4_factory_inspection/bt_nodes/AdvanceIndex.cpp:1:10:\x1b[m\x1b[K \x1b[01;31m\x1b[Kfatal error: \x1b[m\x1b[Kturtlebot4_factory_inspection/AdvanceIndex.hpp: No such file or directory\n'}
[0.931031] (turtlebot4_factory_inspection) StderrLine: {'line': b'    1 | #include \x1b[01;31m\x1b[K"turtlebot4_factory_inspection/AdvanceIndex.hpp"\x1b[m\x1b[K\n'}
[0.931089] (turtlebot4_factory_inspection) StderrLine: {'line': b'      |          \x1b[01;31m\x1b[K^~~~~~~~~~~~~~~~~~~~~~~~~~~~~~~~~~~~~~~~~~~~~~~~\x1b[m\x1b[K\n'}
[0.931152] (turtlebot4_factory_inspection) StderrLine: {'line': b'compilation terminated.\n'}
[0.931208] (turtlebot4_factory_inspection) StderrLine: {'line': b'\x1b[01m\x1b[K/home/jaeho/sw_projects/my_ros2_ws/src/turtlebot4_factory_inspection/src/utils/load_waypoints.cpp:1:10:\x1b[m\x1b[K \x1b[01;31m\x1b[Kfatal error: \x1b[m\x1b[Kturtlebot4_factory_inspection/utils/load_waypoints.hpp: No such file or directory\n'}
[0.931273] (turtlebot4_factory_inspection) StderrLine: {'line': b'    1 | #include \x1b[01;31m\x1b[K"turtlebot4_factory_inspection/utils/load_waypoints.hpp"\x1b[m\x1b[K\n'}
[0.931331] (turtlebot4_factory_inspection) StderrLine: {'line': b'      |          \x1b[01;31m\x1b[K^~~~~~~~~~~~~~~~~~~~~~~~~~~~~~~~~~~~~~~~~~~~~~~~~~~~~~~~\x1b[m\x1b[K\n'}
[0.931389] (turtlebot4_factory_inspection) StderrLine: {'line': b'compilation terminated.\n'}
[0.931445] (turtlebot4_factory_inspection) StderrLine: {'line': b'\x1b[01m\x1b[K/home/jaeho/sw_projects/my_ros2_ws/src/turtlebot4_factory_inspection/bt_nodes/CheckIfSetupDone.cpp:1:10:\x1b[m\x1b[K \x1b[01;31m\x1b[Kfatal error: \x1b[m\x1b[Kturtlebot4_factory_inspection/CheckIfSetupDone.hpp: No such file or directory\n'}
[0.931504] (turtlebot4_factory_inspection) StderrLine: {'line': b'    1 | #include \x1b[01;31m\x1b[K"turtlebot4_factory_inspection/CheckIfSetupDone.hpp"\x1b[m\x1b[K\n'}
[0.931561] (turtlebot4_factory_inspection) StderrLine: {'line': b'      |          \x1b[01;31m\x1b[K^~~~~~~~~~~~~~~~~~~~~~~~~~~~~~~~~~~~~~~~~~~~~~~~~~~~\x1b[m\x1b[K\n'}
[0.931618] (turtlebot4_factory_inspection) StderrLine: {'line': b'compilation terminated.\n'}
[0.931984] (turtlebot4_factory_inspection) StderrLine: {'line': b'gmake[2]: *** [CMakeFiles/bt_runner.dir/build.make:146: CMakeFiles/bt_runner.dir/bt_nodes/IsArrivedAtBase.cpp.o] Error 1\n'}
[0.932155] (turtlebot4_factory_inspection) StderrLine: {'line': b'gmake[2]: *** Waiting for unfinished jobs....\n'}
[0.932245] (turtlebot4_factory_inspection) StderrLine: {'line': b'gmake[2]: *** [CMakeFiles/bt_runner.dir/build.make:90: CMakeFiles/bt_runner.dir/src/utils/load_waypoints.cpp.o] Error 1\n'}
[0.932306] (turtlebot4_factory_inspection) StderrLine: {'line': b'gmake[2]: *** [CMakeFiles/bt_runner.dir/build.make:104: CMakeFiles/bt_runner.dir/bt_nodes/AdvanceIndex.cpp.o] Error 1\n'}
[0.932364] (turtlebot4_factory_inspection) StderrLine: {'line': b'gmake[2]: *** [CMakeFiles/bt_runner.dir/build.make:118: CMakeFiles/bt_runner.dir/bt_nodes/CheckIfSetupDone.cpp.o] Error 1\n'}
[0.932729] (turtlebot4_factory_inspection) StderrLine: {'line': b'\x1b[01m\x1b[K/home/jaeho/sw_projects/my_ros2_ws/src/turtlebot4_factory_inspection/bt_nodes/IsNomoreTask.cpp:1:10:\x1b[m\x1b[K \x1b[01;31m\x1b[Kfatal error: \x1b[m\x1b[Kturtlebot4_factory_inspection/IsNomoreTask.hpp: No such file or directory\n'}
[0.932796] (turtlebot4_factory_inspection) StderrLine: {'line': b'    1 | #include \x1b[01;31m\x1b[K"turtlebot4_factory_inspection/IsNomoreTask.hpp"\x1b[m\x1b[K\n'}
[0.932854] (turtlebot4_factory_inspection) StderrLine: {'line': b'      |          \x1b[01;31m\x1b[K^~~~~~~~~~~~~~~~~~~~~~~~~~~~~~~~~~~~~~~~~~~~~~~~\x1b[m\x1b[K\n'}
[0.932920] (turtlebot4_factory_inspection) StderrLine: {'line': b'compilation terminated.\n'}
[0.933138] (turtlebot4_factory_inspection) StderrLine: {'line': b'gmake[2]: *** [CMakeFiles/bt_runner.dir/build.make:174: CMakeFiles/bt_runner.dir/bt_nodes/IsNomoreTask.cpp.o] Error 1\n'}
[0.933251] (turtlebot4_factory_inspection) StderrLine: {'line': b'\x1b[01m\x1b[K/home/jaeho/sw_projects/my_ros2_ws/src/turtlebot4_factory_inspection/bt_nodes/IsArrivedAtTarget.cpp:1:10:\x1b[m\x1b[K \x1b[01;31m\x1b[Kfatal error: \x1b[m\x1b[Kturtlebot4_factory_inspection/IsArrivedAtTarget.hpp: No such file or directory\n'}
[0.933314] (turtlebot4_factory_inspection) StderrLine: {'line': b'    1 | #include \x1b[01;31m\x1b[K"turtlebot4_factory_inspection/IsArrivedAtTarget.hpp"\x1b[m\x1b[K\n'}
[0.933373] (turtlebot4_factory_inspection) StderrLine: {'line': b'      |          \x1b[01;31m\x1b[K^~~~~~~~~~~~~~~~~~~~~~~~~~~~~~~~~~~~~~~~~~~~~~~~~~~~~\x1b[m\x1b[K\n'}
[0.933434] (turtlebot4_factory_inspection) StderrLine: {'line': b'compilation terminated.\n'}
[0.933753] (turtlebot4_factory_inspection) StderrLine: {'line': b'gmake[2]: *** [CMakeFiles/bt_runner.dir/build.make:160: CMakeFiles/bt_runner.dir/bt_nodes/IsArrivedAtTarget.cpp.o] Error 1\n'}
[1.000949] (-) TimerEvent: {}
[1.101191] (-) TimerEvent: {}
[1.101451] (turtlebot4_factory_inspection) StderrLine: {'line': b'\x1b[01m\x1b[K/home/jaeho/sw_projects/my_ros2_ws/src/turtlebot4_factory_inspection/bt_nodes/InitialSetup.cpp:2:10:\x1b[m\x1b[K \x1b[01;31m\x1b[Kfatal error: \x1b[m\x1b[Kturtlebot4_factory_inspection/utils/load_waypoints.hpp: No such file or directory\n'}
[1.101587] (turtlebot4_factory_inspection) StderrLine: {'line': b'    2 | #include \x1b[01;31m\x1b[K"turtlebot4_factory_inspection/utils/load_waypoints.hpp"\x1b[m\x1b[K\n'}
[1.101642] (turtlebot4_factory_inspection) StderrLine: {'line': b'      |          \x1b[01;31m\x1b[K^~~~~~~~~~~~~~~~~~~~~~~~~~~~~~~~~~~~~~~~~~~~~~~~~~~~~~~~\x1b[m\x1b[K\n'}
[1.101692] (turtlebot4_factory_inspection) StderrLine: {'line': b'compilation terminated.\n'}
[1.103903] (turtlebot4_factory_inspection) StderrLine: {'line': b'gmake[2]: *** [CMakeFiles/bt_runner.dir/build.make:132: CMakeFiles/bt_runner.dir/bt_nodes/InitialSetup.cpp.o] Error 1\n'}
[1.201293] (-) TimerEvent: {}
[1.301558] (-) TimerEvent: {}
[1.401815] (-) TimerEvent: {}
[1.502080] (-) TimerEvent: {}
[1.602336] (-) TimerEvent: {}
[1.702564] (-) TimerEvent: {}
[1.802815] (-) TimerEvent: {}
[1.903064] (-) TimerEvent: {}
[2.003311] (-) TimerEvent: {}
[2.103538] (-) TimerEvent: {}
[2.203809] (-) TimerEvent: {}
[2.304181] (-) TimerEvent: {}
[2.404505] (-) TimerEvent: {}
[2.504744] (-) TimerEvent: {}
[2.605078] (-) TimerEvent: {}
[2.705400] (-) TimerEvent: {}
[2.790314] (turtlebot4_factory_inspection) StderrLine: {'line': b'\x1b[01m\x1b[K/home/jaeho/sw_projects/my_ros2_ws/src/turtlebot4_factory_inspection/src/bt_runner.cpp:\x1b[m\x1b[K In function \xe2\x80\x98\x1b[01m\x1b[Kint main(int, char**)\x1b[m\x1b[K\xe2\x80\x99:\n'}
[2.790448] (turtlebot4_factory_inspection) StderrLine: {'line': b'\x1b[01m\x1b[K/home/jaeho/sw_projects/my_ros2_ws/src/turtlebot4_factory_inspection/src/bt_runner.cpp:28:28:\x1b[m\x1b[K \x1b[01;31m\x1b[Kerror: \x1b[m\x1b[K\xe2\x80\x98\x1b[01m\x1b[KAdvanceIndex\x1b[m\x1b[K\xe2\x80\x99 was not declared in this scope; did you mean \xe2\x80\x98\x1b[01m\x1b[Kturtlebot4_factory_inspection::AdvanceIndex\x1b[m\x1b[K\xe2\x80\x99?\n'}
[2.790500] (turtlebot4_factory_inspection) StderrLine: {'line': b'   28 |   factory.registerNodeType<\x1b[01;31m\x1b[KAdvanceIndex\x1b[m\x1b[K>("AdvanceIndex");\n'}
[2.790538] (turtlebot4_factory_inspection) StderrLine: {'line': b'      |                            \x1b[01;31m\x1b[K^~~~~~~~~~~~\x1b[m\x1b[K\n'}
[2.790572] (turtlebot4_factory_inspection) StderrLine: {'line': b'      |                            \x1b[32m\x1b[Kturtlebot4_factory_inspection::AdvanceIndex\x1b[m\x1b[K\n'}
[2.790606] (turtlebot4_factory_inspection) StderrLine: {'line': b'In file included from \x1b[01m\x1b[K/home/jaeho/sw_projects/my_ros2_ws/src/turtlebot4_factory_inspection/src/bt_runner.cpp:2\x1b[m\x1b[K:\n'}
[2.790640] (turtlebot4_factory_inspection) StderrLine: {'line': b'\x1b[01m\x1b[K/home/jaeho/sw_projects/my_ros2_ws/src/turtlebot4_factory_inspection/include/turtlebot4_factory_inspection/bt_nodes/AdvanceIndex.hpp:8:7:\x1b[m\x1b[K \x1b[01;36m\x1b[Knote: \x1b[m\x1b[K\xe2\x80\x98\x1b[01m\x1b[Kturtlebot4_factory_inspection::AdvanceIndex\x1b[m\x1b[K\xe2\x80\x99 declared here\n'}
[2.790674] (turtlebot4_factory_inspection) StderrLine: {'line': b'    8 | class \x1b[01;36m\x1b[KAdvanceIndex\x1b[m\x1b[K : public BT::SyncActionNode\n'}
[2.790707] (turtlebot4_factory_inspection) StderrLine: {'line': b'      |       \x1b[01;36m\x1b[K^~~~~~~~~~~~\x1b[m\x1b[K\n'}
[2.790741] (turtlebot4_factory_inspection) StderrLine: {'line': b'\x1b[01m\x1b[K/home/jaeho/sw_projects/my_ros2_ws/src/turtlebot4_factory_inspection/src/bt_runner.cpp:28:41:\x1b[m\x1b[K \x1b[01;31m\x1b[Kerror: \x1b[m\x1b[Kno matching function for call to \xe2\x80\x98\x1b[01m\x1b[KBT::BehaviorTreeFactory::registerNodeType<<expression error> >(const char [13])\x1b[m\x1b[K\xe2\x80\x99\n'}
[2.790783] (turtlebot4_factory_inspection) StderrLine: {'line': b'   28 |   \x1b[01;31m\x1b[Kfactory.registerNodeType<AdvanceIndex>("AdvanceIndex")\x1b[m\x1b[K;\n'}
[2.790834] (turtlebot4_factory_inspection) StderrLine: {'line': b'      |   \x1b[01;31m\x1b[K~~~~~~~~~~~~~~~~~~~~~~~~~~~~~~~~~~~~~~^~~~~~~~~~~~~~~~\x1b[m\x1b[K\n'}
[2.790877] (turtlebot4_factory_inspection) StderrLine: {'line': b'In file included from \x1b[01m\x1b[K/home/jaeho/sw_projects/my_ros2_ws/src/turtlebot4_factory_inspection/src/bt_runner.cpp:1\x1b[m\x1b[K:\n'}
[2.790921] (turtlebot4_factory_inspection) StderrLine: {'line': b'\x1b[01m\x1b[K/opt/ros/humble/include/behaviortree_cpp_v3/bt_factory.h:364:8:\x1b[m\x1b[K \x1b[01;36m\x1b[Knote: \x1b[m\x1b[Kcandidate: \xe2\x80\x98\x1b[01m\x1b[Ktemplate<class T> void BT::BehaviorTreeFactory::registerNodeType(const string&)\x1b[m\x1b[K\xe2\x80\x99\n'}
[2.790960] (turtlebot4_factory_inspection) StderrLine: {'line': b'  364 |   void \x1b[01;36m\x1b[KregisterNodeType\x1b[m\x1b[K(const std::string& ID)\n'}
[2.790994] (turtlebot4_factory_inspection) StderrLine: {'line': b'      |        \x1b[01;36m\x1b[K^~~~~~~~~~~~~~~~\x1b[m\x1b[K\n'}
[2.791043] (turtlebot4_factory_inspection) StderrLine: {'line': b'\x1b[01m\x1b[K/opt/ros/humble/include/behaviortree_cpp_v3/bt_factory.h:364:8:\x1b[m\x1b[K \x1b[01;36m\x1b[Knote: \x1b[m\x1b[K  template argument deduction/substitution failed:\n'}
[2.791080] (turtlebot4_factory_inspection) StderrLine: {'line': b'\x1b[01m\x1b[K/home/jaeho/sw_projects/my_ros2_ws/src/turtlebot4_factory_inspection/src/bt_runner.cpp:28:41:\x1b[m\x1b[K \x1b[01;31m\x1b[Kerror: \x1b[m\x1b[Ktemplate argument 1 is invalid\n'}
[2.791116] (turtlebot4_factory_inspection) StderrLine: {'line': b'   28 |   \x1b[01;31m\x1b[Kfactory.registerNodeType<AdvanceIndex>("AdvanceIndex")\x1b[m\x1b[K;\n'}
[2.791152] (turtlebot4_factory_inspection) StderrLine: {'line': b'      |   \x1b[01;31m\x1b[K~~~~~~~~~~~~~~~~~~~~~~~~~~~~~~~~~~~~~~^~~~~~~~~~~~~~~~\x1b[m\x1b[K\n'}
[2.791187] (turtlebot4_factory_inspection) StderrLine: {'line': b'In file included from \x1b[01m\x1b[K/home/jaeho/sw_projects/my_ros2_ws/src/turtlebot4_factory_inspection/src/bt_runner.cpp:1\x1b[m\x1b[K:\n'}
[2.791221] (turtlebot4_factory_inspection) StderrLine: {'line': b'\x1b[01m\x1b[K/opt/ros/humble/include/behaviortree_cpp_v3/bt_factory.h:422:8:\x1b[m\x1b[K \x1b[01;36m\x1b[Knote: \x1b[m\x1b[Kcandidate: \xe2\x80\x98\x1b[01m\x1b[Ktemplate<class T> void BT::BehaviorTreeFactory::registerNodeType(const string&, BT::PortsList)\x1b[m\x1b[K\xe2\x80\x99\n'}
[2.791261] (turtlebot4_factory_inspection) StderrLine: {'line': b'  422 |   void \x1b[01;36m\x1b[KregisterNodeType\x1b[m\x1b[K(const std::string& ID, PortsList ports)\n'}
[2.791303] (turtlebot4_factory_inspection) StderrLine: {'line': b'      |        \x1b[01;36m\x1b[K^~~~~~~~~~~~~~~~\x1b[m\x1b[K\n'}
[2.791346] (turtlebot4_factory_inspection) StderrLine: {'line': b'\x1b[01m\x1b[K/opt/ros/humble/include/behaviortree_cpp_v3/bt_factory.h:422:8:\x1b[m\x1b[K \x1b[01;36m\x1b[Knote: \x1b[m\x1b[K  template argument deduction/substitution failed:\n'}
[2.791460] (turtlebot4_factory_inspection) StderrLine: {'line': b'\x1b[01m\x1b[K/home/jaeho/sw_projects/my_ros2_ws/src/turtlebot4_factory_inspection/src/bt_runner.cpp:28:41:\x1b[m\x1b[K \x1b[01;31m\x1b[Kerror: \x1b[m\x1b[Ktemplate argument 1 is invalid\n'}
[2.791499] (turtlebot4_factory_inspection) StderrLine: {'line': b'   28 |   \x1b[01;31m\x1b[Kfactory.registerNodeType<AdvanceIndex>("AdvanceIndex")\x1b[m\x1b[K;\n'}
[2.791535] (turtlebot4_factory_inspection) StderrLine: {'line': b'      |   \x1b[01;31m\x1b[K~~~~~~~~~~~~~~~~~~~~~~~~~~~~~~~~~~~~~~^~~~~~~~~~~~~~~~\x1b[m\x1b[K\n'}
[2.791573] (turtlebot4_factory_inspection) StderrLine: {'line': b'\x1b[01m\x1b[K/home/jaeho/sw_projects/my_ros2_ws/src/turtlebot4_factory_inspection/src/bt_runner.cpp:29:28:\x1b[m\x1b[K \x1b[01;31m\x1b[Kerror: \x1b[m\x1b[K\xe2\x80\x98\x1b[01m\x1b[KCheckIfSetupDone\x1b[m\x1b[K\xe2\x80\x99 was not declared in this scope; did you mean \xe2\x80\x98\x1b[01m\x1b[Kturtlebot4_factory_inspection::CheckIfSetupDone\x1b[m\x1b[K\xe2\x80\x99?\n'}
[2.791675] (turtlebot4_factory_inspection) StderrLine: {'line': b'   29 |   factory.registerNodeType<\x1b[01;31m\x1b[KCheckIfSetupDone\x1b[m\x1b[K>("CheckIfSetupDone");\n'}
[2.791712] (turtlebot4_factory_inspection) StderrLine: {'line': b'      |                            \x1b[01;31m\x1b[K^~~~~~~~~~~~~~~~\x1b[m\x1b[K\n'}
[2.791747] (turtlebot4_factory_inspection) StderrLine: {'line': b'      |                            \x1b[32m\x1b[Kturtlebot4_factory_inspection::CheckIfSetupDone\x1b[m\x1b[K\n'}
[2.791783] (turtlebot4_factory_inspection) StderrLine: {'line': b'In file included from \x1b[01m\x1b[K/home/jaeho/sw_projects/my_ros2_ws/src/turtlebot4_factory_inspection/src/bt_runner.cpp:3\x1b[m\x1b[K:\n'}
[2.791818] (turtlebot4_factory_inspection) StderrLine: {'line': b'\x1b[01m\x1b[K/home/jaeho/sw_projects/my_ros2_ws/src/turtlebot4_factory_inspection/include/turtlebot4_factory_inspection/bt_nodes/CheckIfSetupDone.hpp:8:7:\x1b[m\x1b[K \x1b[01;36m\x1b[Knote: \x1b[m\x1b[K\xe2\x80\x98\x1b[01m\x1b[Kturtlebot4_factory_inspection::CheckIfSetupDone\x1b[m\x1b[K\xe2\x80\x99 declared here\n'}
[2.791948] (turtlebot4_factory_inspection) StderrLine: {'line': b'    8 | class \x1b[01;36m\x1b[KCheckIfSetupDone\x1b[m\x1b[K : public BT::SyncActionNode\n'}
[2.792028] (turtlebot4_factory_inspection) StderrLine: {'line': b'      |       \x1b[01;36m\x1b[K^~~~~~~~~~~~~~~~\x1b[m\x1b[K\n'}
[2.792064] (turtlebot4_factory_inspection) StderrLine: {'line': b'\x1b[01m\x1b[K/home/jaeho/sw_projects/my_ros2_ws/src/turtlebot4_factory_inspection/src/bt_runner.cpp:29:45:\x1b[m\x1b[K \x1b[01;31m\x1b[Kerror: \x1b[m\x1b[Kno matching function for call to \xe2\x80\x98\x1b[01m\x1b[KBT::BehaviorTreeFactory::registerNodeType<<expression error> >(const char [17])\x1b[m\x1b[K\xe2\x80\x99\n'}
[2.792101] (turtlebot4_factory_inspection) StderrLine: {'line': b'   29 |   \x1b[01;31m\x1b[Kfactory.registerNodeType<CheckIfSetupDone>("CheckIfSetupDone")\x1b[m\x1b[K;\n'}
[2.792137] (turtlebot4_factory_inspection) StderrLine: {'line': b'      |   \x1b[01;31m\x1b[K~~~~~~~~~~~~~~~~~~~~~~~~~~~~~~~~~~~~~~~~~~^~~~~~~~~~~~~~~~~~~~\x1b[m\x1b[K\n'}
[2.792172] (turtlebot4_factory_inspection) StderrLine: {'line': b'In file included from \x1b[01m\x1b[K/home/jaeho/sw_projects/my_ros2_ws/src/turtlebot4_factory_inspection/src/bt_runner.cpp:1\x1b[m\x1b[K:\n'}
[2.792213] (turtlebot4_factory_inspection) StderrLine: {'line': b'\x1b[01m\x1b[K/opt/ros/humble/include/behaviortree_cpp_v3/bt_factory.h:364:8:\x1b[m\x1b[K \x1b[01;36m\x1b[Knote: \x1b[m\x1b[Kcandidate: \xe2\x80\x98\x1b[01m\x1b[Ktemplate<class T> void BT::BehaviorTreeFactory::registerNodeType(const string&)\x1b[m\x1b[K\xe2\x80\x99\n'}
[2.792301] (turtlebot4_factory_inspection) StderrLine: {'line': b'  364 |   void \x1b[01;36m\x1b[KregisterNodeType\x1b[m\x1b[K(const std::string& ID)\n'}
[2.792337] (turtlebot4_factory_inspection) StderrLine: {'line': b'      |        \x1b[01;36m\x1b[K^~~~~~~~~~~~~~~~\x1b[m\x1b[K\n'}
[2.792372] (turtlebot4_factory_inspection) StderrLine: {'line': b'\x1b[01m\x1b[K/opt/ros/humble/include/behaviortree_cpp_v3/bt_factory.h:364:8:\x1b[m\x1b[K \x1b[01;36m\x1b[Knote: \x1b[m\x1b[K  template argument deduction/substitution failed:\n'}
[2.792408] (turtlebot4_factory_inspection) StderrLine: {'line': b'\x1b[01m\x1b[K/home/jaeho/sw_projects/my_ros2_ws/src/turtlebot4_factory_inspection/src/bt_runner.cpp:29:45:\x1b[m\x1b[K \x1b[01;31m\x1b[Kerror: \x1b[m\x1b[Ktemplate argument 1 is invalid\n'}
[2.792445] (turtlebot4_factory_inspection) StderrLine: {'line': b'   29 |   \x1b[01;31m\x1b[Kfactory.registerNodeType<CheckIfSetupDone>("CheckIfSetupDone")\x1b[m\x1b[K;\n'}
[2.792494] (turtlebot4_factory_inspection) StderrLine: {'line': b'      |   \x1b[01;31m\x1b[K~~~~~~~~~~~~~~~~~~~~~~~~~~~~~~~~~~~~~~~~~~^~~~~~~~~~~~~~~~~~~~\x1b[m\x1b[K\n'}
[2.792529] (turtlebot4_factory_inspection) StderrLine: {'line': b'In file included from \x1b[01m\x1b[K/home/jaeho/sw_projects/my_ros2_ws/src/turtlebot4_factory_inspection/src/bt_runner.cpp:1\x1b[m\x1b[K:\n'}
[2.792671] (turtlebot4_factory_inspection) StderrLine: {'line': b'\x1b[01m\x1b[K/opt/ros/humble/include/behaviortree_cpp_v3/bt_factory.h:422:8:\x1b[m\x1b[K \x1b[01;36m\x1b[Knote: \x1b[m\x1b[Kcandidate: \xe2\x80\x98\x1b[01m\x1b[Ktemplate<class T> void BT::BehaviorTreeFactory::registerNodeType(const string&, BT::PortsList)\x1b[m\x1b[K\xe2\x80\x99\n'}
[2.792717] (turtlebot4_factory_inspection) StderrLine: {'line': b'  422 |   void \x1b[01;36m\x1b[KregisterNodeType\x1b[m\x1b[K(const std::string& ID, PortsList ports)\n'}
[2.792754] (turtlebot4_factory_inspection) StderrLine: {'line': b'      |        \x1b[01;36m\x1b[K^~~~~~~~~~~~~~~~\x1b[m\x1b[K\n'}
[2.792790] (turtlebot4_factory_inspection) StderrLine: {'line': b'\x1b[01m\x1b[K/opt/ros/humble/include/behaviortree_cpp_v3/bt_factory.h:422:8:\x1b[m\x1b[K \x1b[01;36m\x1b[Knote: \x1b[m\x1b[K  template argument deduction/substitution failed:\n'}
[2.792825] (turtlebot4_factory_inspection) StderrLine: {'line': b'\x1b[01m\x1b[K/home/jaeho/sw_projects/my_ros2_ws/src/turtlebot4_factory_inspection/src/bt_runner.cpp:29:45:\x1b[m\x1b[K \x1b[01;31m\x1b[Kerror: \x1b[m\x1b[Ktemplate argument 1 is invalid\n'}
[2.792860] (turtlebot4_factory_inspection) StderrLine: {'line': b'   29 |   \x1b[01;31m\x1b[Kfactory.registerNodeType<CheckIfSetupDone>("CheckIfSetupDone")\x1b[m\x1b[K;\n'}
[2.792903] (turtlebot4_factory_inspection) StderrLine: {'line': b'      |   \x1b[01;31m\x1b[K~~~~~~~~~~~~~~~~~~~~~~~~~~~~~~~~~~~~~~~~~~^~~~~~~~~~~~~~~~~~~~\x1b[m\x1b[K\n'}
[2.792949] (turtlebot4_factory_inspection) StderrLine: {'line': b'\x1b[01m\x1b[K/home/jaeho/sw_projects/my_ros2_ws/src/turtlebot4_factory_inspection/src/bt_runner.cpp:31:28:\x1b[m\x1b[K \x1b[01;31m\x1b[Kerror: \x1b[m\x1b[K\xe2\x80\x98\x1b[01m\x1b[KIsArrivedAtBase\x1b[m\x1b[K\xe2\x80\x99 was not declared in this scope; did you mean \xe2\x80\x98\x1b[01m\x1b[Kturtlebot4_factory_inspection::IsArrivedAtBase\x1b[m\x1b[K\xe2\x80\x99?\n'}
[2.793172] (turtlebot4_factory_inspection) StderrLine: {'line': b'   31 |   factory.registerNodeType<\x1b[01;31m\x1b[KIsArrivedAtBase\x1b[m\x1b[K>("IsArrivedAtBase");\n'}
[2.793211] (turtlebot4_factory_inspection) StderrLine: {'line': b'      |                            \x1b[01;31m\x1b[K^~~~~~~~~~~~~~~\x1b[m\x1b[K\n'}
[2.793248] (turtlebot4_factory_inspection) StderrLine: {'line': b'      |                            \x1b[32m\x1b[Kturtlebot4_factory_inspection::IsArrivedAtBase\x1b[m\x1b[K\n'}
[2.793283] (turtlebot4_factory_inspection) StderrLine: {'line': b'In file included from \x1b[01m\x1b[K/home/jaeho/sw_projects/my_ros2_ws/src/turtlebot4_factory_inspection/src/bt_runner.cpp:5\x1b[m\x1b[K:\n'}
[2.793319] (turtlebot4_factory_inspection) StderrLine: {'line': b'\x1b[01m\x1b[K/home/jaeho/sw_projects/my_ros2_ws/src/turtlebot4_factory_inspection/include/turtlebot4_factory_inspection/bt_nodes/IsArrivedAtBase.hpp:8:7:\x1b[m\x1b[K \x1b[01;36m\x1b[Knote: \x1b[m\x1b[K\xe2\x80\x98\x1b[01m\x1b[Kturtlebot4_factory_inspection::IsArrivedAtBase\x1b[m\x1b[K\xe2\x80\x99 declared here\n'}
[2.793355] (turtlebot4_factory_inspection) StderrLine: {'line': b'    8 | class \x1b[01;36m\x1b[KIsArrivedAtBase\x1b[m\x1b[K : public BT::SyncActionNode\n'}
[2.793390] (turtlebot4_factory_inspection) StderrLine: {'line': b'      |       \x1b[01;36m\x1b[K^~~~~~~~~~~~~~~\x1b[m\x1b[K\n'}
[2.793425] (turtlebot4_factory_inspection) StderrLine: {'line': b'\x1b[01m\x1b[K/home/jaeho/sw_projects/my_ros2_ws/src/turtlebot4_factory_inspection/src/bt_runner.cpp:31:44:\x1b[m\x1b[K \x1b[01;31m\x1b[Kerror: \x1b[m\x1b[Kno matching function for call to \xe2\x80\x98\x1b[01m\x1b[KBT::BehaviorTreeFactory::registerNodeType<<expression error> >(const char [16])\x1b[m\x1b[K\xe2\x80\x99\n'}
[2.793462] (turtlebot4_factory_inspection) StderrLine: {'line': b'   31 |   \x1b[01;31m\x1b[Kfactory.registerNodeType<IsArrivedAtBase>("IsArrivedAtBase")\x1b[m\x1b[K;\n'}
[2.793497] (turtlebot4_factory_inspection) StderrLine: {'line': b'      |   \x1b[01;31m\x1b[K~~~~~~~~~~~~~~~~~~~~~~~~~~~~~~~~~~~~~~~~~^~~~~~~~~~~~~~~~~~~\x1b[m\x1b[K\n'}
[2.793649] (turtlebot4_factory_inspection) StderrLine: {'line': b'In file included from \x1b[01m\x1b[K/home/jaeho/sw_projects/my_ros2_ws/src/turtlebot4_factory_inspection/src/bt_runner.cpp:1\x1b[m\x1b[K:\n'}
[2.793686] (turtlebot4_factory_inspection) StderrLine: {'line': b'\x1b[01m\x1b[K/opt/ros/humble/include/behaviortree_cpp_v3/bt_factory.h:364:8:\x1b[m\x1b[K \x1b[01;36m\x1b[Knote: \x1b[m\x1b[Kcandidate: \xe2\x80\x98\x1b[01m\x1b[Ktemplate<class T> void BT::BehaviorTreeFactory::registerNodeType(const string&)\x1b[m\x1b[K\xe2\x80\x99\n'}
[2.793723] (turtlebot4_factory_inspection) StderrLine: {'line': b'  364 |   void \x1b[01;36m\x1b[KregisterNodeType\x1b[m\x1b[K(const std::string& ID)\n'}
[2.793758] (turtlebot4_factory_inspection) StderrLine: {'line': b'      |        \x1b[01;36m\x1b[K^~~~~~~~~~~~~~~~\x1b[m\x1b[K\n'}
[2.793793] (turtlebot4_factory_inspection) StderrLine: {'line': b'\x1b[01m\x1b[K/opt/ros/humble/include/behaviortree_cpp_v3/bt_factory.h:364:8:\x1b[m\x1b[K \x1b[01;36m\x1b[Knote: \x1b[m\x1b[K  template argument deduction/substitution failed:\n'}
[2.793827] (turtlebot4_factory_inspection) StderrLine: {'line': b'\x1b[01m\x1b[K/home/jaeho/sw_projects/my_ros2_ws/src/turtlebot4_factory_inspection/src/bt_runner.cpp:31:44:\x1b[m\x1b[K \x1b[01;31m\x1b[Kerror: \x1b[m\x1b[Ktemplate argument 1 is invalid\n'}
[2.793862] (turtlebot4_factory_inspection) StderrLine: {'line': b'   31 |   \x1b[01;31m\x1b[Kfactory.registerNodeType<IsArrivedAtBase>("IsArrivedAtBase")\x1b[m\x1b[K;\n'}
[2.793904] (turtlebot4_factory_inspection) StderrLine: {'line': b'      |   \x1b[01;31m\x1b[K~~~~~~~~~~~~~~~~~~~~~~~~~~~~~~~~~~~~~~~~~^~~~~~~~~~~~~~~~~~~\x1b[m\x1b[K\n'}
[2.793944] (turtlebot4_factory_inspection) StderrLine: {'line': b'In file included from \x1b[01m\x1b[K/home/jaeho/sw_projects/my_ros2_ws/src/turtlebot4_factory_inspection/src/bt_runner.cpp:1\x1b[m\x1b[K:\n'}
[2.793979] (turtlebot4_factory_inspection) StderrLine: {'line': b'\x1b[01m\x1b[K/opt/ros/humble/include/behaviortree_cpp_v3/bt_factory.h:422:8:\x1b[m\x1b[K \x1b[01;36m\x1b[Knote: \x1b[m\x1b[Kcandidate: \xe2\x80\x98\x1b[01m\x1b[Ktemplate<class T> void BT::BehaviorTreeFactory::registerNodeType(const string&, BT::PortsList)\x1b[m\x1b[K\xe2\x80\x99\n'}
[2.794014] (turtlebot4_factory_inspection) StderrLine: {'line': b'  422 |   void \x1b[01;36m\x1b[KregisterNodeType\x1b[m\x1b[K(const std::string& ID, PortsList ports)\n'}
[2.794048] (turtlebot4_factory_inspection) StderrLine: {'line': b'      |        \x1b[01;36m\x1b[K^~~~~~~~~~~~~~~~\x1b[m\x1b[K\n'}
[2.794083] (turtlebot4_factory_inspection) StderrLine: {'line': b'\x1b[01m\x1b[K/opt/ros/humble/include/behaviortree_cpp_v3/bt_factory.h:422:8:\x1b[m\x1b[K \x1b[01;36m\x1b[Knote: \x1b[m\x1b[K  template argument deduction/substitution failed:\n'}
[2.794117] (turtlebot4_factory_inspection) StderrLine: {'line': b'\x1b[01m\x1b[K/home/jaeho/sw_projects/my_ros2_ws/src/turtlebot4_factory_inspection/src/bt_runner.cpp:31:44:\x1b[m\x1b[K \x1b[01;31m\x1b[Kerror: \x1b[m\x1b[Ktemplate argument 1 is invalid\n'}
[2.794152] (turtlebot4_factory_inspection) StderrLine: {'line': b'   31 |   \x1b[01;31m\x1b[Kfactory.registerNodeType<IsArrivedAtBase>("IsArrivedAtBase")\x1b[m\x1b[K;\n'}
[2.794187] (turtlebot4_factory_inspection) StderrLine: {'line': b'      |   \x1b[01;31m\x1b[K~~~~~~~~~~~~~~~~~~~~~~~~~~~~~~~~~~~~~~~~~^~~~~~~~~~~~~~~~~~~\x1b[m\x1b[K\n'}
[2.794221] (turtlebot4_factory_inspection) StderrLine: {'line': b'\x1b[01m\x1b[K/home/jaeho/sw_projects/my_ros2_ws/src/turtlebot4_factory_inspection/src/bt_runner.cpp:32:28:\x1b[m\x1b[K \x1b[01;31m\x1b[Kerror: \x1b[m\x1b[K\xe2\x80\x98\x1b[01m\x1b[KIsArrivedAtTarget\x1b[m\x1b[K\xe2\x80\x99 was not declared in this scope; did you mean \xe2\x80\x98\x1b[01m\x1b[Kturtlebot4_factory_inspection::IsArrivedAtTarget\x1b[m\x1b[K\xe2\x80\x99?\n'}
[2.794258] (turtlebot4_factory_inspection) StderrLine: {'line': b'   32 |   factory.registerNodeType<\x1b[01;31m\x1b[KIsArrivedAtTarget\x1b[m\x1b[K>("IsArrivedAtTarget");\n'}
[2.794295] (turtlebot4_factory_inspection) StderrLine: {'line': b'      |                            \x1b[01;31m\x1b[K^~~~~~~~~~~~~~~~~\x1b[m\x1b[K\n'}
[2.794331] (turtlebot4_factory_inspection) StderrLine: {'line': b'      |                            \x1b[32m\x1b[Kturtlebot4_factory_inspection::IsArrivedAtTarget\x1b[m\x1b[K\n'}
[2.794366] (turtlebot4_factory_inspection) StderrLine: {'line': b'In file included from \x1b[01m\x1b[K/home/jaeho/sw_projects/my_ros2_ws/src/turtlebot4_factory_inspection/src/bt_runner.cpp:6\x1b[m\x1b[K:\n'}
[2.794401] (turtlebot4_factory_inspection) StderrLine: {'line': b'\x1b[01m\x1b[K/home/jaeho/sw_projects/my_ros2_ws/src/turtlebot4_factory_inspection/include/turtlebot4_factory_inspection/bt_nodes/IsArrivedAtTarget.hpp:13:7:\x1b[m\x1b[K \x1b[01;36m\x1b[Knote: \x1b[m\x1b[K\xe2\x80\x98\x1b[01m\x1b[Kturtlebot4_factory_inspection::IsArrivedAtTarget\x1b[m\x1b[K\xe2\x80\x99 declared here\n'}
[2.794437] (turtlebot4_factory_inspection) StderrLine: {'line': b'   13 | class \x1b[01;36m\x1b[KIsArrivedAtTarget\x1b[m\x1b[K : public BT::ConditionNode\n'}
[2.794471] (turtlebot4_factory_inspection) StderrLine: {'line': b'      |       \x1b[01;36m\x1b[K^~~~~~~~~~~~~~~~~\x1b[m\x1b[K\n'}
[2.794505] (turtlebot4_factory_inspection) StderrLine: {'line': b'\x1b[01m\x1b[K/home/jaeho/sw_projects/my_ros2_ws/src/turtlebot4_factory_inspection/src/bt_runner.cpp:32:46:\x1b[m\x1b[K \x1b[01;31m\x1b[Kerror: \x1b[m\x1b[Kno matching function for call to \xe2\x80\x98\x1b[01m\x1b[KBT::BehaviorTreeFactory::registerNodeType<<expression error> >(const char [18])\x1b[m\x1b[K\xe2\x80\x99\n'}
[2.794541] (turtlebot4_factory_inspection) StderrLine: {'line': b'   32 |   \x1b[01;31m\x1b[Kfactory.registerNodeType<IsArrivedAtTarget>("IsArrivedAtTarget")\x1b[m\x1b[K;\n'}
[2.794575] (turtlebot4_factory_inspection) StderrLine: {'line': b'      |   \x1b[01;31m\x1b[K~~~~~~~~~~~~~~~~~~~~~~~~~~~~~~~~~~~~~~~~~~~^~~~~~~~~~~~~~~~~~~~~\x1b[m\x1b[K\n'}
[2.794609] (turtlebot4_factory_inspection) StderrLine: {'line': b'In file included from \x1b[01m\x1b[K/home/jaeho/sw_projects/my_ros2_ws/src/turtlebot4_factory_inspection/src/bt_runner.cpp:1\x1b[m\x1b[K:\n'}
[2.794644] (turtlebot4_factory_inspection) StderrLine: {'line': b'\x1b[01m\x1b[K/opt/ros/humble/include/behaviortree_cpp_v3/bt_factory.h:364:8:\x1b[m\x1b[K \x1b[01;36m\x1b[Knote: \x1b[m\x1b[Kcandidate: \xe2\x80\x98\x1b[01m\x1b[Ktemplate<class T> void BT::BehaviorTreeFactory::registerNodeType(const string&)\x1b[m\x1b[K\xe2\x80\x99\n'}
[2.794679] (turtlebot4_factory_inspection) StderrLine: {'line': b'  364 |   void \x1b[01;36m\x1b[KregisterNodeType\x1b[m\x1b[K(const std::string& ID)\n'}
[2.794714] (turtlebot4_factory_inspection) StderrLine: {'line': b'      |        \x1b[01;36m\x1b[K^~~~~~~~~~~~~~~~\x1b[m\x1b[K\n'}
[2.794748] (turtlebot4_factory_inspection) StderrLine: {'line': b'\x1b[01m\x1b[K/opt/ros/humble/include/behaviortree_cpp_v3/bt_factory.h:364:8:\x1b[m\x1b[K \x1b[01;36m\x1b[Knote: \x1b[m\x1b[K  template argument deduction/substitution failed:\n'}
[2.794782] (turtlebot4_factory_inspection) StderrLine: {'line': b'\x1b[01m\x1b[K/home/jaeho/sw_projects/my_ros2_ws/src/turtlebot4_factory_inspection/src/bt_runner.cpp:32:46:\x1b[m\x1b[K \x1b[01;31m\x1b[Kerror: \x1b[m\x1b[Ktemplate argument 1 is invalid\n'}
[2.794818] (turtlebot4_factory_inspection) StderrLine: {'line': b'   32 |   \x1b[01;31m\x1b[Kfactory.registerNodeType<IsArrivedAtTarget>("IsArrivedAtTarget")\x1b[m\x1b[K;\n'}
[2.794853] (turtlebot4_factory_inspection) StderrLine: {'line': b'      |   \x1b[01;31m\x1b[K~~~~~~~~~~~~~~~~~~~~~~~~~~~~~~~~~~~~~~~~~~~^~~~~~~~~~~~~~~~~~~~~\x1b[m\x1b[K\n'}
[2.794892] (turtlebot4_factory_inspection) StderrLine: {'line': b'In file included from \x1b[01m\x1b[K/home/jaeho/sw_projects/my_ros2_ws/src/turtlebot4_factory_inspection/src/bt_runner.cpp:1\x1b[m\x1b[K:\n'}
[2.794930] (turtlebot4_factory_inspection) StderrLine: {'line': b'\x1b[01m\x1b[K/opt/ros/humble/include/behaviortree_cpp_v3/bt_factory.h:422:8:\x1b[m\x1b[K \x1b[01;36m\x1b[Knote: \x1b[m\x1b[Kcandidate: \xe2\x80\x98\x1b[01m\x1b[Ktemplate<class T> void BT::BehaviorTreeFactory::registerNodeType(const string&, BT::PortsList)\x1b[m\x1b[K\xe2\x80\x99\n'}
[2.794968] (turtlebot4_factory_inspection) StderrLine: {'line': b'  422 |   void \x1b[01;36m\x1b[KregisterNodeType\x1b[m\x1b[K(const std::string& ID, PortsList ports)\n'}
[2.795003] (turtlebot4_factory_inspection) StderrLine: {'line': b'      |        \x1b[01;36m\x1b[K^~~~~~~~~~~~~~~~\x1b[m\x1b[K\n'}
[2.795037] (turtlebot4_factory_inspection) StderrLine: {'line': b'\x1b[01m\x1b[K/opt/ros/humble/include/behaviortree_cpp_v3/bt_factory.h:422:8:\x1b[m\x1b[K \x1b[01;36m\x1b[Knote: \x1b[m\x1b[K  template argument deduction/substitution failed:\n'}
[2.795074] (turtlebot4_factory_inspection) StderrLine: {'line': b'\x1b[01m\x1b[K/home/jaeho/sw_projects/my_ros2_ws/src/turtlebot4_factory_inspection/src/bt_runner.cpp:32:46:\x1b[m\x1b[K \x1b[01;31m\x1b[Kerror: \x1b[m\x1b[Ktemplate argument 1 is invalid\n'}
[2.795109] (turtlebot4_factory_inspection) StderrLine: {'line': b'   32 |   \x1b[01;31m\x1b[Kfactory.registerNodeType<IsArrivedAtTarget>("IsArrivedAtTarget")\x1b[m\x1b[K;\n'}
[2.795145] (turtlebot4_factory_inspection) StderrLine: {'line': b'      |   \x1b[01;31m\x1b[K~~~~~~~~~~~~~~~~~~~~~~~~~~~~~~~~~~~~~~~~~~~^~~~~~~~~~~~~~~~~~~~~\x1b[m\x1b[K\n'}
[2.795180] (turtlebot4_factory_inspection) StderrLine: {'line': b'\x1b[01m\x1b[K/home/jaeho/sw_projects/my_ros2_ws/src/turtlebot4_factory_inspection/src/bt_runner.cpp:34:28:\x1b[m\x1b[K \x1b[01;31m\x1b[Kerror: \x1b[m\x1b[K\xe2\x80\x98\x1b[01m\x1b[KIsNomoreTask\x1b[m\x1b[K\xe2\x80\x99 was not declared in this scope; did you mean \xe2\x80\x98\x1b[01m\x1b[Kturtlebot4_factory_inspection::IsNomoreTask\x1b[m\x1b[K\xe2\x80\x99?\n'}
[2.795216] (turtlebot4_factory_inspection) StderrLine: {'line': b'   34 |   factory.registerNodeType<\x1b[01;31m\x1b[KIsNomoreTask\x1b[m\x1b[K>("IsNomoreTask");\n'}
[2.795252] (turtlebot4_factory_inspection) StderrLine: {'line': b'      |                            \x1b[01;31m\x1b[K^~~~~~~~~~~~\x1b[m\x1b[K\n'}
[2.795288] (turtlebot4_factory_inspection) StderrLine: {'line': b'      |                            \x1b[32m\x1b[Kturtlebot4_factory_inspection::IsNomoreTask\x1b[m\x1b[K\n'}
[2.795323] (turtlebot4_factory_inspection) StderrLine: {'line': b'In file included from \x1b[01m\x1b[K/home/jaeho/sw_projects/my_ros2_ws/src/turtlebot4_factory_inspection/src/bt_runner.cpp:7\x1b[m\x1b[K:\n'}
[2.795357] (turtlebot4_factory_inspection) StderrLine: {'line': b'\x1b[01m\x1b[K/home/jaeho/sw_projects/my_ros2_ws/src/turtlebot4_factory_inspection/include/turtlebot4_factory_inspection/bt_nodes/IsNomoreTask.hpp:8:7:\x1b[m\x1b[K \x1b[01;36m\x1b[Knote: \x1b[m\x1b[K\xe2\x80\x98\x1b[01m\x1b[Kturtlebot4_factory_inspection::IsNomoreTask\x1b[m\x1b[K\xe2\x80\x99 declared here\n'}
[2.795395] (turtlebot4_factory_inspection) StderrLine: {'line': b'    8 | class \x1b[01;36m\x1b[KIsNomoreTask\x1b[m\x1b[K : public BT::SyncActionNode\n'}
[2.795431] (turtlebot4_factory_inspection) StderrLine: {'line': b'      |       \x1b[01;36m\x1b[K^~~~~~~~~~~~\x1b[m\x1b[K\n'}
[2.795467] (turtlebot4_factory_inspection) StderrLine: {'line': b'\x1b[01m\x1b[K/home/jaeho/sw_projects/my_ros2_ws/src/turtlebot4_factory_inspection/src/bt_runner.cpp:34:41:\x1b[m\x1b[K \x1b[01;31m\x1b[Kerror: \x1b[m\x1b[Kno matching function for call to \xe2\x80\x98\x1b[01m\x1b[KBT::BehaviorTreeFactory::registerNodeType<<expression error> >(const char [13])\x1b[m\x1b[K\xe2\x80\x99\n'}
[2.795503] (turtlebot4_factory_inspection) StderrLine: {'line': b'   34 |   \x1b[01;31m\x1b[Kfactory.registerNodeType<IsNomoreTask>("IsNomoreTask")\x1b[m\x1b[K;\n'}
[2.795538] (turtlebot4_factory_inspection) StderrLine: {'line': b'      |   \x1b[01;31m\x1b[K~~~~~~~~~~~~~~~~~~~~~~~~~~~~~~~~~~~~~~^~~~~~~~~~~~~~~~\x1b[m\x1b[K\n'}
[2.795573] (turtlebot4_factory_inspection) StderrLine: {'line': b'In file included from \x1b[01m\x1b[K/home/jaeho/sw_projects/my_ros2_ws/src/turtlebot4_factory_inspection/src/bt_runner.cpp:1\x1b[m\x1b[K:\n'}
[2.795608] (turtlebot4_factory_inspection) StderrLine: {'line': b'\x1b[01m\x1b[K/opt/ros/humble/include/behaviortree_cpp_v3/bt_factory.h:364:8:\x1b[m\x1b[K \x1b[01;36m\x1b[Knote: \x1b[m\x1b[Kcandidate: \xe2\x80\x98\x1b[01m\x1b[Ktemplate<class T> void BT::BehaviorTreeFactory::registerNodeType(const string&)\x1b[m\x1b[K\xe2\x80\x99\n'}
[2.795646] (turtlebot4_factory_inspection) StderrLine: {'line': b'  364 |   void \x1b[01;36m\x1b[KregisterNodeType\x1b[m\x1b[K(const std::string& ID)\n'}
[2.795680] (turtlebot4_factory_inspection) StderrLine: {'line': b'      |        \x1b[01;36m\x1b[K^~~~~~~~~~~~~~~~\x1b[m\x1b[K\n'}
[2.795715] (turtlebot4_factory_inspection) StderrLine: {'line': b'\x1b[01m\x1b[K/opt/ros/humble/include/behaviortree_cpp_v3/bt_factory.h:364:8:\x1b[m\x1b[K \x1b[01;36m\x1b[Knote: \x1b[m\x1b[K  template argument deduction/substitution failed:\n'}
[2.795750] (turtlebot4_factory_inspection) StderrLine: {'line': b'\x1b[01m\x1b[K/home/jaeho/sw_projects/my_ros2_ws/src/turtlebot4_factory_inspection/src/bt_runner.cpp:34:41:\x1b[m\x1b[K \x1b[01;31m\x1b[Kerror: \x1b[m\x1b[Ktemplate argument 1 is invalid\n'}
[2.795785] (turtlebot4_factory_inspection) StderrLine: {'line': b'   34 |   \x1b[01;31m\x1b[Kfactory.registerNodeType<IsNomoreTask>("IsNomoreTask")\x1b[m\x1b[K;\n'}
[2.795819] (turtlebot4_factory_inspection) StderrLine: {'line': b'      |   \x1b[01;31m\x1b[K~~~~~~~~~~~~~~~~~~~~~~~~~~~~~~~~~~~~~~^~~~~~~~~~~~~~~~\x1b[m\x1b[K\n'}
[2.795854] (turtlebot4_factory_inspection) StderrLine: {'line': b'In file included from \x1b[01m\x1b[K/home/jaeho/sw_projects/my_ros2_ws/src/turtlebot4_factory_inspection/src/bt_runner.cpp:1\x1b[m\x1b[K:\n'}
[2.795892] (turtlebot4_factory_inspection) StderrLine: {'line': b'\x1b[01m\x1b[K/opt/ros/humble/include/behaviortree_cpp_v3/bt_factory.h:422:8:\x1b[m\x1b[K \x1b[01;36m\x1b[Knote: \x1b[m\x1b[Kcandidate: \xe2\x80\x98\x1b[01m\x1b[Ktemplate<class T> void BT::BehaviorTreeFactory::registerNodeType(const string&, BT::PortsList)\x1b[m\x1b[K\xe2\x80\x99\n'}
[2.795930] (turtlebot4_factory_inspection) StderrLine: {'line': b'  422 |   void \x1b[01;36m\x1b[KregisterNodeType\x1b[m\x1b[K(const std::string& ID, PortsList ports)\n'}
[2.795967] (turtlebot4_factory_inspection) StderrLine: {'line': b'      |        \x1b[01;36m\x1b[K^~~~~~~~~~~~~~~~\x1b[m\x1b[K\n'}
[2.796002] (turtlebot4_factory_inspection) StderrLine: {'line': b'\x1b[01m\x1b[K/opt/ros/humble/include/behaviortree_cpp_v3/bt_factory.h:422:8:\x1b[m\x1b[K \x1b[01;36m\x1b[Knote: \x1b[m\x1b[K  template argument deduction/substitution failed:\n'}
[2.796037] (turtlebot4_factory_inspection) StderrLine: {'line': b'\x1b[01m\x1b[K/home/jaeho/sw_projects/my_ros2_ws/src/turtlebot4_factory_inspection/src/bt_runner.cpp:34:41:\x1b[m\x1b[K \x1b[01;31m\x1b[Kerror: \x1b[m\x1b[Ktemplate argument 1 is invalid\n'}
[2.796072] (turtlebot4_factory_inspection) StderrLine: {'line': b'   34 |   \x1b[01;31m\x1b[Kfactory.registerNodeType<IsNomoreTask>("IsNomoreTask")\x1b[m\x1b[K;\n'}
[2.796107] (turtlebot4_factory_inspection) StderrLine: {'line': b'      |   \x1b[01;31m\x1b[K~~~~~~~~~~~~~~~~~~~~~~~~~~~~~~~~~~~~~~^~~~~~~~~~~~~~~~\x1b[m\x1b[K\n'}
[2.796142] (turtlebot4_factory_inspection) StderrLine: {'line': b'\x1b[01m\x1b[K/home/jaeho/sw_projects/my_ros2_ws/src/turtlebot4_factory_inspection/src/bt_runner.cpp:35:28:\x1b[m\x1b[K \x1b[01;31m\x1b[Kerror: \x1b[m\x1b[K\xe2\x80\x98\x1b[01m\x1b[KReturnToBase\x1b[m\x1b[K\xe2\x80\x99 was not declared in this scope; did you mean \xe2\x80\x98\x1b[01m\x1b[Kturtlebot4_factory_inspection::ReturnToBase\x1b[m\x1b[K\xe2\x80\x99?\n'}
[2.796178] (turtlebot4_factory_inspection) StderrLine: {'line': b'   35 |   factory.registerNodeType<\x1b[01;31m\x1b[KReturnToBase\x1b[m\x1b[K>("ReturnToBase");\n'}
[2.796215] (turtlebot4_factory_inspection) StderrLine: {'line': b'      |                            \x1b[01;31m\x1b[K^~~~~~~~~~~~\x1b[m\x1b[K\n'}
[2.796250] (turtlebot4_factory_inspection) StderrLine: {'line': b'      |                            \x1b[32m\x1b[Kturtlebot4_factory_inspection::ReturnToBase\x1b[m\x1b[K\n'}
[2.796284] (turtlebot4_factory_inspection) StderrLine: {'line': b'In file included from \x1b[01m\x1b[K/home/jaeho/sw_projects/my_ros2_ws/src/turtlebot4_factory_inspection/src/bt_runner.cpp:9\x1b[m\x1b[K:\n'}
[2.796321] (turtlebot4_factory_inspection) StderrLine: {'line': b'\x1b[01m\x1b[K/home/jaeho/sw_projects/my_ros2_ws/src/turtlebot4_factory_inspection/include/turtlebot4_factory_inspection/bt_nodes/ReturnToBase.hpp:8:7:\x1b[m\x1b[K \x1b[01;36m\x1b[Knote: \x1b[m\x1b[K\xe2\x80\x98\x1b[01m\x1b[Kturtlebot4_factory_inspection::ReturnToBase\x1b[m\x1b[K\xe2\x80\x99 declared here\n'}
[2.796357] (turtlebot4_factory_inspection) StderrLine: {'line': b'    8 | class \x1b[01;36m\x1b[KReturnToBase\x1b[m\x1b[K : public BT::SyncActionNode\n'}
[2.796391] (turtlebot4_factory_inspection) StderrLine: {'line': b'      |       \x1b[01;36m\x1b[K^~~~~~~~~~~~\x1b[m\x1b[K\n'}
[2.796425] (turtlebot4_factory_inspection) StderrLine: {'line': b'\x1b[01m\x1b[K/home/jaeho/sw_projects/my_ros2_ws/src/turtlebot4_factory_inspection/src/bt_runner.cpp:35:41:\x1b[m\x1b[K \x1b[01;31m\x1b[Kerror: \x1b[m\x1b[Kno matching function for call to \xe2\x80\x98\x1b[01m\x1b[KBT::BehaviorTreeFactory::registerNodeType<<expression error> >(const char [13])\x1b[m\x1b[K\xe2\x80\x99\n'}
[2.796544] (turtlebot4_factory_inspection) StderrLine: {'line': b'   35 |   \x1b[01;31m\x1b[Kfactory.registerNodeType<ReturnToBase>("ReturnToBase")\x1b[m\x1b[K;\n'}
[2.796579] (turtlebot4_factory_inspection) StderrLine: {'line': b'      |   \x1b[01;31m\x1b[K~~~~~~~~~~~~~~~~~~~~~~~~~~~~~~~~~~~~~~^~~~~~~~~~~~~~~~\x1b[m\x1b[K\n'}
[2.796611] (turtlebot4_factory_inspection) StderrLine: {'line': b'In file included from \x1b[01m\x1b[K/home/jaeho/sw_projects/my_ros2_ws/src/turtlebot4_factory_inspection/src/bt_runner.cpp:1\x1b[m\x1b[K:\n'}
[2.796643] (turtlebot4_factory_inspection) StderrLine: {'line': b'\x1b[01m\x1b[K/opt/ros/humble/include/behaviortree_cpp_v3/bt_factory.h:364:8:\x1b[m\x1b[K \x1b[01;36m\x1b[Knote: \x1b[m\x1b[Kcandidate: \xe2\x80\x98\x1b[01m\x1b[Ktemplate<class T> void BT::BehaviorTreeFactory::registerNodeType(const string&)\x1b[m\x1b[K\xe2\x80\x99\n'}
[2.796676] (turtlebot4_factory_inspection) StderrLine: {'line': b'  364 |   void \x1b[01;36m\x1b[KregisterNodeType\x1b[m\x1b[K(const std::string& ID)\n'}
[2.796708] (turtlebot4_factory_inspection) StderrLine: {'line': b'      |        \x1b[01;36m\x1b[K^~~~~~~~~~~~~~~~\x1b[m\x1b[K\n'}
[2.796741] (turtlebot4_factory_inspection) StderrLine: {'line': b'\x1b[01m\x1b[K/opt/ros/humble/include/behaviortree_cpp_v3/bt_factory.h:364:8:\x1b[m\x1b[K \x1b[01;36m\x1b[Knote: \x1b[m\x1b[K  template argument deduction/substitution failed:\n'}
[2.796773] (turtlebot4_factory_inspection) StderrLine: {'line': b'\x1b[01m\x1b[K/home/jaeho/sw_projects/my_ros2_ws/src/turtlebot4_factory_inspection/src/bt_runner.cpp:35:41:\x1b[m\x1b[K \x1b[01;31m\x1b[Kerror: \x1b[m\x1b[Ktemplate argument 1 is invalid\n'}
[2.796806] (turtlebot4_factory_inspection) StderrLine: {'line': b'   35 |   \x1b[01;31m\x1b[Kfactory.registerNodeType<ReturnToBase>("ReturnToBase")\x1b[m\x1b[K;\n'}
[2.796838] (turtlebot4_factory_inspection) StderrLine: {'line': b'      |   \x1b[01;31m\x1b[K~~~~~~~~~~~~~~~~~~~~~~~~~~~~~~~~~~~~~~^~~~~~~~~~~~~~~~\x1b[m\x1b[K\n'}
[2.796871] (turtlebot4_factory_inspection) StderrLine: {'line': b'In file included from \x1b[01m\x1b[K/home/jaeho/sw_projects/my_ros2_ws/src/turtlebot4_factory_inspection/src/bt_runner.cpp:1\x1b[m\x1b[K:\n'}
[2.796908] (turtlebot4_factory_inspection) StderrLine: {'line': b'\x1b[01m\x1b[K/opt/ros/humble/include/behaviortree_cpp_v3/bt_factory.h:422:8:\x1b[m\x1b[K \x1b[01;36m\x1b[Knote: \x1b[m\x1b[Kcandidate: \xe2\x80\x98\x1b[01m\x1b[Ktemplate<class T> void BT::BehaviorTreeFactory::registerNodeType(const string&, BT::PortsList)\x1b[m\x1b[K\xe2\x80\x99\n'}
[2.796941] (turtlebot4_factory_inspection) StderrLine: {'line': b'  422 |   void \x1b[01;36m\x1b[KregisterNodeType\x1b[m\x1b[K(const std::string& ID, PortsList ports)\n'}
[2.796974] (turtlebot4_factory_inspection) StderrLine: {'line': b'      |        \x1b[01;36m\x1b[K^~~~~~~~~~~~~~~~\x1b[m\x1b[K\n'}
[2.797006] (turtlebot4_factory_inspection) StderrLine: {'line': b'\x1b[01m\x1b[K/opt/ros/humble/include/behaviortree_cpp_v3/bt_factory.h:422:8:\x1b[m\x1b[K \x1b[01;36m\x1b[Knote: \x1b[m\x1b[K  template argument deduction/substitution failed:\n'}
[2.797041] (turtlebot4_factory_inspection) StderrLine: {'line': b'\x1b[01m\x1b[K/home/jaeho/sw_projects/my_ros2_ws/src/turtlebot4_factory_inspection/src/bt_runner.cpp:35:41:\x1b[m\x1b[K \x1b[01;31m\x1b[Kerror: \x1b[m\x1b[Ktemplate argument 1 is invalid\n'}
[2.797073] (turtlebot4_factory_inspection) StderrLine: {'line': b'   35 |   \x1b[01;31m\x1b[Kfactory.registerNodeType<ReturnToBase>("ReturnToBase")\x1b[m\x1b[K;\n'}
[2.797105] (turtlebot4_factory_inspection) StderrLine: {'line': b'      |   \x1b[01;31m\x1b[K~~~~~~~~~~~~~~~~~~~~~~~~~~~~~~~~~~~~~~^~~~~~~~~~~~~~~~\x1b[m\x1b[K\n'}
[2.797137] (turtlebot4_factory_inspection) StderrLine: {'line': b'\x1b[01m\x1b[K/home/jaeho/sw_projects/my_ros2_ws/src/turtlebot4_factory_inspection/src/bt_runner.cpp:36:28:\x1b[m\x1b[K \x1b[01;31m\x1b[Kerror: \x1b[m\x1b[K\xe2\x80\x98\x1b[01m\x1b[KSetAngle\x1b[m\x1b[K\xe2\x80\x99 was not declared in this scope; did you mean \xe2\x80\x98\x1b[01m\x1b[Kturtlebot4_factory_inspection::SetAngle\x1b[m\x1b[K\xe2\x80\x99?\n'}
[2.797172] (turtlebot4_factory_inspection) StderrLine: {'line': b'   36 |   factory.registerNodeType<\x1b[01;31m\x1b[KSetAngle\x1b[m\x1b[K>("SetAngle");\n'}
[2.797204] (turtlebot4_factory_inspection) StderrLine: {'line': b'      |                            \x1b[01;31m\x1b[K^~~~~~~~\x1b[m\x1b[K\n'}
[2.797236] (turtlebot4_factory_inspection) StderrLine: {'line': b'      |                            \x1b[32m\x1b[Kturtlebot4_factory_inspection::SetAngle\x1b[m\x1b[K\n'}
[2.797269] (turtlebot4_factory_inspection) StderrLine: {'line': b'In file included from \x1b[01m\x1b[K/home/jaeho/sw_projects/my_ros2_ws/src/turtlebot4_factory_inspection/src/bt_runner.cpp:10\x1b[m\x1b[K:\n'}
[2.797301] (turtlebot4_factory_inspection) StderrLine: {'line': b'\x1b[01m\x1b[K/home/jaeho/sw_projects/my_ros2_ws/src/turtlebot4_factory_inspection/include/turtlebot4_factory_inspection/bt_nodes/SetAngle.hpp:8:7:\x1b[m\x1b[K \x1b[01;36m\x1b[Knote: \x1b[m\x1b[K\xe2\x80\x98\x1b[01m\x1b[Kturtlebot4_factory_inspection::SetAngle\x1b[m\x1b[K\xe2\x80\x99 declared here\n'}
[2.797334] (turtlebot4_factory_inspection) StderrLine: {'line': b'    8 | class \x1b[01;36m\x1b[KSetAngle\x1b[m\x1b[K : public BT::SyncActionNode\n'}
[2.797365] (turtlebot4_factory_inspection) StderrLine: {'line': b'      |       \x1b[01;36m\x1b[K^~~~~~~~\x1b[m\x1b[K\n'}
[2.797396] (turtlebot4_factory_inspection) StderrLine: {'line': b'\x1b[01m\x1b[K/home/jaeho/sw_projects/my_ros2_ws/src/turtlebot4_factory_inspection/src/bt_runner.cpp:36:37:\x1b[m\x1b[K \x1b[01;31m\x1b[Kerror: \x1b[m\x1b[Kno matching function for call to \xe2\x80\x98\x1b[01m\x1b[KBT::BehaviorTreeFactory::registerNodeType<<expression error> >(const char [9])\x1b[m\x1b[K\xe2\x80\x99\n'}
[2.797431] (turtlebot4_factory_inspection) StderrLine: {'line': b'   36 |   \x1b[01;31m\x1b[Kfactory.registerNodeType<SetAngle>("SetAngle")\x1b[m\x1b[K;\n'}
[2.797464] (turtlebot4_factory_inspection) StderrLine: {'line': b'      |   \x1b[01;31m\x1b[K~~~~~~~~~~~~~~~~~~~~~~~~~~~~~~~~~~^~~~~~~~~~~~\x1b[m\x1b[K\n'}
[2.797496] (turtlebot4_factory_inspection) StderrLine: {'line': b'In file included from \x1b[01m\x1b[K/home/jaeho/sw_projects/my_ros2_ws/src/turtlebot4_factory_inspection/src/bt_runner.cpp:1\x1b[m\x1b[K:\n'}
[2.797529] (turtlebot4_factory_inspection) StderrLine: {'line': b'\x1b[01m\x1b[K/opt/ros/humble/include/behaviortree_cpp_v3/bt_factory.h:364:8:\x1b[m\x1b[K \x1b[01;36m\x1b[Knote: \x1b[m\x1b[Kcandidate: \xe2\x80\x98\x1b[01m\x1b[Ktemplate<class T> void BT::BehaviorTreeFactory::registerNodeType(const string&)\x1b[m\x1b[K\xe2\x80\x99\n'}
[2.797562] (turtlebot4_factory_inspection) StderrLine: {'line': b'  364 |   void \x1b[01;36m\x1b[KregisterNodeType\x1b[m\x1b[K(const std::string& ID)\n'}
[2.797595] (turtlebot4_factory_inspection) StderrLine: {'line': b'      |        \x1b[01;36m\x1b[K^~~~~~~~~~~~~~~~\x1b[m\x1b[K\n'}
[2.797627] (turtlebot4_factory_inspection) StderrLine: {'line': b'\x1b[01m\x1b[K/opt/ros/humble/include/behaviortree_cpp_v3/bt_factory.h:364:8:\x1b[m\x1b[K \x1b[01;36m\x1b[Knote: \x1b[m\x1b[K  template argument deduction/substitution failed:\n'}
[2.797664] (turtlebot4_factory_inspection) StderrLine: {'line': b'\x1b[01m\x1b[K/home/jaeho/sw_projects/my_ros2_ws/src/turtlebot4_factory_inspection/src/bt_runner.cpp:36:37:\x1b[m\x1b[K \x1b[01;31m\x1b[Kerror: \x1b[m\x1b[Ktemplate argument 1 is invalid\n'}
[2.797696] (turtlebot4_factory_inspection) StderrLine: {'line': b'   36 |   \x1b[01;31m\x1b[Kfactory.registerNodeType<SetAngle>("SetAngle")\x1b[m\x1b[K;\n'}
[2.797728] (turtlebot4_factory_inspection) StderrLine: {'line': b'      |   \x1b[01;31m\x1b[K~~~~~~~~~~~~~~~~~~~~~~~~~~~~~~~~~~^~~~~~~~~~~~\x1b[m\x1b[K\n'}
[2.797761] (turtlebot4_factory_inspection) StderrLine: {'line': b'In file included from \x1b[01m\x1b[K/home/jaeho/sw_projects/my_ros2_ws/src/turtlebot4_factory_inspection/src/bt_runner.cpp:1\x1b[m\x1b[K:\n'}
[2.797794] (turtlebot4_factory_inspection) StderrLine: {'line': b'\x1b[01m\x1b[K/opt/ros/humble/include/behaviortree_cpp_v3/bt_factory.h:422:8:\x1b[m\x1b[K \x1b[01;36m\x1b[Knote: \x1b[m\x1b[Kcandidate: \xe2\x80\x98\x1b[01m\x1b[Ktemplate<class T> void BT::BehaviorTreeFactory::registerNodeType(const string&, BT::PortsList)\x1b[m\x1b[K\xe2\x80\x99\n'}
[2.797827] (turtlebot4_factory_inspection) StderrLine: {'line': b'  422 |   void \x1b[01;36m\x1b[KregisterNodeType\x1b[m\x1b[K(const std::string& ID, PortsList ports)\n'}
[2.797859] (turtlebot4_factory_inspection) StderrLine: {'line': b'      |        \x1b[01;36m\x1b[K^~~~~~~~~~~~~~~~\x1b[m\x1b[K\n'}
[2.797894] (turtlebot4_factory_inspection) StderrLine: {'line': b'\x1b[01m\x1b[K/opt/ros/humble/include/behaviortree_cpp_v3/bt_factory.h:422:8:\x1b[m\x1b[K \x1b[01;36m\x1b[Knote: \x1b[m\x1b[K  template argument deduction/substitution failed:\n'}
[2.797928] (turtlebot4_factory_inspection) StderrLine: {'line': b'\x1b[01m\x1b[K/home/jaeho/sw_projects/my_ros2_ws/src/turtlebot4_factory_inspection/src/bt_runner.cpp:36:37:\x1b[m\x1b[K \x1b[01;31m\x1b[Kerror: \x1b[m\x1b[Ktemplate argument 1 is invalid\n'}
[2.797961] (turtlebot4_factory_inspection) StderrLine: {'line': b'   36 |   \x1b[01;31m\x1b[Kfactory.registerNodeType<SetAngle>("SetAngle")\x1b[m\x1b[K;\n'}
[2.797994] (turtlebot4_factory_inspection) StderrLine: {'line': b'      |   \x1b[01;31m\x1b[K~~~~~~~~~~~~~~~~~~~~~~~~~~~~~~~~~~^~~~~~~~~~~~\x1b[m\x1b[K\n'}
[2.798028] (turtlebot4_factory_inspection) StderrLine: {'line': b'\x1b[01m\x1b[K/home/jaeho/sw_projects/my_ros2_ws/src/turtlebot4_factory_inspection/src/bt_runner.cpp:37:28:\x1b[m\x1b[K \x1b[01;31m\x1b[Kerror: \x1b[m\x1b[K\xe2\x80\x98\x1b[01m\x1b[KSkipTarget\x1b[m\x1b[K\xe2\x80\x99 was not declared in this scope; did you mean \xe2\x80\x98\x1b[01m\x1b[Kturtlebot4_factory_inspection::SkipTarget\x1b[m\x1b[K\xe2\x80\x99?\n'}
[2.798062] (turtlebot4_factory_inspection) StderrLine: {'line': b'   37 |   factory.registerNodeType<\x1b[01;31m\x1b[KSkipTarget\x1b[m\x1b[K>("SkipTarget");\n'}
[2.798095] (turtlebot4_factory_inspection) StderrLine: {'line': b'      |                            \x1b[01;31m\x1b[K^~~~~~~~~~\x1b[m\x1b[K\n'}
[2.798128] (turtlebot4_factory_inspection) StderrLine: {'line': b'      |                            \x1b[32m\x1b[Kturtlebot4_factory_inspection::SkipTarget\x1b[m\x1b[K\n'}
[2.798161] (turtlebot4_factory_inspection) StderrLine: {'line': b'In file included from \x1b[01m\x1b[K/home/jaeho/sw_projects/my_ros2_ws/src/turtlebot4_factory_inspection/src/bt_runner.cpp:11\x1b[m\x1b[K:\n'}
[2.798193] (turtlebot4_factory_inspection) StderrLine: {'line': b'\x1b[01m\x1b[K/home/jaeho/sw_projects/my_ros2_ws/src/turtlebot4_factory_inspection/include/turtlebot4_factory_inspection/bt_nodes/SkipTarget.hpp:8:7:\x1b[m\x1b[K \x1b[01;36m\x1b[Knote: \x1b[m\x1b[K\xe2\x80\x98\x1b[01m\x1b[Kturtlebot4_factory_inspection::SkipTarget\x1b[m\x1b[K\xe2\x80\x99 declared here\n'}
[2.798227] (turtlebot4_factory_inspection) StderrLine: {'line': b'    8 | class \x1b[01;36m\x1b[KSkipTarget\x1b[m\x1b[K : public BT::SyncActionNode\n'}
[2.798260] (turtlebot4_factory_inspection) StderrLine: {'line': b'      |       \x1b[01;36m\x1b[K^~~~~~~~~~\x1b[m\x1b[K\n'}
[2.798294] (turtlebot4_factory_inspection) StderrLine: {'line': b'\x1b[01m\x1b[K/home/jaeho/sw_projects/my_ros2_ws/src/turtlebot4_factory_inspection/src/bt_runner.cpp:37:39:\x1b[m\x1b[K \x1b[01;31m\x1b[Kerror: \x1b[m\x1b[Kno matching function for call to \xe2\x80\x98\x1b[01m\x1b[KBT::BehaviorTreeFactory::registerNodeType<<expression error> >(const char [11])\x1b[m\x1b[K\xe2\x80\x99\n'}
[2.798330] (turtlebot4_factory_inspection) StderrLine: {'line': b'   37 |   \x1b[01;31m\x1b[Kfactory.registerNodeType<SkipTarget>("SkipTarget")\x1b[m\x1b[K;\n'}
[2.798363] (turtlebot4_factory_inspection) StderrLine: {'line': b'      |   \x1b[01;31m\x1b[K~~~~~~~~~~~~~~~~~~~~~~~~~~~~~~~~~~~~^~~~~~~~~~~~~~\x1b[m\x1b[K\n'}
[2.798397] (turtlebot4_factory_inspection) StderrLine: {'line': b'In file included from \x1b[01m\x1b[K/home/jaeho/sw_projects/my_ros2_ws/src/turtlebot4_factory_inspection/src/bt_runner.cpp:1\x1b[m\x1b[K:\n'}
[2.798430] (turtlebot4_factory_inspection) StderrLine: {'line': b'\x1b[01m\x1b[K/opt/ros/humble/include/behaviortree_cpp_v3/bt_factory.h:364:8:\x1b[m\x1b[K \x1b[01;36m\x1b[Knote: \x1b[m\x1b[Kcandidate: \xe2\x80\x98\x1b[01m\x1b[Ktemplate<class T> void BT::BehaviorTreeFactory::registerNodeType(const string&)\x1b[m\x1b[K\xe2\x80\x99\n'}
[2.798463] (turtlebot4_factory_inspection) StderrLine: {'line': b'  364 |   void \x1b[01;36m\x1b[KregisterNodeType\x1b[m\x1b[K(const std::string& ID)\n'}
[2.798495] (turtlebot4_factory_inspection) StderrLine: {'line': b'      |        \x1b[01;36m\x1b[K^~~~~~~~~~~~~~~~\x1b[m\x1b[K\n'}
[2.798527] (turtlebot4_factory_inspection) StderrLine: {'line': b'\x1b[01m\x1b[K/opt/ros/humble/include/behaviortree_cpp_v3/bt_factory.h:364:8:\x1b[m\x1b[K \x1b[01;36m\x1b[Knote: \x1b[m\x1b[K  template argument deduction/substitution failed:\n'}
[2.798561] (turtlebot4_factory_inspection) StderrLine: {'line': b'\x1b[01m\x1b[K/home/jaeho/sw_projects/my_ros2_ws/src/turtlebot4_factory_inspection/src/bt_runner.cpp:37:39:\x1b[m\x1b[K \x1b[01;31m\x1b[Kerror: \x1b[m\x1b[Ktemplate argument 1 is invalid\n'}
[2.798594] (turtlebot4_factory_inspection) StderrLine: {'line': b'   37 |   \x1b[01;31m\x1b[Kfactory.registerNodeType<SkipTarget>("SkipTarget")\x1b[m\x1b[K;\n'}
[2.798626] (turtlebot4_factory_inspection) StderrLine: {'line': b'      |   \x1b[01;31m\x1b[K~~~~~~~~~~~~~~~~~~~~~~~~~~~~~~~~~~~~^~~~~~~~~~~~~~\x1b[m\x1b[K\n'}
[2.798660] (turtlebot4_factory_inspection) StderrLine: {'line': b'In file included from \x1b[01m\x1b[K/home/jaeho/sw_projects/my_ros2_ws/src/turtlebot4_factory_inspection/src/bt_runner.cpp:1\x1b[m\x1b[K:\n'}
[2.798693] (turtlebot4_factory_inspection) StderrLine: {'line': b'\x1b[01m\x1b[K/opt/ros/humble/include/behaviortree_cpp_v3/bt_factory.h:422:8:\x1b[m\x1b[K \x1b[01;36m\x1b[Knote: \x1b[m\x1b[Kcandidate: \xe2\x80\x98\x1b[01m\x1b[Ktemplate<class T> void BT::BehaviorTreeFactory::registerNodeType(const string&, BT::PortsList)\x1b[m\x1b[K\xe2\x80\x99\n'}
[2.798726] (turtlebot4_factory_inspection) StderrLine: {'line': b'  422 |   void \x1b[01;36m\x1b[KregisterNodeType\x1b[m\x1b[K(const std::string& ID, PortsList ports)\n'}
[2.798759] (turtlebot4_factory_inspection) StderrLine: {'line': b'      |        \x1b[01;36m\x1b[K^~~~~~~~~~~~~~~~\x1b[m\x1b[K\n'}
[2.798791] (turtlebot4_factory_inspection) StderrLine: {'line': b'\x1b[01m\x1b[K/opt/ros/humble/include/behaviortree_cpp_v3/bt_factory.h:422:8:\x1b[m\x1b[K \x1b[01;36m\x1b[Knote: \x1b[m\x1b[K  template argument deduction/substitution failed:\n'}
[2.798824] (turtlebot4_factory_inspection) StderrLine: {'line': b'\x1b[01m\x1b[K/home/jaeho/sw_projects/my_ros2_ws/src/turtlebot4_factory_inspection/src/bt_runner.cpp:37:39:\x1b[m\x1b[K \x1b[01;31m\x1b[Kerror: \x1b[m\x1b[Ktemplate argument 1 is invalid\n'}
[2.798857] (turtlebot4_factory_inspection) StderrLine: {'line': b'   37 |   \x1b[01;31m\x1b[Kfactory.registerNodeType<SkipTarget>("SkipTarget")\x1b[m\x1b[K;\n'}
[2.798893] (turtlebot4_factory_inspection) StderrLine: {'line': b'      |   \x1b[01;31m\x1b[K~~~~~~~~~~~~~~~~~~~~~~~~~~~~~~~~~~~~^~~~~~~~~~~~~~\x1b[m\x1b[K\n'}
[2.798927] (turtlebot4_factory_inspection) StderrLine: {'line': b'\x1b[01m\x1b[K/home/jaeho/sw_projects/my_ros2_ws/src/turtlebot4_factory_inspection/src/bt_runner.cpp:38:28:\x1b[m\x1b[K \x1b[01;31m\x1b[Kerror: \x1b[m\x1b[K\xe2\x80\x98\x1b[01m\x1b[KTakePhoto\x1b[m\x1b[K\xe2\x80\x99 was not declared in this scope; did you mean \xe2\x80\x98\x1b[01m\x1b[Kturtlebot4_factory_inspection::TakePhoto\x1b[m\x1b[K\xe2\x80\x99?\n'}
[2.798963] (turtlebot4_factory_inspection) StderrLine: {'line': b'   38 |   factory.registerNodeType<\x1b[01;31m\x1b[KTakePhoto\x1b[m\x1b[K>("TakePhoto");\n'}
[2.798996] (turtlebot4_factory_inspection) StderrLine: {'line': b'      |                            \x1b[01;31m\x1b[K^~~~~~~~~\x1b[m\x1b[K\n'}
[2.799029] (turtlebot4_factory_inspection) StderrLine: {'line': b'      |                            \x1b[32m\x1b[Kturtlebot4_factory_inspection::TakePhoto\x1b[m\x1b[K\n'}
[2.799061] (turtlebot4_factory_inspection) StderrLine: {'line': b'In file included from \x1b[01m\x1b[K/home/jaeho/sw_projects/my_ros2_ws/src/turtlebot4_factory_inspection/src/bt_runner.cpp:12\x1b[m\x1b[K:\n'}
[2.799095] (turtlebot4_factory_inspection) StderrLine: {'line': b'\x1b[01m\x1b[K/home/jaeho/sw_projects/my_ros2_ws/src/turtlebot4_factory_inspection/include/turtlebot4_factory_inspection/bt_nodes/TakePhoto.hpp:8:7:\x1b[m\x1b[K \x1b[01;36m\x1b[Knote: \x1b[m\x1b[K\xe2\x80\x98\x1b[01m\x1b[Kturtlebot4_factory_inspection::TakePhoto\x1b[m\x1b[K\xe2\x80\x99 declared here\n'}
[2.799128] (turtlebot4_factory_inspection) StderrLine: {'line': b'    8 | class \x1b[01;36m\x1b[KTakePhoto\x1b[m\x1b[K : public BT::SyncActionNode\n'}
[2.799161] (turtlebot4_factory_inspection) StderrLine: {'line': b'      |       \x1b[01;36m\x1b[K^~~~~~~~~\x1b[m\x1b[K\n'}
[2.799193] (turtlebot4_factory_inspection) StderrLine: {'line': b'\x1b[01m\x1b[K/home/jaeho/sw_projects/my_ros2_ws/src/turtlebot4_factory_inspection/src/bt_runner.cpp:38:38:\x1b[m\x1b[K \x1b[01;31m\x1b[Kerror: \x1b[m\x1b[Kno matching function for call to \xe2\x80\x98\x1b[01m\x1b[KBT::BehaviorTreeFactory::registerNodeType<<expression error> >(const char [10])\x1b[m\x1b[K\xe2\x80\x99\n'}
[2.799228] (turtlebot4_factory_inspection) StderrLine: {'line': b'   38 |   \x1b[01;31m\x1b[Kfactory.registerNodeType<TakePhoto>("TakePhoto")\x1b[m\x1b[K;\n'}
[2.799260] (turtlebot4_factory_inspection) StderrLine: {'line': b'      |   \x1b[01;31m\x1b[K~~~~~~~~~~~~~~~~~~~~~~~~~~~~~~~~~~~^~~~~~~~~~~~~\x1b[m\x1b[K\n'}
[2.799293] (turtlebot4_factory_inspection) StderrLine: {'line': b'In file included from \x1b[01m\x1b[K/home/jaeho/sw_projects/my_ros2_ws/src/turtlebot4_factory_inspection/src/bt_runner.cpp:1\x1b[m\x1b[K:\n'}
[2.799326] (turtlebot4_factory_inspection) StderrLine: {'line': b'\x1b[01m\x1b[K/opt/ros/humble/include/behaviortree_cpp_v3/bt_factory.h:364:8:\x1b[m\x1b[K \x1b[01;36m\x1b[Knote: \x1b[m\x1b[Kcandidate: \xe2\x80\x98\x1b[01m\x1b[Ktemplate<class T> void BT::BehaviorTreeFactory::registerNodeType(const string&)\x1b[m\x1b[K\xe2\x80\x99\n'}
[2.799358] (turtlebot4_factory_inspection) StderrLine: {'line': b'  364 |   void \x1b[01;36m\x1b[KregisterNodeType\x1b[m\x1b[K(const std::string& ID)\n'}
[2.799390] (turtlebot4_factory_inspection) StderrLine: {'line': b'      |        \x1b[01;36m\x1b[K^~~~~~~~~~~~~~~~\x1b[m\x1b[K\n'}
[2.799425] (turtlebot4_factory_inspection) StderrLine: {'line': b'\x1b[01m\x1b[K/opt/ros/humble/include/behaviortree_cpp_v3/bt_factory.h:364:8:\x1b[m\x1b[K \x1b[01;36m\x1b[Knote: \x1b[m\x1b[K  template argument deduction/substitution failed:\n'}
[2.799458] (turtlebot4_factory_inspection) StderrLine: {'line': b'\x1b[01m\x1b[K/home/jaeho/sw_projects/my_ros2_ws/src/turtlebot4_factory_inspection/src/bt_runner.cpp:38:38:\x1b[m\x1b[K \x1b[01;31m\x1b[Kerror: \x1b[m\x1b[Ktemplate argument 1 is invalid\n'}
[2.799490] (turtlebot4_factory_inspection) StderrLine: {'line': b'   38 |   \x1b[01;31m\x1b[Kfactory.registerNodeType<TakePhoto>("TakePhoto")\x1b[m\x1b[K;\n'}
[2.799522] (turtlebot4_factory_inspection) StderrLine: {'line': b'      |   \x1b[01;31m\x1b[K~~~~~~~~~~~~~~~~~~~~~~~~~~~~~~~~~~~^~~~~~~~~~~~~\x1b[m\x1b[K\n'}
[2.799556] (turtlebot4_factory_inspection) StderrLine: {'line': b'In file included from \x1b[01m\x1b[K/home/jaeho/sw_projects/my_ros2_ws/src/turtlebot4_factory_inspection/src/bt_runner.cpp:1\x1b[m\x1b[K:\n'}
[2.799589] (turtlebot4_factory_inspection) StderrLine: {'line': b'\x1b[01m\x1b[K/opt/ros/humble/include/behaviortree_cpp_v3/bt_factory.h:422:8:\x1b[m\x1b[K \x1b[01;36m\x1b[Knote: \x1b[m\x1b[Kcandidate: \xe2\x80\x98\x1b[01m\x1b[Ktemplate<class T> void BT::BehaviorTreeFactory::registerNodeType(const string&, BT::PortsList)\x1b[m\x1b[K\xe2\x80\x99\n'}
[2.799623] (turtlebot4_factory_inspection) StderrLine: {'line': b'  422 |   void \x1b[01;36m\x1b[KregisterNodeType\x1b[m\x1b[K(const std::string& ID, PortsList ports)\n'}
[2.799657] (turtlebot4_factory_inspection) StderrLine: {'line': b'      |        \x1b[01;36m\x1b[K^~~~~~~~~~~~~~~~\x1b[m\x1b[K\n'}
[2.799690] (turtlebot4_factory_inspection) StderrLine: {'line': b'\x1b[01m\x1b[K/opt/ros/humble/include/behaviortree_cpp_v3/bt_factory.h:422:8:\x1b[m\x1b[K \x1b[01;36m\x1b[Knote: \x1b[m\x1b[K  template argument deduction/substitution failed:\n'}
[2.799724] (turtlebot4_factory_inspection) StderrLine: {'line': b'\x1b[01m\x1b[K/home/jaeho/sw_projects/my_ros2_ws/src/turtlebot4_factory_inspection/src/bt_runner.cpp:38:38:\x1b[m\x1b[K \x1b[01;31m\x1b[Kerror: \x1b[m\x1b[Ktemplate argument 1 is invalid\n'}
[2.799756] (turtlebot4_factory_inspection) StderrLine: {'line': b'   38 |   \x1b[01;31m\x1b[Kfactory.registerNodeType<TakePhoto>("TakePhoto")\x1b[m\x1b[K;\n'}
[2.799788] (turtlebot4_factory_inspection) StderrLine: {'line': b'      |   \x1b[01;31m\x1b[K~~~~~~~~~~~~~~~~~~~~~~~~~~~~~~~~~~~^~~~~~~~~~~~~\x1b[m\x1b[K\n'}
[2.805506] (-) TimerEvent: {}
[2.905713] (-) TimerEvent: {}
[3.006084] (-) TimerEvent: {}
[3.106449] (-) TimerEvent: {}
[3.206740] (-) TimerEvent: {}
[3.307054] (-) TimerEvent: {}
[3.407290] (-) TimerEvent: {}
[3.470609] (turtlebot4_factory_inspection) StderrLine: {'line': b'gmake[2]: *** [CMakeFiles/bt_runner.dir/build.make:76: CMakeFiles/bt_runner.dir/src/bt_runner.cpp.o] Error 1\n'}
[3.470786] (turtlebot4_factory_inspection) StderrLine: {'line': b'gmake[1]: *** [CMakeFiles/Makefile2:137: CMakeFiles/bt_runner.dir/all] Error 2\n'}
[3.470877] (turtlebot4_factory_inspection) StderrLine: {'line': b'gmake: *** [Makefile:146: all] Error 2\n'}
[3.472406] (turtlebot4_factory_inspection) CommandEnded: {'returncode': 2}
[3.477868] (turtlebot4_factory_inspection) JobEnded: {'identifier': 'turtlebot4_factory_inspection', 'rc': 2}
[3.478543] (-) EventReactorShutdown: {}
