[01m[K/home/jaeho/sw_projects/my_ros2_ws/src/turtlebot4_factory_inspection/bt_nodes/IsArrivedAtTarget.cpp:5:10:[m[K [01;31m[Kfatal error: [m[Ktf2_geometry_msgs/tf2_geometry_msgs.hpp: No such file or directory
    5 | #include [01;31m[K<tf2_geometry_msgs/tf2_geometry_msgs.hpp>[m[K
      |          [01;31m[K^~~~~~~~~~~~~~~~~~~~~~~~~~~~~~~~~~~~~~~~~[m[K
compilation terminated.
gmake[2]: *** [CMakeFiles/bt_runner.dir/build.make:104: CMakeFiles/bt_runner.dir/bt_nodes/IsArrivedAtTarget.cpp.o] Error 1
gmake[2]: *** Waiting for unfinished jobs....
[01m[K/home/jaeho/sw_projects/my_ros2_ws/src/turtlebot4_factory_inspection/src/bt_runner.cpp:10:17:[m[K [01;31m[Kerror: [m[Kâ€˜[01m[Kturtlebot4_factory_inspection[m[Kâ€™ is not a namespace-name
   10 | using namespace [01;31m[Kturtlebot4_factory_inspection[m[K;
      |                 [01;31m[K^~~~~~~~~~~~~~~~~~~~~~~~~~~~~[m[K
gmake[2]: *** [CMakeFiles/bt_runner.dir/build.make:76: CMakeFiles/bt_runner.dir/src/bt_runner.cpp.o] Error 1
gmake[1]: *** [CMakeFiles/Makefile2:137: CMakeFiles/bt_runner.dir/all] Error 2
gmake: *** [Makefile:146: all] Error 2
