[0.012s] Invoking command in '/home/jaeho/sw_projects/my_ros2_ws/src/turtlebot4_factory_inspection/build/turtlebot4_factory_inspection': CMAKE_PREFIX_PATH=${CMAKE_PREFIX_PATH}:/opt/ros/humble /usr/bin/cmake --build /home/jaeho/sw_projects/my_ros2_ws/src/turtlebot4_factory_inspection/build/turtlebot4_factory_inspection -- -j8 -l8
[0.043s] -- Found ament_cmake: 1.3.11 (/opt/ros/humble/share/ament_cmake/cmake)
[0.207s] -- Found rclcpp: 16.0.12 (/opt/ros/humble/share/rclcpp/cmake)
[0.256s] -- Found rosidl_generator_c: 3.1.6 (/opt/ros/humble/share/rosidl_generator_c/cmake)
[0.260s] -- Found rosidl_adapter: 3.1.6 (/opt/ros/humble/share/rosidl_adapter/cmake)
[0.271s] -- Found rosidl_generator_cpp: 3.1.6 (/opt/ros/humble/share/rosidl_generator_cpp/cmake)
[0.291s] -- Using all available rosidl_typesupport_c: rosidl_typesupport_fastrtps_c;rosidl_typesupport_introspection_c
[0.313s] -- Using all available rosidl_typesupport_cpp: rosidl_typesupport_fastrtps_cpp;rosidl_typesupport_introspection_cpp
[0.367s] -- Found rmw_implementation_cmake: 6.1.2 (/opt/ros/humble/share/rmw_implementation_cmake/cmake)
[0.370s] -- Found rmw_fastrtps_cpp: 6.2.7 (/opt/ros/humble/share/rmw_fastrtps_cpp/cmake)
[0.501s] -- Using RMW implementation 'rmw_fastrtps_cpp' as default
[0.576s] -- Found rclcpp_action: 16.0.12 (/opt/ros/humble/share/rclcpp_action/cmake)
[0.630s] -- Found nav2_msgs: 1.1.18 (/opt/ros/humble/share/nav2_msgs/cmake)
[0.701s] -- Found nav2_behavior_tree: 1.1.18 (/opt/ros/humble/share/nav2_behavior_tree/cmake)
[0.847s] -- Found eigen3_cmake_module: 0.1.1 (/opt/ros/humble/share/eigen3_cmake_module/cmake)
[0.849s] -- Ensuring Eigen3 include directory is part of orocos-kdl CMake target
[0.923s] -- Found cv_bridge: 3.2.1 (/opt/ros/humble/share/cv_bridge/cmake)
[0.940s] -- Found OpenCV: /usr (found version "4.5.4") 
[0.942s] -- Found angles: 1.15.0 (/opt/ros/humble/share/angles/cmake)
[1.043s] -- Configuring done
[1.116s] -- Generating done
[1.126s] -- Build files have been written to: /home/jaeho/sw_projects/my_ros2_ws/src/turtlebot4_factory_inspection/build/turtlebot4_factory_inspection
[1.165s] [35m[1mConsolidate compiler generated dependencies of target bt_runner[0m
[1.211s] [ 14%] [32mBuilding CXX object CMakeFiles/bt_runner.dir/src/bt_runner.cpp.o[0m
[1.212s] [ 14%] [32mBuilding CXX object CMakeFiles/bt_runner.dir/src/utils/load_waypoints.cpp.o[0m
[1.212s] [ 21%] [32mBuilding CXX object CMakeFiles/bt_runner.dir/bt_nodes/AdvanceIndex.cpp.o[0m
[1.219s] [ 28%] [32mBuilding CXX object CMakeFiles/bt_runner.dir/bt_nodes/InitialSetup.cpp.o[0m
[1.219s] [ 35%] [32mBuilding CXX object CMakeFiles/bt_runner.dir/bt_nodes/CheckIfSetupDone.cpp.o[0m
[1.219s] [ 42%] [32mBuilding CXX object CMakeFiles/bt_runner.dir/bt_nodes/IsArrivedAtTarget.cpp.o[0m
[1.219s] [ 50%] [32mBuilding CXX object CMakeFiles/bt_runner.dir/bt_nodes/IsArrivedAtBase.cpp.o[0m
[1.229s] [ 57%] [32mBuilding CXX object CMakeFiles/bt_runner.dir/bt_nodes/IsNomoreTask.cpp.o[0m
[4.386s] [ 64%] [32mBuilding CXX object CMakeFiles/bt_runner.dir/bt_nodes/MoveToTarget.cpp.o[0m
[8.343s] [ 71%] [32mBuilding CXX object CMakeFiles/bt_runner.dir/bt_nodes/ReturnToBase.cpp.o[0m
[9.823s] [ 78%] [32mBuilding CXX object CMakeFiles/bt_runner.dir/bt_nodes/SetAngle.cpp.o[0m
[10.481s] [ 85%] [32mBuilding CXX object CMakeFiles/bt_runner.dir/bt_nodes/SkipTarget.cpp.o[0m
[11.243s] [ 92%] [32mBuilding CXX object CMakeFiles/bt_runner.dir/bt_nodes/TakePhoto.cpp.o[0m
[12.415s] [01m[K/home/jaeho/sw_projects/my_ros2_ws/src/turtlebot4_factory_inspection/bt_nodes/MoveToTarget.cpp:[m[K In constructor â€˜[01m[Kturtlebot4_factory_inspection::bt_nodes::MoveToTarget::MoveToTarget(const string&, const BT::NodeConfiguration&)[m[Kâ€™:
[12.415s] [01m[K/home/jaeho/sw_projects/my_ros2_ws/src/turtlebot4_factory_inspection/bt_nodes/MoveToTarget.cpp:17:3:[m[K [01;31m[Kerror: [m[Kâ€˜[01m[Kclient_ptr_[m[Kâ€™ was not declared in this scope; did you mean â€˜[01m[Kclient_[m[Kâ€™?
[12.415s]    17 |   [01;31m[Kclient_ptr_[m[K = rclcpp_action::create_client<NavigateToPose>(node_, "navigate_to_pose");
[12.415s]       |   [01;31m[K^~~~~~~~~~~[m[K
[12.415s]       |   [32m[Kclient_[m[K
[12.432s] [01m[K/home/jaeho/sw_projects/my_ros2_ws/src/turtlebot4_factory_inspection/bt_nodes/MoveToTarget.cpp:[m[K In member function â€˜[01m[Kvirtual BT::NodeStatus turtlebot4_factory_inspection::bt_nodes::MoveToTarget::tick()[m[Kâ€™:
[12.432s] [01m[K/home/jaeho/sw_projects/my_ros2_ws/src/turtlebot4_factory_inspection/bt_nodes/MoveToTarget.cpp:33:8:[m[K [01;31m[Kerror: [m[Kâ€˜[01m[Kclient_ptr_[m[Kâ€™ was not declared in this scope; did you mean â€˜[01m[Kclient_[m[Kâ€™?
[12.432s]    33 |   if (![01;31m[Kclient_ptr_[m[K->wait_for_action_server(std::chrono::seconds(5))) {
[12.432s]       |        [01;31m[K^~~~~~~~~~~[m[K
[12.432s]       |        [32m[Kclient_[m[K
[12.448s] [01m[K/home/jaeho/sw_projects/my_ros2_ws/src/turtlebot4_factory_inspection/bt_nodes/MoveToTarget.cpp:66:29:[m[K [01;31m[Kerror: [m[Kâ€˜[01m[Kclient_ptr_[m[Kâ€™ was not declared in this scope; did you mean â€˜[01m[Kclient_[m[Kâ€™?
[12.448s]    66 |     auto send_goal_future = [01;31m[Kclient_ptr_[m[K->async_send_goal(goal_msg);
[12.448s]       |                             [01;31m[K^~~~~~~~~~~[m[K
[12.448s]       |                             [32m[Kclient_[m[K
[13.610s] gmake[2]: *** [CMakeFiles/bt_runner.dir/build.make:188: CMakeFiles/bt_runner.dir/bt_nodes/MoveToTarget.cpp.o] Error 1
[13.610s] gmake[2]: *** Waiting for unfinished jobs....
[21.073s] gmake[1]: *** [CMakeFiles/Makefile2:137: CMakeFiles/bt_runner.dir/all] Error 2
[21.073s] gmake: *** [Makefile:146: all] Error 2
[21.075s] Invoked command in '/home/jaeho/sw_projects/my_ros2_ws/src/turtlebot4_factory_inspection/build/turtlebot4_factory_inspection' returned '2': CMAKE_PREFIX_PATH=${CMAKE_PREFIX_PATH}:/opt/ros/humble /usr/bin/cmake --build /home/jaeho/sw_projects/my_ros2_ws/src/turtlebot4_factory_inspection/build/turtlebot4_factory_inspection -- -j8 -l8
