[35m[1mConsolidate compiler generated dependencies of target bt_runner[0m
[ 25%] [32mBuilding CXX object CMakeFiles/bt_runner.dir/src/bt_runner.cpp.o[0m
[ 50%] [32mBuilding CXX object CMakeFiles/bt_runner.dir/bt_nodes/IsArrivedAtTarget.cpp.o[0m
[01m[K/home/jaeho/sw_projects/my_ros2_ws/src/turtlebot4_factory_inspection/bt_nodes/IsArrivedAtTarget.cpp:1:10:[m[K [01;31m[Kfatal error: [m[Ksw_project_2025/bt_nodes/IsArrivedAtTarget.hpp: No such file or directory
    1 | #include [01;31m[K"sw_project_2025/bt_nodes/IsArrivedAtTarget.hpp"[m[K
      |          [01;31m[K^~~~~~~~~~~~~~~~~~~~~~~~~~~~~~~~~~~~~~~~~~~~~~~~[m[K
compilation terminated.
gmake[2]: *** [CMakeFiles/bt_runner.dir/build.make:104: CMakeFiles/bt_runner.dir/bt_nodes/IsArrivedAtTarget.cpp.o] Error 1
gmake[2]: *** Waiting for unfinished jobs....
In file included from [01m[K/home/jaeho/sw_projects/my_ros2_ws/src/turtlebot4_factory_inspection/src/bt_runner.cpp:3[m[K:
[01m[K/home/jaeho/sw_projects/my_ros2_ws/src/turtlebot4_factory_inspection/include/turtlebot4_factory_inspection/IsArrivedAtTarget.hpp:6:10:[m[K [01;31m[Kfatal error: [m[Ktf2_ros/transform_listener.h: No such file or directory
    6 | #include [01;31m[K<tf2_ros/transform_listener.h>[m[K
      |          [01;31m[K^~~~~~~~~~~~~~~~~~~~~~~~~~~~~~[m[K
compilation terminated.
gmake[2]: *** [CMakeFiles/bt_runner.dir/build.make:76: CMakeFiles/bt_runner.dir/src/bt_runner.cpp.o] Error 1
gmake[1]: *** [CMakeFiles/Makefile2:137: CMakeFiles/bt_runner.dir/all] Error 2
gmake: *** [Makefile:146: all] Error 2
