[0.000000] (-) TimerEvent: {}
[0.000117] (turtlebot4_factory_inspection) JobQueued: {'identifier': 'turtlebot4_factory_inspection', 'dependencies': OrderedDict()}
[0.000532] (turtlebot4_factory_inspection) JobStarted: {'identifier': 'turtlebot4_factory_inspection'}
[0.004813] (turtlebot4_factory_inspection) JobProgress: {'identifier': 'turtlebot4_factory_inspection', 'progress': 'cmake'}
[0.005156] (turtlebot4_factory_inspection) Command: {'cmd': ['/usr/bin/cmake', '/home/jaeho/sw_projects/my_ros2_ws/src/turtlebot4_factory_inspection', '-DCMAKE_INSTALL_PREFIX=/home/jaeho/sw_projects/my_ros2_ws/src/turtlebot4_factory_inspection/install/turtlebot4_factory_inspection'], 'cwd': '/home/jaeho/sw_projects/my_ros2_ws/src/turtlebot4_factory_inspection/build/turtlebot4_factory_inspection', 'env': OrderedDict([('RCUTILS_LOGGING_BUFFERED_STREAM', '0'), ('GJS_DEBUG_TOPICS', 'JS ERROR;JS LOG'), ('LESSOPEN', '| /usr/bin/lesspipe %s'), ('USER', 'jaeho'), ('LC_TIME', 'ko_KR.UTF-8'), ('XDG_SESSION_TYPE', 'wayland'), ('GIT_ASKPASS', '/usr/share/code/resources/app/extensions/git/dist/askpass.sh'), ('SHLVL', '2'), ('RCUTILS_CONSOLE_OUTPUT_FORMAT', '[{severity}]: {message}'), ('LD_LIBRARY_PATH', '/usr/lib/x86_64-linux-gnu/gazebo-11/plugins:/opt/ros/humble/opt/rviz_ogre_vendor/lib:/opt/ros/humble/lib/x86_64-linux-gnu:/opt/ros/humble/lib'), ('HOME', '/home/jaeho'), ('CHROME_DESKTOP', 'code.desktop'), ('OLDPWD', '/home/jaeho/sw_projects/my_ros2_ws'), ('TERM_PROGRAM_VERSION', '1.101.1'), ('DESKTOP_SESSION', 'ubuntu'), ('GIO_LAUNCHED_DESKTOP_FILE', '/usr/share/applications/terminator.desktop'), ('ROS_PYTHON_VERSION', '3'), ('GNOME_SHELL_SESSION_MODE', 'ubuntu'), ('GTK_MODULES', 'gail:atk-bridge'), ('VSCODE_GIT_ASKPASS_MAIN', '/usr/share/code/resources/app/extensions/git/dist/askpass-main.js'), ('LC_MONETARY', 'ko_KR.UTF-8'), ('VSCODE_GIT_ASKPASS_NODE', '/usr/share/code/code'), ('MANAGERPID', '985'), ('SYSTEMD_EXEC_PID', '1202'), ('DBUS_SESSION_BUS_ADDRESS', 'unix:path=/run/user/1000/bus'), ('COLORTERM', 'truecolor'), ('TERMINATOR_DBUS_NAME', 'net.tenshu.Terminator25ef4b219e3b005583550f2b0f9f990c3'), ('GIO_LAUNCHED_DESKTOP_FILE_PID', '6706'), ('_colcon_cd_root', '/home/jaeho/robot_ws'), ('IM_CONFIG_PHASE', '1'), ('WAYLAND_DISPLAY', 'wayland-0'), ('COLCON_PREFIX_PATH', '/home/jaeho/robot_ws/install'), ('ROS_DISTRO', 'humble'), ('LOGNAME', 'jaeho'), ('JOURNAL_STREAM', '8:13692'), ('_', '/usr/bin/colcon'), ('ROS_VERSION', '2'), ('XDG_SESSION_CLASS', 'user'), ('USERNAME', 'jaeho'), ('TERM', 'xterm-256color'), ('GNOME_DESKTOP_SESSION_ID', 'this-is-deprecated'), ('ROS_LOCALHOST_ONLY', '0'), ('PATH', '/opt/ros/humble/bin:/home/jaeho/.local/bin:/usr/local/sbin:/usr/local/bin:/usr/sbin:/usr/bin:/sbin:/bin:/usr/games:/usr/local/games:/snap/bin:/snap/bin'), ('SESSION_MANAGER', 'local/jaeho:@/tmp/.ICE-unix/1167,unix/jaeho:/tmp/.ICE-unix/1167'), ('INVOCATION_ID', 'b26f6bd3d67f410a978e09ec4f952b7d'), ('XDG_MENU_PREFIX', 'gnome-'), ('LC_ADDRESS', 'ko_KR.UTF-8'), ('GNOME_SETUP_DISPLAY', ':1'), ('XDG_RUNTIME_DIR', '/run/user/1000'), ('GDK_BACKEND', 'x11'), ('DISPLAY', ':0'), ('TERMINATOR_DBUS_PATH', '/net/tenshu/Terminator2'), ('LANG', 'en_US.UTF-8'), ('XDG_CURRENT_DESKTOP', 'Unity'), ('IBUS_DISABLE_SNOOPER', '1'), ('LC_TELEPHONE', 'ko_KR.UTF-8'), ('RMW_IMPLEMENTATION', 'rmw_fastrtps_cpp'), ('XMODIFIERS', '@im=ibus'), ('XDG_SESSION_DESKTOP', 'ubuntu'), ('XAUTHORITY', '/run/user/1000/.mutter-Xwaylandauth.OBKN82'), ('LS_COLORS', 'rs=0:di=01;34:ln=01;36:mh=00:pi=40;33:so=01;35:do=01;35:bd=40;33;01:cd=40;33;01:or=40;31;01:mi=00:su=37;41:sg=30;43:ca=30;41:tw=30;42:ow=34;42:st=37;44:ex=01;32:*.tar=01;31:*.tgz=01;31:*.arc=01;31:*.arj=01;31:*.taz=01;31:*.lha=01;31:*.lz4=01;31:*.lzh=01;31:*.lzma=01;31:*.tlz=01;31:*.txz=01;31:*.tzo=01;31:*.t7z=01;31:*.zip=01;31:*.z=01;31:*.dz=01;31:*.gz=01;31:*.lrz=01;31:*.lz=01;31:*.lzo=01;31:*.xz=01;31:*.zst=01;31:*.tzst=01;31:*.bz2=01;31:*.bz=01;31:*.tbz=01;31:*.tbz2=01;31:*.tz=01;31:*.deb=01;31:*.rpm=01;31:*.jar=01;31:*.war=01;31:*.ear=01;31:*.sar=01;31:*.rar=01;31:*.alz=01;31:*.ace=01;31:*.zoo=01;31:*.cpio=01;31:*.7z=01;31:*.rz=01;31:*.cab=01;31:*.wim=01;31:*.swm=01;31:*.dwm=01;31:*.esd=01;31:*.jpg=01;35:*.jpeg=01;35:*.mjpg=01;35:*.mjpeg=01;35:*.gif=01;35:*.bmp=01;35:*.pbm=01;35:*.pgm=01;35:*.ppm=01;35:*.tga=01;35:*.xbm=01;35:*.xpm=01;35:*.tif=01;35:*.tiff=01;35:*.png=01;35:*.svg=01;35:*.svgz=01;35:*.mng=01;35:*.pcx=01;35:*.mov=01;35:*.mpg=01;35:*.mpeg=01;35:*.m2v=01;35:*.mkv=01;35:*.webm=01;35:*.webp=01;35:*.ogm=01;35:*.mp4=01;35:*.m4v=01;35:*.mp4v=01;35:*.vob=01;35:*.qt=01;35:*.nuv=01;35:*.wmv=01;35:*.asf=01;35:*.rm=01;35:*.rmvb=01;35:*.flc=01;35:*.avi=01;35:*.fli=01;35:*.flv=01;35:*.gl=01;35:*.dl=01;35:*.xcf=01;35:*.xwd=01;35:*.yuv=01;35:*.cgm=01;35:*.emf=01;35:*.ogv=01;35:*.ogx=01;35:*.aac=00;36:*.au=00;36:*.flac=00;36:*.m4a=00;36:*.mid=00;36:*.midi=00;36:*.mka=00;36:*.mp3=00;36:*.mpc=00;36:*.ogg=00;36:*.ra=00;36:*.wav=00;36:*.oga=00;36:*.opus=00;36:*.spx=00;36:*.xspf=00;36:'), ('VSCODE_GIT_IPC_HANDLE', '/run/user/1000/vscode-git-da237cf720.sock'), ('TERM_PROGRAM', 'vscode'), ('SSH_AGENT_LAUNCHER', 'gnome-keyring'), ('SSH_AUTH_SOCK', '/run/user/1000/keyring/ssh'), ('AMENT_PREFIX_PATH', '/opt/ros/humble'), ('ORIGINAL_XDG_CURRENT_DESKTOP', 'ubuntu:GNOME'), ('SHELL', '/bin/bash'), ('LC_NAME', 'ko_KR.UTF-8'), ('TERMINATOR_UUID', 'urn:uuid:6aa90e33-a849-409c-8602-be3f8fd1b90a'), ('QT_ACCESSIBILITY', '1'), ('GDMSESSION', 'ubuntu'), ('LESSCLOSE', '/usr/bin/lesspipe %s %s'), ('LC_MEASUREMENT', 'ko_KR.UTF-8'), ('GJS_DEBUG_OUTPUT', 'stderr'), ('LC_IDENTIFICATION', 'ko_KR.UTF-8'), ('VSCODE_GIT_ASKPASS_EXTRA_ARGS', ''), ('QT_IM_MODULE', 'ibus'), ('RCUTILS_LOGGING_USE_STDOUT', '0'), ('PWD', '/home/jaeho/sw_projects/my_ros2_ws/src/turtlebot4_factory_inspection/build/turtlebot4_factory_inspection'), ('LC_ALL', 'en_US.UTF-8'), ('XDG_CONFIG_DIRS', '/etc/xdg/xdg-ubuntu:/etc/xdg'), ('RCUTILS_COLORIZED_OUTPUT', '1'), ('XDG_DATA_DIRS', '/usr/share/ubuntu:/usr/local/share/:/usr/share/:/var/lib/snapd/desktop'), ('PYTHONPATH', '/opt/ros/humble/lib/python3.10/site-packages:/opt/ros/humble/local/lib/python3.10/dist-packages'), ('LC_NUMERIC', 'ko_KR.UTF-8'), ('LC_PAPER', 'ko_KR.UTF-8'), ('COLCON', '1'), ('VTE_VERSION', '6800'), ('CMAKE_PREFIX_PATH', '/opt/ros/humble')]), 'shell': False}
[0.053000] (turtlebot4_factory_inspection) StdoutLine: {'line': b'-- The C compiler identification is GNU 11.4.0\n'}
[0.094048] (turtlebot4_factory_inspection) StdoutLine: {'line': b'-- The CXX compiler identification is GNU 11.4.0\n'}
[0.099488] (turtlebot4_factory_inspection) StdoutLine: {'line': b'-- Detecting C compiler ABI info\n'}
[0.099867] (-) TimerEvent: {}
[0.146395] (turtlebot4_factory_inspection) StdoutLine: {'line': b'-- Detecting C compiler ABI info - done\n'}
[0.151278] (turtlebot4_factory_inspection) StdoutLine: {'line': b'-- Check for working C compiler: /usr/bin/cc - skipped\n'}
[0.151459] (turtlebot4_factory_inspection) StdoutLine: {'line': b'-- Detecting C compile features\n'}
[0.151676] (turtlebot4_factory_inspection) StdoutLine: {'line': b'-- Detecting C compile features - done\n'}
[0.153731] (turtlebot4_factory_inspection) StdoutLine: {'line': b'-- Detecting CXX compiler ABI info\n'}
[0.200038] (-) TimerEvent: {}
[0.205036] (turtlebot4_factory_inspection) StdoutLine: {'line': b'-- Detecting CXX compiler ABI info - done\n'}
[0.210834] (turtlebot4_factory_inspection) StdoutLine: {'line': b'-- Check for working CXX compiler: /usr/bin/c++ - skipped\n'}
[0.210979] (turtlebot4_factory_inspection) StdoutLine: {'line': b'-- Detecting CXX compile features\n'}
[0.211227] (turtlebot4_factory_inspection) StdoutLine: {'line': b'-- Detecting CXX compile features - done\n'}
[0.212922] (turtlebot4_factory_inspection) StdoutLine: {'line': b'-- Found ament_cmake: 1.3.11 (/opt/ros/humble/share/ament_cmake/cmake)\n'}
[0.300118] (-) TimerEvent: {}
[0.319353] (turtlebot4_factory_inspection) StdoutLine: {'line': b'-- Found Python3: /usr/bin/python3 (found version "3.10.12") found components: Interpreter \n'}
[0.385536] (turtlebot4_factory_inspection) StdoutLine: {'line': b'-- Found rclcpp: 16.0.12 (/opt/ros/humble/share/rclcpp/cmake)\n'}
[0.400211] (-) TimerEvent: {}
[0.413151] (turtlebot4_factory_inspection) StdoutLine: {'line': b'-- Found rosidl_generator_c: 3.1.6 (/opt/ros/humble/share/rosidl_generator_c/cmake)\n'}
[0.416188] (turtlebot4_factory_inspection) StdoutLine: {'line': b'-- Found rosidl_adapter: 3.1.6 (/opt/ros/humble/share/rosidl_adapter/cmake)\n'}
[0.422745] (turtlebot4_factory_inspection) StdoutLine: {'line': b'-- Found rosidl_generator_cpp: 3.1.6 (/opt/ros/humble/share/rosidl_generator_cpp/cmake)\n'}
[0.430826] (turtlebot4_factory_inspection) StdoutLine: {'line': b'-- Using all available rosidl_typesupport_c: rosidl_typesupport_fastrtps_c;rosidl_typesupport_introspection_c\n'}
[0.441089] (turtlebot4_factory_inspection) StdoutLine: {'line': b'-- Using all available rosidl_typesupport_cpp: rosidl_typesupport_fastrtps_cpp;rosidl_typesupport_introspection_cpp\n'}
[0.469792] (turtlebot4_factory_inspection) StdoutLine: {'line': b'-- Found rmw_implementation_cmake: 6.1.2 (/opt/ros/humble/share/rmw_implementation_cmake/cmake)\n'}
[0.471389] (turtlebot4_factory_inspection) StdoutLine: {'line': b'-- Found rmw_fastrtps_cpp: 6.2.7 (/opt/ros/humble/share/rmw_fastrtps_cpp/cmake)\n'}
[0.500319] (-) TimerEvent: {}
[0.527445] (turtlebot4_factory_inspection) StdoutLine: {'line': b'-- Found OpenSSL: /usr/lib/x86_64-linux-gnu/libcrypto.so (found version "3.0.2")  \n'}
[0.548553] (turtlebot4_factory_inspection) StdoutLine: {'line': b'-- Found FastRTPS: /opt/ros/humble/include  \n'}
[0.576925] (turtlebot4_factory_inspection) StdoutLine: {'line': b"-- Using RMW implementation 'rmw_fastrtps_cpp' as default\n"}
[0.591392] (turtlebot4_factory_inspection) StdoutLine: {'line': b'-- Looking for pthread.h\n'}
[0.600399] (-) TimerEvent: {}
[0.639589] (turtlebot4_factory_inspection) StdoutLine: {'line': b'-- Looking for pthread.h - found\n'}
[0.640048] (turtlebot4_factory_inspection) StdoutLine: {'line': b'-- Performing Test CMAKE_HAVE_LIBC_PTHREAD\n'}
[0.690905] (turtlebot4_factory_inspection) StdoutLine: {'line': b'-- Performing Test CMAKE_HAVE_LIBC_PTHREAD - Success\n'}
[0.691695] (turtlebot4_factory_inspection) StdoutLine: {'line': b'-- Found Threads: TRUE  \n'}
[0.700507] (-) TimerEvent: {}
[0.728665] (turtlebot4_factory_inspection) StdoutLine: {'line': b'-- Found rclcpp_action: 16.0.12 (/opt/ros/humble/share/rclcpp_action/cmake)\n'}
[0.751945] (turtlebot4_factory_inspection) StdoutLine: {'line': b'-- Found tf2_ros: 0.25.13 (/opt/ros/humble/share/tf2_ros/cmake)\n'}
[0.800616] (-) TimerEvent: {}
[0.801567] (turtlebot4_factory_inspection) StdoutLine: {'line': b'-- Found tf2_geometry_msgs: 0.25.13 (/opt/ros/humble/share/tf2_geometry_msgs/cmake)\n'}
[0.811231] (turtlebot4_factory_inspection) StdoutLine: {'line': b'-- Found eigen3_cmake_module: 0.1.1 (/opt/ros/humble/share/eigen3_cmake_module/cmake)\n'}
[0.812004] (turtlebot4_factory_inspection) StdoutLine: {'line': b'-- Found Eigen3: TRUE (found version "3.4.0") \n'}
[0.812159] (turtlebot4_factory_inspection) StdoutLine: {'line': b'-- Ensuring Eigen3 include directory is part of orocos-kdl CMake target\n'}
[0.814003] (turtlebot4_factory_inspection) StdoutLine: {'line': b'-- Found nav2_msgs: 1.1.18 (/opt/ros/humble/share/nav2_msgs/cmake)\n'}
[0.882492] (turtlebot4_factory_inspection) StdoutLine: {'line': b'-- Configuring done\n'}
[0.891052] (turtlebot4_factory_inspection) StdoutLine: {'line': b'-- Generating done\n'}
[0.893970] (turtlebot4_factory_inspection) StdoutLine: {'line': b'-- Build files have been written to: /home/jaeho/sw_projects/my_ros2_ws/src/turtlebot4_factory_inspection/build/turtlebot4_factory_inspection\n'}
[0.900723] (-) TimerEvent: {}
[0.900946] (turtlebot4_factory_inspection) CommandEnded: {'returncode': 0}
[0.901364] (turtlebot4_factory_inspection) JobProgress: {'identifier': 'turtlebot4_factory_inspection', 'progress': 'build'}
[0.901906] (turtlebot4_factory_inspection) Command: {'cmd': ['/usr/bin/cmake', '--build', '/home/jaeho/sw_projects/my_ros2_ws/src/turtlebot4_factory_inspection/build/turtlebot4_factory_inspection', '--', '-j8', '-l8'], 'cwd': '/home/jaeho/sw_projects/my_ros2_ws/src/turtlebot4_factory_inspection/build/turtlebot4_factory_inspection', 'env': OrderedDict([('RCUTILS_LOGGING_BUFFERED_STREAM', '0'), ('GJS_DEBUG_TOPICS', 'JS ERROR;JS LOG'), ('LESSOPEN', '| /usr/bin/lesspipe %s'), ('USER', 'jaeho'), ('LC_TIME', 'ko_KR.UTF-8'), ('XDG_SESSION_TYPE', 'wayland'), ('GIT_ASKPASS', '/usr/share/code/resources/app/extensions/git/dist/askpass.sh'), ('SHLVL', '2'), ('RCUTILS_CONSOLE_OUTPUT_FORMAT', '[{severity}]: {message}'), ('LD_LIBRARY_PATH', '/usr/lib/x86_64-linux-gnu/gazebo-11/plugins:/opt/ros/humble/opt/rviz_ogre_vendor/lib:/opt/ros/humble/lib/x86_64-linux-gnu:/opt/ros/humble/lib'), ('HOME', '/home/jaeho'), ('CHROME_DESKTOP', 'code.desktop'), ('OLDPWD', '/home/jaeho/sw_projects/my_ros2_ws'), ('TERM_PROGRAM_VERSION', '1.101.1'), ('DESKTOP_SESSION', 'ubuntu'), ('GIO_LAUNCHED_DESKTOP_FILE', '/usr/share/applications/terminator.desktop'), ('ROS_PYTHON_VERSION', '3'), ('GNOME_SHELL_SESSION_MODE', 'ubuntu'), ('GTK_MODULES', 'gail:atk-bridge'), ('VSCODE_GIT_ASKPASS_MAIN', '/usr/share/code/resources/app/extensions/git/dist/askpass-main.js'), ('LC_MONETARY', 'ko_KR.UTF-8'), ('VSCODE_GIT_ASKPASS_NODE', '/usr/share/code/code'), ('MANAGERPID', '985'), ('SYSTEMD_EXEC_PID', '1202'), ('DBUS_SESSION_BUS_ADDRESS', 'unix:path=/run/user/1000/bus'), ('COLORTERM', 'truecolor'), ('TERMINATOR_DBUS_NAME', 'net.tenshu.Terminator25ef4b219e3b005583550f2b0f9f990c3'), ('GIO_LAUNCHED_DESKTOP_FILE_PID', '6706'), ('_colcon_cd_root', '/home/jaeho/robot_ws'), ('IM_CONFIG_PHASE', '1'), ('WAYLAND_DISPLAY', 'wayland-0'), ('COLCON_PREFIX_PATH', '/home/jaeho/robot_ws/install'), ('ROS_DISTRO', 'humble'), ('LOGNAME', 'jaeho'), ('JOURNAL_STREAM', '8:13692'), ('_', '/usr/bin/colcon'), ('ROS_VERSION', '2'), ('XDG_SESSION_CLASS', 'user'), ('USERNAME', 'jaeho'), ('TERM', 'xterm-256color'), ('GNOME_DESKTOP_SESSION_ID', 'this-is-deprecated'), ('ROS_LOCALHOST_ONLY', '0'), ('PATH', '/opt/ros/humble/bin:/home/jaeho/.local/bin:/usr/local/sbin:/usr/local/bin:/usr/sbin:/usr/bin:/sbin:/bin:/usr/games:/usr/local/games:/snap/bin:/snap/bin'), ('SESSION_MANAGER', 'local/jaeho:@/tmp/.ICE-unix/1167,unix/jaeho:/tmp/.ICE-unix/1167'), ('INVOCATION_ID', 'b26f6bd3d67f410a978e09ec4f952b7d'), ('XDG_MENU_PREFIX', 'gnome-'), ('LC_ADDRESS', 'ko_KR.UTF-8'), ('GNOME_SETUP_DISPLAY', ':1'), ('XDG_RUNTIME_DIR', '/run/user/1000'), ('GDK_BACKEND', 'x11'), ('DISPLAY', ':0'), ('TERMINATOR_DBUS_PATH', '/net/tenshu/Terminator2'), ('LANG', 'en_US.UTF-8'), ('XDG_CURRENT_DESKTOP', 'Unity'), ('IBUS_DISABLE_SNOOPER', '1'), ('LC_TELEPHONE', 'ko_KR.UTF-8'), ('RMW_IMPLEMENTATION', 'rmw_fastrtps_cpp'), ('XMODIFIERS', '@im=ibus'), ('XDG_SESSION_DESKTOP', 'ubuntu'), ('XAUTHORITY', '/run/user/1000/.mutter-Xwaylandauth.OBKN82'), ('LS_COLORS', 'rs=0:di=01;34:ln=01;36:mh=00:pi=40;33:so=01;35:do=01;35:bd=40;33;01:cd=40;33;01:or=40;31;01:mi=00:su=37;41:sg=30;43:ca=30;41:tw=30;42:ow=34;42:st=37;44:ex=01;32:*.tar=01;31:*.tgz=01;31:*.arc=01;31:*.arj=01;31:*.taz=01;31:*.lha=01;31:*.lz4=01;31:*.lzh=01;31:*.lzma=01;31:*.tlz=01;31:*.txz=01;31:*.tzo=01;31:*.t7z=01;31:*.zip=01;31:*.z=01;31:*.dz=01;31:*.gz=01;31:*.lrz=01;31:*.lz=01;31:*.lzo=01;31:*.xz=01;31:*.zst=01;31:*.tzst=01;31:*.bz2=01;31:*.bz=01;31:*.tbz=01;31:*.tbz2=01;31:*.tz=01;31:*.deb=01;31:*.rpm=01;31:*.jar=01;31:*.war=01;31:*.ear=01;31:*.sar=01;31:*.rar=01;31:*.alz=01;31:*.ace=01;31:*.zoo=01;31:*.cpio=01;31:*.7z=01;31:*.rz=01;31:*.cab=01;31:*.wim=01;31:*.swm=01;31:*.dwm=01;31:*.esd=01;31:*.jpg=01;35:*.jpeg=01;35:*.mjpg=01;35:*.mjpeg=01;35:*.gif=01;35:*.bmp=01;35:*.pbm=01;35:*.pgm=01;35:*.ppm=01;35:*.tga=01;35:*.xbm=01;35:*.xpm=01;35:*.tif=01;35:*.tiff=01;35:*.png=01;35:*.svg=01;35:*.svgz=01;35:*.mng=01;35:*.pcx=01;35:*.mov=01;35:*.mpg=01;35:*.mpeg=01;35:*.m2v=01;35:*.mkv=01;35:*.webm=01;35:*.webp=01;35:*.ogm=01;35:*.mp4=01;35:*.m4v=01;35:*.mp4v=01;35:*.vob=01;35:*.qt=01;35:*.nuv=01;35:*.wmv=01;35:*.asf=01;35:*.rm=01;35:*.rmvb=01;35:*.flc=01;35:*.avi=01;35:*.fli=01;35:*.flv=01;35:*.gl=01;35:*.dl=01;35:*.xcf=01;35:*.xwd=01;35:*.yuv=01;35:*.cgm=01;35:*.emf=01;35:*.ogv=01;35:*.ogx=01;35:*.aac=00;36:*.au=00;36:*.flac=00;36:*.m4a=00;36:*.mid=00;36:*.midi=00;36:*.mka=00;36:*.mp3=00;36:*.mpc=00;36:*.ogg=00;36:*.ra=00;36:*.wav=00;36:*.oga=00;36:*.opus=00;36:*.spx=00;36:*.xspf=00;36:'), ('VSCODE_GIT_IPC_HANDLE', '/run/user/1000/vscode-git-da237cf720.sock'), ('TERM_PROGRAM', 'vscode'), ('SSH_AGENT_LAUNCHER', 'gnome-keyring'), ('SSH_AUTH_SOCK', '/run/user/1000/keyring/ssh'), ('AMENT_PREFIX_PATH', '/opt/ros/humble'), ('ORIGINAL_XDG_CURRENT_DESKTOP', 'ubuntu:GNOME'), ('SHELL', '/bin/bash'), ('LC_NAME', 'ko_KR.UTF-8'), ('TERMINATOR_UUID', 'urn:uuid:6aa90e33-a849-409c-8602-be3f8fd1b90a'), ('QT_ACCESSIBILITY', '1'), ('GDMSESSION', 'ubuntu'), ('LESSCLOSE', '/usr/bin/lesspipe %s %s'), ('LC_MEASUREMENT', 'ko_KR.UTF-8'), ('GJS_DEBUG_OUTPUT', 'stderr'), ('LC_IDENTIFICATION', 'ko_KR.UTF-8'), ('VSCODE_GIT_ASKPASS_EXTRA_ARGS', ''), ('QT_IM_MODULE', 'ibus'), ('RCUTILS_LOGGING_USE_STDOUT', '0'), ('PWD', '/home/jaeho/sw_projects/my_ros2_ws/src/turtlebot4_factory_inspection/build/turtlebot4_factory_inspection'), ('LC_ALL', 'en_US.UTF-8'), ('XDG_CONFIG_DIRS', '/etc/xdg/xdg-ubuntu:/etc/xdg'), ('RCUTILS_COLORIZED_OUTPUT', '1'), ('XDG_DATA_DIRS', '/usr/share/ubuntu:/usr/local/share/:/usr/share/:/var/lib/snapd/desktop'), ('PYTHONPATH', '/opt/ros/humble/lib/python3.10/site-packages:/opt/ros/humble/local/lib/python3.10/dist-packages'), ('LC_NUMERIC', 'ko_KR.UTF-8'), ('LC_PAPER', 'ko_KR.UTF-8'), ('COLCON', '1'), ('VTE_VERSION', '6800'), ('CMAKE_PREFIX_PATH', '/opt/ros/humble')]), 'shell': False}
[0.938391] (turtlebot4_factory_inspection) StdoutLine: {'line': b'[  7%] \x1b[32mBuilding CXX object CMakeFiles/bt_runner.dir/src/bt_runner.cpp.o\x1b[0m\n'}
[0.938583] (turtlebot4_factory_inspection) StdoutLine: {'line': b'[ 21%] \x1b[32mBuilding CXX object CMakeFiles/bt_runner.dir/src/utils/load_waypoints.cpp.o\x1b[0m\n'}
[0.938754] (turtlebot4_factory_inspection) StdoutLine: {'line': b'[ 21%] \x1b[32mBuilding CXX object CMakeFiles/bt_runner.dir/bt_nodes/AdvanceIndex.cpp.o\x1b[0m\n'}
[0.938890] (turtlebot4_factory_inspection) StdoutLine: {'line': b'[ 28%] \x1b[32mBuilding CXX object CMakeFiles/bt_runner.dir/bt_nodes/InitialSetup.cpp.o\x1b[0m\n'}
[0.939006] (turtlebot4_factory_inspection) StdoutLine: {'line': b'[ 42%] \x1b[32mBuilding CXX object CMakeFiles/bt_runner.dir/bt_nodes/IsArrivedAtBase.cpp.o\x1b[0m\n'}
[0.939089] (turtlebot4_factory_inspection) StdoutLine: {'line': b'[ 42%] \x1b[32mBuilding CXX object CMakeFiles/bt_runner.dir/bt_nodes/IsNomoreTask.cpp.o\x1b[0m\n'}
[0.939457] (turtlebot4_factory_inspection) StdoutLine: {'line': b'[ 50%] \x1b[32mBuilding CXX object CMakeFiles/bt_runner.dir/bt_nodes/CheckIfSetupDone.cpp.o\x1b[0m\n'}
[0.939534] (turtlebot4_factory_inspection) StdoutLine: {'line': b'[ 57%] \x1b[32mBuilding CXX object CMakeFiles/bt_runner.dir/bt_nodes/IsArrivedAtTarget.cpp.o\x1b[0m\n'}
[0.948911] (turtlebot4_factory_inspection) StderrLine: {'line': b'\x1b[01m\x1b[K/home/jaeho/sw_projects/my_ros2_ws/src/turtlebot4_factory_inspection/bt_nodes/CheckIfSetupDone.cpp:1:10:\x1b[m\x1b[K \x1b[01;31m\x1b[Kfatal error: \x1b[m\x1b[Kturtlebot4_factory_inspection/CheckIfSetupDone.hpp: No such file or directory\n'}
[0.949185] (turtlebot4_factory_inspection) StderrLine: {'line': b'    1 | #include \x1b[01;31m\x1b[K"turtlebot4_factory_inspection/CheckIfSetupDone.hpp"\x1b[m\x1b[K\n'}
[0.949254] (turtlebot4_factory_inspection) StderrLine: {'line': b'      |          \x1b[01;31m\x1b[K^~~~~~~~~~~~~~~~~~~~~~~~~~~~~~~~~~~~~~~~~~~~~~~~~~~~\x1b[m\x1b[K\n'}
[0.949311] (turtlebot4_factory_inspection) StderrLine: {'line': b'\x1b[01m\x1b[K/home/jaeho/sw_projects/my_ros2_ws/src/turtlebot4_factory_inspection/bt_nodes/AdvanceIndex.cpp:1:10:\x1b[m\x1b[K \x1b[01;31m\x1b[Kfatal error: \x1b[m\x1b[Kturtlebot4_factory_inspection/AdvanceIndex.hpp: No such file or directory\n'}
[0.949369] (turtlebot4_factory_inspection) StderrLine: {'line': b'    1 | #include \x1b[01;31m\x1b[K"turtlebot4_factory_inspection/AdvanceIndex.hpp"\x1b[m\x1b[K\n'}
[0.949425] (turtlebot4_factory_inspection) StderrLine: {'line': b'      |          \x1b[01;31m\x1b[K^~~~~~~~~~~~~~~~~~~~~~~~~~~~~~~~~~~~~~~~~~~~~~~~\x1b[m\x1b[K\n'}
[0.949480] (turtlebot4_factory_inspection) StderrLine: {'line': b'compilation terminated.\n'}
[0.949538] (turtlebot4_factory_inspection) StderrLine: {'line': b'compilation terminated.\n'}
[0.949594] (turtlebot4_factory_inspection) StderrLine: {'line': b'gmake[2]: *** [CMakeFiles/bt_runner.dir/build.make:104: CMakeFiles/bt_runner.dir/bt_nodes/AdvanceIndex.cpp.o] Error 1\n'}
[0.949687] (turtlebot4_factory_inspection) StderrLine: {'line': b'gmake[2]: *** Waiting for unfinished jobs....\n'}
[0.949752] (turtlebot4_factory_inspection) StderrLine: {'line': b'gmake[2]: *** [CMakeFiles/bt_runner.dir/build.make:118: CMakeFiles/bt_runner.dir/bt_nodes/CheckIfSetupDone.cpp.o] Error 1\n'}
[0.949809] (turtlebot4_factory_inspection) StderrLine: {'line': b'\x1b[01m\x1b[K/home/jaeho/sw_projects/my_ros2_ws/src/turtlebot4_factory_inspection/bt_nodes/InitialSetup.cpp:1:10:\x1b[m\x1b[K \x1b[01;31m\x1b[Kfatal error: \x1b[m\x1b[Kturtlebot4_factory_inspection/InitialSetup.hpp: No such file or directory\n'}
[0.949866] (turtlebot4_factory_inspection) StderrLine: {'line': b'    1 | #include \x1b[01;31m\x1b[K"turtlebot4_factory_inspection/InitialSetup.hpp"\x1b[m\x1b[K\n'}
[0.949930] (turtlebot4_factory_inspection) StderrLine: {'line': b'      |          \x1b[01;31m\x1b[K^~~~~~~~~~~~~~~~~~~~~~~~~~~~~~~~~~~~~~~~~~~~~~~~\x1b[m\x1b[K\n'}
[0.949987] (turtlebot4_factory_inspection) StderrLine: {'line': b'compilation terminated.\n'}
[0.950041] (turtlebot4_factory_inspection) StderrLine: {'line': b'\x1b[01m\x1b[K/home/jaeho/sw_projects/my_ros2_ws/src/turtlebot4_factory_inspection/bt_nodes/IsArrivedAtBase.cpp:1:10:\x1b[m\x1b[K \x1b[01;31m\x1b[Kfatal error: \x1b[m\x1b[Kturtlebot4_factory_inspection/IsArrivedAtBase.hpp: No such file or directory\n'}
[0.950098] (turtlebot4_factory_inspection) StderrLine: {'line': b'    1 | #include \x1b[01;31m\x1b[K"turtlebot4_factory_inspection/IsArrivedAtBase.hpp"\x1b[m\x1b[K\n'}
[0.950152] (turtlebot4_factory_inspection) StderrLine: {'line': b'      |          \x1b[01;31m\x1b[K^~~~~~~~~~~~~~~~~~~~~~~~~~~~~~~~~~~~~~~~~~~~~~~~~~~\x1b[m\x1b[K\n'}
[0.950204] (turtlebot4_factory_inspection) StderrLine: {'line': b'compilation terminated.\n'}
[0.950258] (turtlebot4_factory_inspection) StderrLine: {'line': b'gmake[2]: *** [CMakeFiles/bt_runner.dir/build.make:132: CMakeFiles/bt_runner.dir/bt_nodes/InitialSetup.cpp.o] Error 1\n'}
[0.950313] (turtlebot4_factory_inspection) StderrLine: {'line': b'gmake[2]: *** [CMakeFiles/bt_runner.dir/build.make:146: CMakeFiles/bt_runner.dir/bt_nodes/IsArrivedAtBase.cpp.o] Error 1\n'}
[0.950568] (turtlebot4_factory_inspection) StderrLine: {'line': b'\x1b[01m\x1b[K/home/jaeho/sw_projects/my_ros2_ws/src/turtlebot4_factory_inspection/src/utils/load_waypoints.cpp:1:10:\x1b[m\x1b[K \x1b[01;31m\x1b[Kfatal error: \x1b[m\x1b[Kturtlebot4_factory_inspection/utils/load_waypoints.hpp: No such file or directory\n'}
[0.950690] (turtlebot4_factory_inspection) StderrLine: {'line': b'    1 | #include \x1b[01;31m\x1b[K"turtlebot4_factory_inspection/utils/load_waypoints.hpp"\x1b[m\x1b[K\n'}
[0.950758] (turtlebot4_factory_inspection) StderrLine: {'line': b'      |          \x1b[01;31m\x1b[K^~~~~~~~~~~~~~~~~~~~~~~~~~~~~~~~~~~~~~~~~~~~~~~~~~~~~~~~\x1b[m\x1b[K\n'}
[0.950842] (turtlebot4_factory_inspection) StderrLine: {'line': b'compilation terminated.\n'}
[0.951180] (turtlebot4_factory_inspection) StderrLine: {'line': b'gmake[2]: *** [CMakeFiles/bt_runner.dir/build.make:90: CMakeFiles/bt_runner.dir/src/utils/load_waypoints.cpp.o] Error 1\n'}
[0.951360] (turtlebot4_factory_inspection) StderrLine: {'line': b'\x1b[01m\x1b[K/home/jaeho/sw_projects/my_ros2_ws/src/turtlebot4_factory_inspection/bt_nodes/IsArrivedAtTarget.cpp:1:10:\x1b[m\x1b[K \x1b[01;31m\x1b[Kfatal error: \x1b[m\x1b[Kturtlebot4_factory_inspection/IsArrivedAtTarget.hpp: No such file or directory\n'}
[0.951428] (turtlebot4_factory_inspection) StderrLine: {'line': b'    1 | #include \x1b[01;31m\x1b[K"turtlebot4_factory_inspection/IsArrivedAtTarget.hpp"\x1b[m\x1b[K\n'}
[0.951478] (turtlebot4_factory_inspection) StderrLine: {'line': b'      |          \x1b[01;31m\x1b[K^~~~~~~~~~~~~~~~~~~~~~~~~~~~~~~~~~~~~~~~~~~~~~~~~~~~~\x1b[m\x1b[K\n'}
[0.951523] (turtlebot4_factory_inspection) StderrLine: {'line': b'compilation terminated.\n'}
[0.951907] (turtlebot4_factory_inspection) StderrLine: {'line': b'gmake[2]: *** [CMakeFiles/bt_runner.dir/build.make:160: CMakeFiles/bt_runner.dir/bt_nodes/IsArrivedAtTarget.cpp.o] Error 1\n'}
[0.952660] (turtlebot4_factory_inspection) StderrLine: {'line': b'\x1b[01m\x1b[K/home/jaeho/sw_projects/my_ros2_ws/src/turtlebot4_factory_inspection/bt_nodes/IsNomoreTask.cpp:1:10:\x1b[m\x1b[K \x1b[01;31m\x1b[Kfatal error: \x1b[m\x1b[Kturtlebot4_factory_inspection/IsNomoreTask.hpp: No such file or directory\n'}
[0.952700] (turtlebot4_factory_inspection) StderrLine: {'line': b'    1 | #include \x1b[01;31m\x1b[K"turtlebot4_factory_inspection/IsNomoreTask.hpp"\x1b[m\x1b[K\n'}
[0.952735] (turtlebot4_factory_inspection) StderrLine: {'line': b'      |          \x1b[01;31m\x1b[K^~~~~~~~~~~~~~~~~~~~~~~~~~~~~~~~~~~~~~~~~~~~~~~~\x1b[m\x1b[K\n'}
[0.952768] (turtlebot4_factory_inspection) StderrLine: {'line': b'compilation terminated.\n'}
[0.953106] (turtlebot4_factory_inspection) StderrLine: {'line': b'gmake[2]: *** [CMakeFiles/bt_runner.dir/build.make:174: CMakeFiles/bt_runner.dir/bt_nodes/IsNomoreTask.cpp.o] Error 1\n'}
[1.000847] (-) TimerEvent: {}
[1.101085] (-) TimerEvent: {}
[1.201315] (-) TimerEvent: {}
[1.301535] (-) TimerEvent: {}
[1.401823] (-) TimerEvent: {}
[1.502049] (-) TimerEvent: {}
[1.602282] (-) TimerEvent: {}
[1.702528] (-) TimerEvent: {}
[1.802781] (-) TimerEvent: {}
[1.903028] (-) TimerEvent: {}
[2.003263] (-) TimerEvent: {}
[2.103517] (-) TimerEvent: {}
[2.203821] (-) TimerEvent: {}
[2.304139] (-) TimerEvent: {}
[2.404490] (-) TimerEvent: {}
[2.504737] (-) TimerEvent: {}
[2.604953] (-) TimerEvent: {}
[2.705180] (-) TimerEvent: {}
[2.805432] (-) TimerEvent: {}
[2.882864] (turtlebot4_factory_inspection) StderrLine: {'line': b'\x1b[01m\x1b[K/home/jaeho/sw_projects/my_ros2_ws/src/turtlebot4_factory_inspection/src/bt_runner.cpp:\x1b[m\x1b[K In function \xe2\x80\x98\x1b[01m\x1b[Kint main(int, char**)\x1b[m\x1b[K\xe2\x80\x99:\n'}
[2.882999] (turtlebot4_factory_inspection) StderrLine: {'line': b'\x1b[01m\x1b[K/home/jaeho/sw_projects/my_ros2_ws/src/turtlebot4_factory_inspection/src/bt_runner.cpp:28:28:\x1b[m\x1b[K \x1b[01;31m\x1b[Kerror: \x1b[m\x1b[K\xe2\x80\x98\x1b[01m\x1b[KAdvanceIndex\x1b[m\x1b[K\xe2\x80\x99 was not declared in this scope; did you mean \xe2\x80\x98\x1b[01m\x1b[Kturtlebot4_factory_inspection::AdvanceIndex\x1b[m\x1b[K\xe2\x80\x99?\n'}
[2.883051] (turtlebot4_factory_inspection) StderrLine: {'line': b'   28 |   factory.registerNodeType<\x1b[01;31m\x1b[KAdvanceIndex\x1b[m\x1b[K>("AdvanceIndex");\n'}
[2.883086] (turtlebot4_factory_inspection) StderrLine: {'line': b'      |                            \x1b[01;31m\x1b[K^~~~~~~~~~~~\x1b[m\x1b[K\n'}
[2.883118] (turtlebot4_factory_inspection) StderrLine: {'line': b'      |                            \x1b[32m\x1b[Kturtlebot4_factory_inspection::AdvanceIndex\x1b[m\x1b[K\n'}
[2.883151] (turtlebot4_factory_inspection) StderrLine: {'line': b'In file included from \x1b[01m\x1b[K/home/jaeho/sw_projects/my_ros2_ws/src/turtlebot4_factory_inspection/src/bt_runner.cpp:2\x1b[m\x1b[K:\n'}
[2.883183] (turtlebot4_factory_inspection) StderrLine: {'line': b'\x1b[01m\x1b[K/home/jaeho/sw_projects/my_ros2_ws/src/turtlebot4_factory_inspection/include/turtlebot4_factory_inspection/bt_nodes/AdvanceIndex.hpp:8:7:\x1b[m\x1b[K \x1b[01;36m\x1b[Knote: \x1b[m\x1b[K\xe2\x80\x98\x1b[01m\x1b[Kturtlebot4_factory_inspection::AdvanceIndex\x1b[m\x1b[K\xe2\x80\x99 declared here\n'}
[2.883216] (turtlebot4_factory_inspection) StderrLine: {'line': b'    8 | class \x1b[01;36m\x1b[KAdvanceIndex\x1b[m\x1b[K : public BT::SyncActionNode\n'}
[2.883247] (turtlebot4_factory_inspection) StderrLine: {'line': b'      |       \x1b[01;36m\x1b[K^~~~~~~~~~~~\x1b[m\x1b[K\n'}
[2.883278] (turtlebot4_factory_inspection) StderrLine: {'line': b'\x1b[01m\x1b[K/home/jaeho/sw_projects/my_ros2_ws/src/turtlebot4_factory_inspection/src/bt_runner.cpp:28:41:\x1b[m\x1b[K \x1b[01;31m\x1b[Kerror: \x1b[m\x1b[Kno matching function for call to \xe2\x80\x98\x1b[01m\x1b[KBT::BehaviorTreeFactory::registerNodeType<<expression error> >(const char [13])\x1b[m\x1b[K\xe2\x80\x99\n'}
[2.883315] (turtlebot4_factory_inspection) StderrLine: {'line': b'   28 |   \x1b[01;31m\x1b[Kfactory.registerNodeType<AdvanceIndex>("AdvanceIndex")\x1b[m\x1b[K;\n'}
[2.883346] (turtlebot4_factory_inspection) StderrLine: {'line': b'      |   \x1b[01;31m\x1b[K~~~~~~~~~~~~~~~~~~~~~~~~~~~~~~~~~~~~~~^~~~~~~~~~~~~~~~\x1b[m\x1b[K\n'}
[2.883383] (turtlebot4_factory_inspection) StderrLine: {'line': b'In file included from \x1b[01m\x1b[K/home/jaeho/sw_projects/my_ros2_ws/src/turtlebot4_factory_inspection/src/bt_runner.cpp:1\x1b[m\x1b[K:\n'}
[2.883571] (turtlebot4_factory_inspection) StderrLine: {'line': b'\x1b[01m\x1b[K/opt/ros/humble/include/behaviortree_cpp_v3/bt_factory.h:364:8:\x1b[m\x1b[K \x1b[01;36m\x1b[Knote: \x1b[m\x1b[Kcandidate: \xe2\x80\x98\x1b[01m\x1b[Ktemplate<class T> void BT::BehaviorTreeFactory::registerNodeType(const string&)\x1b[m\x1b[K\xe2\x80\x99\n'}
[2.883604] (turtlebot4_factory_inspection) StderrLine: {'line': b'  364 |   void \x1b[01;36m\x1b[KregisterNodeType\x1b[m\x1b[K(const std::string& ID)\n'}
[2.883636] (turtlebot4_factory_inspection) StderrLine: {'line': b'      |        \x1b[01;36m\x1b[K^~~~~~~~~~~~~~~~\x1b[m\x1b[K\n'}
[2.883667] (turtlebot4_factory_inspection) StderrLine: {'line': b'\x1b[01m\x1b[K/opt/ros/humble/include/behaviortree_cpp_v3/bt_factory.h:364:8:\x1b[m\x1b[K \x1b[01;36m\x1b[Knote: \x1b[m\x1b[K  template argument deduction/substitution failed:\n'}
[2.883699] (turtlebot4_factory_inspection) StderrLine: {'line': b'\x1b[01m\x1b[K/home/jaeho/sw_projects/my_ros2_ws/src/turtlebot4_factory_inspection/src/bt_runner.cpp:28:41:\x1b[m\x1b[K \x1b[01;31m\x1b[Kerror: \x1b[m\x1b[Ktemplate argument 1 is invalid\n'}
[2.883731] (turtlebot4_factory_inspection) StderrLine: {'line': b'   28 |   \x1b[01;31m\x1b[Kfactory.registerNodeType<AdvanceIndex>("AdvanceIndex")\x1b[m\x1b[K;\n'}
[2.883762] (turtlebot4_factory_inspection) StderrLine: {'line': b'      |   \x1b[01;31m\x1b[K~~~~~~~~~~~~~~~~~~~~~~~~~~~~~~~~~~~~~~^~~~~~~~~~~~~~~~\x1b[m\x1b[K\n'}
[2.883793] (turtlebot4_factory_inspection) StderrLine: {'line': b'In file included from \x1b[01m\x1b[K/home/jaeho/sw_projects/my_ros2_ws/src/turtlebot4_factory_inspection/src/bt_runner.cpp:1\x1b[m\x1b[K:\n'}
[2.883824] (turtlebot4_factory_inspection) StderrLine: {'line': b'\x1b[01m\x1b[K/opt/ros/humble/include/behaviortree_cpp_v3/bt_factory.h:422:8:\x1b[m\x1b[K \x1b[01;36m\x1b[Knote: \x1b[m\x1b[Kcandidate: \xe2\x80\x98\x1b[01m\x1b[Ktemplate<class T> void BT::BehaviorTreeFactory::registerNodeType(const string&, BT::PortsList)\x1b[m\x1b[K\xe2\x80\x99\n'}
[2.883856] (turtlebot4_factory_inspection) StderrLine: {'line': b'  422 |   void \x1b[01;36m\x1b[KregisterNodeType\x1b[m\x1b[K(const std::string& ID, PortsList ports)\n'}
[2.883893] (turtlebot4_factory_inspection) StderrLine: {'line': b'      |        \x1b[01;36m\x1b[K^~~~~~~~~~~~~~~~\x1b[m\x1b[K\n'}
[2.883927] (turtlebot4_factory_inspection) StderrLine: {'line': b'\x1b[01m\x1b[K/opt/ros/humble/include/behaviortree_cpp_v3/bt_factory.h:422:8:\x1b[m\x1b[K \x1b[01;36m\x1b[Knote: \x1b[m\x1b[K  template argument deduction/substitution failed:\n'}
[2.884000] (turtlebot4_factory_inspection) StderrLine: {'line': b'\x1b[01m\x1b[K/home/jaeho/sw_projects/my_ros2_ws/src/turtlebot4_factory_inspection/src/bt_runner.cpp:28:41:\x1b[m\x1b[K \x1b[01;31m\x1b[Kerror: \x1b[m\x1b[Ktemplate argument 1 is invalid\n'}
[2.884076] (turtlebot4_factory_inspection) StderrLine: {'line': b'   28 |   \x1b[01;31m\x1b[Kfactory.registerNodeType<AdvanceIndex>("AdvanceIndex")\x1b[m\x1b[K;\n'}
[2.884111] (turtlebot4_factory_inspection) StderrLine: {'line': b'      |   \x1b[01;31m\x1b[K~~~~~~~~~~~~~~~~~~~~~~~~~~~~~~~~~~~~~~^~~~~~~~~~~~~~~~\x1b[m\x1b[K\n'}
[2.884144] (turtlebot4_factory_inspection) StderrLine: {'line': b'\x1b[01m\x1b[K/home/jaeho/sw_projects/my_ros2_ws/src/turtlebot4_factory_inspection/src/bt_runner.cpp:29:28:\x1b[m\x1b[K \x1b[01;31m\x1b[Kerror: \x1b[m\x1b[K\xe2\x80\x98\x1b[01m\x1b[KCheckIfSetupDone\x1b[m\x1b[K\xe2\x80\x99 was not declared in this scope; did you mean \xe2\x80\x98\x1b[01m\x1b[Kturtlebot4_factory_inspection::CheckIfSetupDone\x1b[m\x1b[K\xe2\x80\x99?\n'}
[2.884182] (turtlebot4_factory_inspection) StderrLine: {'line': b'   29 |   factory.registerNodeType<\x1b[01;31m\x1b[KCheckIfSetupDone\x1b[m\x1b[K>("CheckIfSetupDone");\n'}
[2.884215] (turtlebot4_factory_inspection) StderrLine: {'line': b'      |                            \x1b[01;31m\x1b[K^~~~~~~~~~~~~~~~\x1b[m\x1b[K\n'}
[2.884249] (turtlebot4_factory_inspection) StderrLine: {'line': b'      |                            \x1b[32m\x1b[Kturtlebot4_factory_inspection::CheckIfSetupDone\x1b[m\x1b[K\n'}
[2.884282] (turtlebot4_factory_inspection) StderrLine: {'line': b'In file included from \x1b[01m\x1b[K/home/jaeho/sw_projects/my_ros2_ws/src/turtlebot4_factory_inspection/src/bt_runner.cpp:3\x1b[m\x1b[K:\n'}
[2.884316] (turtlebot4_factory_inspection) StderrLine: {'line': b'\x1b[01m\x1b[K/home/jaeho/sw_projects/my_ros2_ws/src/turtlebot4_factory_inspection/include/turtlebot4_factory_inspection/bt_nodes/CheckIfSetupDone.hpp:8:7:\x1b[m\x1b[K \x1b[01;36m\x1b[Knote: \x1b[m\x1b[K\xe2\x80\x98\x1b[01m\x1b[Kturtlebot4_factory_inspection::CheckIfSetupDone\x1b[m\x1b[K\xe2\x80\x99 declared here\n'}
[2.884354] (turtlebot4_factory_inspection) StderrLine: {'line': b'    8 | class \x1b[01;36m\x1b[KCheckIfSetupDone\x1b[m\x1b[K : public BT::SyncActionNode\n'}
[2.884395] (turtlebot4_factory_inspection) StderrLine: {'line': b'      |       \x1b[01;36m\x1b[K^~~~~~~~~~~~~~~~\x1b[m\x1b[K\n'}
[2.884434] (turtlebot4_factory_inspection) StderrLine: {'line': b'\x1b[01m\x1b[K/home/jaeho/sw_projects/my_ros2_ws/src/turtlebot4_factory_inspection/src/bt_runner.cpp:29:45:\x1b[m\x1b[K \x1b[01;31m\x1b[Kerror: \x1b[m\x1b[Kno matching function for call to \xe2\x80\x98\x1b[01m\x1b[KBT::BehaviorTreeFactory::registerNodeType<<expression error> >(const char [17])\x1b[m\x1b[K\xe2\x80\x99\n'}
[2.884469] (turtlebot4_factory_inspection) StderrLine: {'line': b'   29 |   \x1b[01;31m\x1b[Kfactory.registerNodeType<CheckIfSetupDone>("CheckIfSetupDone")\x1b[m\x1b[K;\n'}
[2.884504] (turtlebot4_factory_inspection) StderrLine: {'line': b'      |   \x1b[01;31m\x1b[K~~~~~~~~~~~~~~~~~~~~~~~~~~~~~~~~~~~~~~~~~~^~~~~~~~~~~~~~~~~~~~\x1b[m\x1b[K\n'}
[2.884537] (turtlebot4_factory_inspection) StderrLine: {'line': b'In file included from \x1b[01m\x1b[K/home/jaeho/sw_projects/my_ros2_ws/src/turtlebot4_factory_inspection/src/bt_runner.cpp:1\x1b[m\x1b[K:\n'}
[2.884570] (turtlebot4_factory_inspection) StderrLine: {'line': b'\x1b[01m\x1b[K/opt/ros/humble/include/behaviortree_cpp_v3/bt_factory.h:364:8:\x1b[m\x1b[K \x1b[01;36m\x1b[Knote: \x1b[m\x1b[Kcandidate: \xe2\x80\x98\x1b[01m\x1b[Ktemplate<class T> void BT::BehaviorTreeFactory::registerNodeType(const string&)\x1b[m\x1b[K\xe2\x80\x99\n'}
[2.884606] (turtlebot4_factory_inspection) StderrLine: {'line': b'  364 |   void \x1b[01;36m\x1b[KregisterNodeType\x1b[m\x1b[K(const std::string& ID)\n'}
[2.884640] (turtlebot4_factory_inspection) StderrLine: {'line': b'      |        \x1b[01;36m\x1b[K^~~~~~~~~~~~~~~~\x1b[m\x1b[K\n'}
[2.884674] (turtlebot4_factory_inspection) StderrLine: {'line': b'\x1b[01m\x1b[K/opt/ros/humble/include/behaviortree_cpp_v3/bt_factory.h:364:8:\x1b[m\x1b[K \x1b[01;36m\x1b[Knote: \x1b[m\x1b[K  template argument deduction/substitution failed:\n'}
[2.884707] (turtlebot4_factory_inspection) StderrLine: {'line': b'\x1b[01m\x1b[K/home/jaeho/sw_projects/my_ros2_ws/src/turtlebot4_factory_inspection/src/bt_runner.cpp:29:45:\x1b[m\x1b[K \x1b[01;31m\x1b[Kerror: \x1b[m\x1b[Ktemplate argument 1 is invalid\n'}
[2.884741] (turtlebot4_factory_inspection) StderrLine: {'line': b'   29 |   \x1b[01;31m\x1b[Kfactory.registerNodeType<CheckIfSetupDone>("CheckIfSetupDone")\x1b[m\x1b[K;\n'}
[2.884777] (turtlebot4_factory_inspection) StderrLine: {'line': b'      |   \x1b[01;31m\x1b[K~~~~~~~~~~~~~~~~~~~~~~~~~~~~~~~~~~~~~~~~~~^~~~~~~~~~~~~~~~~~~~\x1b[m\x1b[K\n'}
[2.884815] (turtlebot4_factory_inspection) StderrLine: {'line': b'In file included from \x1b[01m\x1b[K/home/jaeho/sw_projects/my_ros2_ws/src/turtlebot4_factory_inspection/src/bt_runner.cpp:1\x1b[m\x1b[K:\n'}
[2.884856] (turtlebot4_factory_inspection) StderrLine: {'line': b'\x1b[01m\x1b[K/opt/ros/humble/include/behaviortree_cpp_v3/bt_factory.h:422:8:\x1b[m\x1b[K \x1b[01;36m\x1b[Knote: \x1b[m\x1b[Kcandidate: \xe2\x80\x98\x1b[01m\x1b[Ktemplate<class T> void BT::BehaviorTreeFactory::registerNodeType(const string&, BT::PortsList)\x1b[m\x1b[K\xe2\x80\x99\n'}
[2.884895] (turtlebot4_factory_inspection) StderrLine: {'line': b'  422 |   void \x1b[01;36m\x1b[KregisterNodeType\x1b[m\x1b[K(const std::string& ID, PortsList ports)\n'}
[2.884930] (turtlebot4_factory_inspection) StderrLine: {'line': b'      |        \x1b[01;36m\x1b[K^~~~~~~~~~~~~~~~\x1b[m\x1b[K\n'}
[2.884964] (turtlebot4_factory_inspection) StderrLine: {'line': b'\x1b[01m\x1b[K/opt/ros/humble/include/behaviortree_cpp_v3/bt_factory.h:422:8:\x1b[m\x1b[K \x1b[01;36m\x1b[Knote: \x1b[m\x1b[K  template argument deduction/substitution failed:\n'}
[2.884999] (turtlebot4_factory_inspection) StderrLine: {'line': b'\x1b[01m\x1b[K/home/jaeho/sw_projects/my_ros2_ws/src/turtlebot4_factory_inspection/src/bt_runner.cpp:29:45:\x1b[m\x1b[K \x1b[01;31m\x1b[Kerror: \x1b[m\x1b[Ktemplate argument 1 is invalid\n'}
[2.885032] (turtlebot4_factory_inspection) StderrLine: {'line': b'   29 |   \x1b[01;31m\x1b[Kfactory.registerNodeType<CheckIfSetupDone>("CheckIfSetupDone")\x1b[m\x1b[K;\n'}
[2.885068] (turtlebot4_factory_inspection) StderrLine: {'line': b'      |   \x1b[01;31m\x1b[K~~~~~~~~~~~~~~~~~~~~~~~~~~~~~~~~~~~~~~~~~~^~~~~~~~~~~~~~~~~~~~\x1b[m\x1b[K\n'}
[2.885104] (turtlebot4_factory_inspection) StderrLine: {'line': b'\x1b[01m\x1b[K/home/jaeho/sw_projects/my_ros2_ws/src/turtlebot4_factory_inspection/src/bt_runner.cpp:31:28:\x1b[m\x1b[K \x1b[01;31m\x1b[Kerror: \x1b[m\x1b[K\xe2\x80\x98\x1b[01m\x1b[KIsArrivedAtBase\x1b[m\x1b[K\xe2\x80\x99 was not declared in this scope; did you mean \xe2\x80\x98\x1b[01m\x1b[Kturtlebot4_factory_inspection::IsArrivedAtBase\x1b[m\x1b[K\xe2\x80\x99?\n'}
[2.885223] (turtlebot4_factory_inspection) StderrLine: {'line': b'   31 |   factory.registerNodeType<\x1b[01;31m\x1b[KIsArrivedAtBase\x1b[m\x1b[K>("IsArrivedAtBase");\n'}
[2.885261] (turtlebot4_factory_inspection) StderrLine: {'line': b'      |                            \x1b[01;31m\x1b[K^~~~~~~~~~~~~~~\x1b[m\x1b[K\n'}
[2.885295] (turtlebot4_factory_inspection) StderrLine: {'line': b'      |                            \x1b[32m\x1b[Kturtlebot4_factory_inspection::IsArrivedAtBase\x1b[m\x1b[K\n'}
[2.885329] (turtlebot4_factory_inspection) StderrLine: {'line': b'In file included from \x1b[01m\x1b[K/home/jaeho/sw_projects/my_ros2_ws/src/turtlebot4_factory_inspection/src/bt_runner.cpp:5\x1b[m\x1b[K:\n'}
[2.885362] (turtlebot4_factory_inspection) StderrLine: {'line': b'\x1b[01m\x1b[K/home/jaeho/sw_projects/my_ros2_ws/src/turtlebot4_factory_inspection/include/turtlebot4_factory_inspection/bt_nodes/IsArrivedAtBase.hpp:8:7:\x1b[m\x1b[K \x1b[01;36m\x1b[Knote: \x1b[m\x1b[K\xe2\x80\x98\x1b[01m\x1b[Kturtlebot4_factory_inspection::IsArrivedAtBase\x1b[m\x1b[K\xe2\x80\x99 declared here\n'}
[2.885396] (turtlebot4_factory_inspection) StderrLine: {'line': b'    8 | class \x1b[01;36m\x1b[KIsArrivedAtBase\x1b[m\x1b[K : public BT::SyncActionNode\n'}
[2.885434] (turtlebot4_factory_inspection) StderrLine: {'line': b'      |       \x1b[01;36m\x1b[K^~~~~~~~~~~~~~~\x1b[m\x1b[K\n'}
[2.885475] (turtlebot4_factory_inspection) StderrLine: {'line': b'\x1b[01m\x1b[K/home/jaeho/sw_projects/my_ros2_ws/src/turtlebot4_factory_inspection/src/bt_runner.cpp:31:44:\x1b[m\x1b[K \x1b[01;31m\x1b[Kerror: \x1b[m\x1b[Kno matching function for call to \xe2\x80\x98\x1b[01m\x1b[KBT::BehaviorTreeFactory::registerNodeType<<expression error> >(const char [16])\x1b[m\x1b[K\xe2\x80\x99\n'}
[2.885510] (turtlebot4_factory_inspection) StderrLine: {'line': b'   31 |   \x1b[01;31m\x1b[Kfactory.registerNodeType<IsArrivedAtBase>("IsArrivedAtBase")\x1b[m\x1b[K;\n'}
[2.885543] (turtlebot4_factory_inspection) StderrLine: {'line': b'      |   \x1b[01;31m\x1b[K~~~~~~~~~~~~~~~~~~~~~~~~~~~~~~~~~~~~~~~~~^~~~~~~~~~~~~~~~~~~\x1b[m\x1b[K\n'}
[2.885577] (turtlebot4_factory_inspection) StderrLine: {'line': b'In file included from \x1b[01m\x1b[K/home/jaeho/sw_projects/my_ros2_ws/src/turtlebot4_factory_inspection/src/bt_runner.cpp:1\x1b[m\x1b[K:\n'}
[2.885613] (turtlebot4_factory_inspection) StderrLine: {'line': b'\x1b[01m\x1b[K/opt/ros/humble/include/behaviortree_cpp_v3/bt_factory.h:364:8:\x1b[m\x1b[K \x1b[01;36m\x1b[Knote: \x1b[m\x1b[Kcandidate: \xe2\x80\x98\x1b[01m\x1b[Ktemplate<class T> void BT::BehaviorTreeFactory::registerNodeType(const string&)\x1b[m\x1b[K\xe2\x80\x99\n'}
[2.885650] (turtlebot4_factory_inspection) StderrLine: {'line': b'  364 |   void \x1b[01;36m\x1b[KregisterNodeType\x1b[m\x1b[K(const std::string& ID)\n'}
[2.885686] (turtlebot4_factory_inspection) StderrLine: {'line': b'      |        \x1b[01;36m\x1b[K^~~~~~~~~~~~~~~~\x1b[m\x1b[K\n'}
[2.885730] (turtlebot4_factory_inspection) StderrLine: {'line': b'\x1b[01m\x1b[K/opt/ros/humble/include/behaviortree_cpp_v3/bt_factory.h:364:8:\x1b[m\x1b[K \x1b[01;36m\x1b[Knote: \x1b[m\x1b[K  template argument deduction/substitution failed:\n'}
[2.885765] (turtlebot4_factory_inspection) StderrLine: {'line': b'\x1b[01m\x1b[K/home/jaeho/sw_projects/my_ros2_ws/src/turtlebot4_factory_inspection/src/bt_runner.cpp:31:44:\x1b[m\x1b[K \x1b[01;31m\x1b[Kerror: \x1b[m\x1b[Ktemplate argument 1 is invalid\n'}
[2.885800] (turtlebot4_factory_inspection) StderrLine: {'line': b'   31 |   \x1b[01;31m\x1b[Kfactory.registerNodeType<IsArrivedAtBase>("IsArrivedAtBase")\x1b[m\x1b[K;\n'}
[2.885834] (turtlebot4_factory_inspection) StderrLine: {'line': b'      |   \x1b[01;31m\x1b[K~~~~~~~~~~~~~~~~~~~~~~~~~~~~~~~~~~~~~~~~~^~~~~~~~~~~~~~~~~~~\x1b[m\x1b[K\n'}
[2.885868] (turtlebot4_factory_inspection) StderrLine: {'line': b'In file included from \x1b[01m\x1b[K/home/jaeho/sw_projects/my_ros2_ws/src/turtlebot4_factory_inspection/src/bt_runner.cpp:1\x1b[m\x1b[K:\n'}
[2.886017] (turtlebot4_factory_inspection) StderrLine: {'line': b'\x1b[01m\x1b[K/opt/ros/humble/include/behaviortree_cpp_v3/bt_factory.h:422:8:\x1b[m\x1b[K \x1b[01;36m\x1b[Knote: \x1b[m\x1b[Kcandidate: \xe2\x80\x98\x1b[01m\x1b[Ktemplate<class T> void BT::BehaviorTreeFactory::registerNodeType(const string&, BT::PortsList)\x1b[m\x1b[K\xe2\x80\x99\n'}
[2.886054] (turtlebot4_factory_inspection) StderrLine: {'line': b'  422 |   void \x1b[01;36m\x1b[KregisterNodeType\x1b[m\x1b[K(const std::string& ID, PortsList ports)\n'}
[2.886088] (turtlebot4_factory_inspection) StderrLine: {'line': b'      |        \x1b[01;36m\x1b[K^~~~~~~~~~~~~~~~\x1b[m\x1b[K\n'}
[2.886121] (turtlebot4_factory_inspection) StderrLine: {'line': b'\x1b[01m\x1b[K/opt/ros/humble/include/behaviortree_cpp_v3/bt_factory.h:422:8:\x1b[m\x1b[K \x1b[01;36m\x1b[Knote: \x1b[m\x1b[K  template argument deduction/substitution failed:\n'}
[2.886155] (turtlebot4_factory_inspection) StderrLine: {'line': b'\x1b[01m\x1b[K/home/jaeho/sw_projects/my_ros2_ws/src/turtlebot4_factory_inspection/src/bt_runner.cpp:31:44:\x1b[m\x1b[K \x1b[01;31m\x1b[Kerror: \x1b[m\x1b[Ktemplate argument 1 is invalid\n'}
[2.886189] (turtlebot4_factory_inspection) StderrLine: {'line': b'   31 |   \x1b[01;31m\x1b[Kfactory.registerNodeType<IsArrivedAtBase>("IsArrivedAtBase")\x1b[m\x1b[K;\n'}
[2.886223] (turtlebot4_factory_inspection) StderrLine: {'line': b'      |   \x1b[01;31m\x1b[K~~~~~~~~~~~~~~~~~~~~~~~~~~~~~~~~~~~~~~~~~^~~~~~~~~~~~~~~~~~~\x1b[m\x1b[K\n'}
[2.886257] (turtlebot4_factory_inspection) StderrLine: {'line': b'\x1b[01m\x1b[K/home/jaeho/sw_projects/my_ros2_ws/src/turtlebot4_factory_inspection/src/bt_runner.cpp:32:28:\x1b[m\x1b[K \x1b[01;31m\x1b[Kerror: \x1b[m\x1b[K\xe2\x80\x98\x1b[01m\x1b[KIsArrivedAtTarget\x1b[m\x1b[K\xe2\x80\x99 was not declared in this scope; did you mean \xe2\x80\x98\x1b[01m\x1b[Kturtlebot4_factory_inspection::IsArrivedAtTarget\x1b[m\x1b[K\xe2\x80\x99?\n'}
[2.886292] (turtlebot4_factory_inspection) StderrLine: {'line': b'   32 |   factory.registerNodeType<\x1b[01;31m\x1b[KIsArrivedAtTarget\x1b[m\x1b[K>("IsArrivedAtTarget");\n'}
[2.886326] (turtlebot4_factory_inspection) StderrLine: {'line': b'      |                            \x1b[01;31m\x1b[K^~~~~~~~~~~~~~~~~\x1b[m\x1b[K\n'}
[2.886581] (turtlebot4_factory_inspection) StderrLine: {'line': b'      |                            \x1b[32m\x1b[Kturtlebot4_factory_inspection::IsArrivedAtTarget\x1b[m\x1b[K\n'}
[2.886617] (turtlebot4_factory_inspection) StderrLine: {'line': b'In file included from \x1b[01m\x1b[K/home/jaeho/sw_projects/my_ros2_ws/src/turtlebot4_factory_inspection/src/bt_runner.cpp:6\x1b[m\x1b[K:\n'}
[2.886651] (turtlebot4_factory_inspection) StderrLine: {'line': b'\x1b[01m\x1b[K/home/jaeho/sw_projects/my_ros2_ws/src/turtlebot4_factory_inspection/include/turtlebot4_factory_inspection/bt_nodes/IsArrivedAtTarget.hpp:13:7:\x1b[m\x1b[K \x1b[01;36m\x1b[Knote: \x1b[m\x1b[K\xe2\x80\x98\x1b[01m\x1b[Kturtlebot4_factory_inspection::IsArrivedAtTarget\x1b[m\x1b[K\xe2\x80\x99 declared here\n'}
[2.886687] (turtlebot4_factory_inspection) StderrLine: {'line': b'   13 | class \x1b[01;36m\x1b[KIsArrivedAtTarget\x1b[m\x1b[K : public BT::ConditionNode\n'}
[2.886720] (turtlebot4_factory_inspection) StderrLine: {'line': b'      |       \x1b[01;36m\x1b[K^~~~~~~~~~~~~~~~~\x1b[m\x1b[K\n'}
[2.886754] (turtlebot4_factory_inspection) StderrLine: {'line': b'\x1b[01m\x1b[K/home/jaeho/sw_projects/my_ros2_ws/src/turtlebot4_factory_inspection/src/bt_runner.cpp:32:46:\x1b[m\x1b[K \x1b[01;31m\x1b[Kerror: \x1b[m\x1b[Kno matching function for call to \xe2\x80\x98\x1b[01m\x1b[KBT::BehaviorTreeFactory::registerNodeType<<expression error> >(const char [18])\x1b[m\x1b[K\xe2\x80\x99\n'}
[2.886788] (turtlebot4_factory_inspection) StderrLine: {'line': b'   32 |   \x1b[01;31m\x1b[Kfactory.registerNodeType<IsArrivedAtTarget>("IsArrivedAtTarget")\x1b[m\x1b[K;\n'}
[2.886821] (turtlebot4_factory_inspection) StderrLine: {'line': b'      |   \x1b[01;31m\x1b[K~~~~~~~~~~~~~~~~~~~~~~~~~~~~~~~~~~~~~~~~~~~^~~~~~~~~~~~~~~~~~~~~\x1b[m\x1b[K\n'}
[2.886853] (turtlebot4_factory_inspection) StderrLine: {'line': b'In file included from \x1b[01m\x1b[K/home/jaeho/sw_projects/my_ros2_ws/src/turtlebot4_factory_inspection/src/bt_runner.cpp:1\x1b[m\x1b[K:\n'}
[2.886892] (turtlebot4_factory_inspection) StderrLine: {'line': b'\x1b[01m\x1b[K/opt/ros/humble/include/behaviortree_cpp_v3/bt_factory.h:364:8:\x1b[m\x1b[K \x1b[01;36m\x1b[Knote: \x1b[m\x1b[Kcandidate: \xe2\x80\x98\x1b[01m\x1b[Ktemplate<class T> void BT::BehaviorTreeFactory::registerNodeType(const string&)\x1b[m\x1b[K\xe2\x80\x99\n'}
[2.886927] (turtlebot4_factory_inspection) StderrLine: {'line': b'  364 |   void \x1b[01;36m\x1b[KregisterNodeType\x1b[m\x1b[K(const std::string& ID)\n'}
[2.886960] (turtlebot4_factory_inspection) StderrLine: {'line': b'      |        \x1b[01;36m\x1b[K^~~~~~~~~~~~~~~~\x1b[m\x1b[K\n'}
[2.886993] (turtlebot4_factory_inspection) StderrLine: {'line': b'\x1b[01m\x1b[K/opt/ros/humble/include/behaviortree_cpp_v3/bt_factory.h:364:8:\x1b[m\x1b[K \x1b[01;36m\x1b[Knote: \x1b[m\x1b[K  template argument deduction/substitution failed:\n'}
[2.887026] (turtlebot4_factory_inspection) StderrLine: {'line': b'\x1b[01m\x1b[K/home/jaeho/sw_projects/my_ros2_ws/src/turtlebot4_factory_inspection/src/bt_runner.cpp:32:46:\x1b[m\x1b[K \x1b[01;31m\x1b[Kerror: \x1b[m\x1b[Ktemplate argument 1 is invalid\n'}
[2.887061] (turtlebot4_factory_inspection) StderrLine: {'line': b'   32 |   \x1b[01;31m\x1b[Kfactory.registerNodeType<IsArrivedAtTarget>("IsArrivedAtTarget")\x1b[m\x1b[K;\n'}
[2.887095] (turtlebot4_factory_inspection) StderrLine: {'line': b'      |   \x1b[01;31m\x1b[K~~~~~~~~~~~~~~~~~~~~~~~~~~~~~~~~~~~~~~~~~~~^~~~~~~~~~~~~~~~~~~~~\x1b[m\x1b[K\n'}
[2.887127] (turtlebot4_factory_inspection) StderrLine: {'line': b'In file included from \x1b[01m\x1b[K/home/jaeho/sw_projects/my_ros2_ws/src/turtlebot4_factory_inspection/src/bt_runner.cpp:1\x1b[m\x1b[K:\n'}
[2.887160] (turtlebot4_factory_inspection) StderrLine: {'line': b'\x1b[01m\x1b[K/opt/ros/humble/include/behaviortree_cpp_v3/bt_factory.h:422:8:\x1b[m\x1b[K \x1b[01;36m\x1b[Knote: \x1b[m\x1b[Kcandidate: \xe2\x80\x98\x1b[01m\x1b[Ktemplate<class T> void BT::BehaviorTreeFactory::registerNodeType(const string&, BT::PortsList)\x1b[m\x1b[K\xe2\x80\x99\n'}
[2.887193] (turtlebot4_factory_inspection) StderrLine: {'line': b'  422 |   void \x1b[01;36m\x1b[KregisterNodeType\x1b[m\x1b[K(const std::string& ID, PortsList ports)\n'}
[2.887228] (turtlebot4_factory_inspection) StderrLine: {'line': b'      |        \x1b[01;36m\x1b[K^~~~~~~~~~~~~~~~\x1b[m\x1b[K\n'}
[2.887261] (turtlebot4_factory_inspection) StderrLine: {'line': b'\x1b[01m\x1b[K/opt/ros/humble/include/behaviortree_cpp_v3/bt_factory.h:422:8:\x1b[m\x1b[K \x1b[01;36m\x1b[Knote: \x1b[m\x1b[K  template argument deduction/substitution failed:\n'}
[2.887293] (turtlebot4_factory_inspection) StderrLine: {'line': b'\x1b[01m\x1b[K/home/jaeho/sw_projects/my_ros2_ws/src/turtlebot4_factory_inspection/src/bt_runner.cpp:32:46:\x1b[m\x1b[K \x1b[01;31m\x1b[Kerror: \x1b[m\x1b[Ktemplate argument 1 is invalid\n'}
[2.887328] (turtlebot4_factory_inspection) StderrLine: {'line': b'   32 |   \x1b[01;31m\x1b[Kfactory.registerNodeType<IsArrivedAtTarget>("IsArrivedAtTarget")\x1b[m\x1b[K;\n'}
[2.887361] (turtlebot4_factory_inspection) StderrLine: {'line': b'      |   \x1b[01;31m\x1b[K~~~~~~~~~~~~~~~~~~~~~~~~~~~~~~~~~~~~~~~~~~~^~~~~~~~~~~~~~~~~~~~~\x1b[m\x1b[K\n'}
[2.887394] (turtlebot4_factory_inspection) StderrLine: {'line': b'\x1b[01m\x1b[K/home/jaeho/sw_projects/my_ros2_ws/src/turtlebot4_factory_inspection/src/bt_runner.cpp:34:28:\x1b[m\x1b[K \x1b[01;31m\x1b[Kerror: \x1b[m\x1b[K\xe2\x80\x98\x1b[01m\x1b[KIsNomoreTask\x1b[m\x1b[K\xe2\x80\x99 was not declared in this scope; did you mean \xe2\x80\x98\x1b[01m\x1b[Kturtlebot4_factory_inspection::IsNomoreTask\x1b[m\x1b[K\xe2\x80\x99?\n'}
[2.887428] (turtlebot4_factory_inspection) StderrLine: {'line': b'   34 |   factory.registerNodeType<\x1b[01;31m\x1b[KIsNomoreTask\x1b[m\x1b[K>("IsNomoreTask");\n'}
[2.887463] (turtlebot4_factory_inspection) StderrLine: {'line': b'      |                            \x1b[01;31m\x1b[K^~~~~~~~~~~~\x1b[m\x1b[K\n'}
[2.887496] (turtlebot4_factory_inspection) StderrLine: {'line': b'      |                            \x1b[32m\x1b[Kturtlebot4_factory_inspection::IsNomoreTask\x1b[m\x1b[K\n'}
[2.887530] (turtlebot4_factory_inspection) StderrLine: {'line': b'In file included from \x1b[01m\x1b[K/home/jaeho/sw_projects/my_ros2_ws/src/turtlebot4_factory_inspection/src/bt_runner.cpp:7\x1b[m\x1b[K:\n'}
[2.887563] (turtlebot4_factory_inspection) StderrLine: {'line': b'\x1b[01m\x1b[K/home/jaeho/sw_projects/my_ros2_ws/src/turtlebot4_factory_inspection/include/turtlebot4_factory_inspection/bt_nodes/IsNomoreTask.hpp:8:7:\x1b[m\x1b[K \x1b[01;36m\x1b[Knote: \x1b[m\x1b[K\xe2\x80\x98\x1b[01m\x1b[Kturtlebot4_factory_inspection::IsNomoreTask\x1b[m\x1b[K\xe2\x80\x99 declared here\n'}
[2.887598] (turtlebot4_factory_inspection) StderrLine: {'line': b'    8 | class \x1b[01;36m\x1b[KIsNomoreTask\x1b[m\x1b[K : public BT::SyncActionNode\n'}
[2.887632] (turtlebot4_factory_inspection) StderrLine: {'line': b'      |       \x1b[01;36m\x1b[K^~~~~~~~~~~~\x1b[m\x1b[K\n'}
[2.887666] (turtlebot4_factory_inspection) StderrLine: {'line': b'\x1b[01m\x1b[K/home/jaeho/sw_projects/my_ros2_ws/src/turtlebot4_factory_inspection/src/bt_runner.cpp:34:41:\x1b[m\x1b[K \x1b[01;31m\x1b[Kerror: \x1b[m\x1b[Kno matching function for call to \xe2\x80\x98\x1b[01m\x1b[KBT::BehaviorTreeFactory::registerNodeType<<expression error> >(const char [13])\x1b[m\x1b[K\xe2\x80\x99\n'}
[2.887700] (turtlebot4_factory_inspection) StderrLine: {'line': b'   34 |   \x1b[01;31m\x1b[Kfactory.registerNodeType<IsNomoreTask>("IsNomoreTask")\x1b[m\x1b[K;\n'}
[2.887733] (turtlebot4_factory_inspection) StderrLine: {'line': b'      |   \x1b[01;31m\x1b[K~~~~~~~~~~~~~~~~~~~~~~~~~~~~~~~~~~~~~~^~~~~~~~~~~~~~~~\x1b[m\x1b[K\n'}
[2.887766] (turtlebot4_factory_inspection) StderrLine: {'line': b'In file included from \x1b[01m\x1b[K/home/jaeho/sw_projects/my_ros2_ws/src/turtlebot4_factory_inspection/src/bt_runner.cpp:1\x1b[m\x1b[K:\n'}
[2.887799] (turtlebot4_factory_inspection) StderrLine: {'line': b'\x1b[01m\x1b[K/opt/ros/humble/include/behaviortree_cpp_v3/bt_factory.h:364:8:\x1b[m\x1b[K \x1b[01;36m\x1b[Knote: \x1b[m\x1b[Kcandidate: \xe2\x80\x98\x1b[01m\x1b[Ktemplate<class T> void BT::BehaviorTreeFactory::registerNodeType(const string&)\x1b[m\x1b[K\xe2\x80\x99\n'}
[2.887834] (turtlebot4_factory_inspection) StderrLine: {'line': b'  364 |   void \x1b[01;36m\x1b[KregisterNodeType\x1b[m\x1b[K(const std::string& ID)\n'}
[2.887866] (turtlebot4_factory_inspection) StderrLine: {'line': b'      |        \x1b[01;36m\x1b[K^~~~~~~~~~~~~~~~\x1b[m\x1b[K\n'}
[2.887905] (turtlebot4_factory_inspection) StderrLine: {'line': b'\x1b[01m\x1b[K/opt/ros/humble/include/behaviortree_cpp_v3/bt_factory.h:364:8:\x1b[m\x1b[K \x1b[01;36m\x1b[Knote: \x1b[m\x1b[K  template argument deduction/substitution failed:\n'}
[2.887939] (turtlebot4_factory_inspection) StderrLine: {'line': b'\x1b[01m\x1b[K/home/jaeho/sw_projects/my_ros2_ws/src/turtlebot4_factory_inspection/src/bt_runner.cpp:34:41:\x1b[m\x1b[K \x1b[01;31m\x1b[Kerror: \x1b[m\x1b[Ktemplate argument 1 is invalid\n'}
[2.887972] (turtlebot4_factory_inspection) StderrLine: {'line': b'   34 |   \x1b[01;31m\x1b[Kfactory.registerNodeType<IsNomoreTask>("IsNomoreTask")\x1b[m\x1b[K;\n'}
[2.888005] (turtlebot4_factory_inspection) StderrLine: {'line': b'      |   \x1b[01;31m\x1b[K~~~~~~~~~~~~~~~~~~~~~~~~~~~~~~~~~~~~~~^~~~~~~~~~~~~~~~\x1b[m\x1b[K\n'}
[2.888038] (turtlebot4_factory_inspection) StderrLine: {'line': b'In file included from \x1b[01m\x1b[K/home/jaeho/sw_projects/my_ros2_ws/src/turtlebot4_factory_inspection/src/bt_runner.cpp:1\x1b[m\x1b[K:\n'}
[2.888072] (turtlebot4_factory_inspection) StderrLine: {'line': b'\x1b[01m\x1b[K/opt/ros/humble/include/behaviortree_cpp_v3/bt_factory.h:422:8:\x1b[m\x1b[K \x1b[01;36m\x1b[Knote: \x1b[m\x1b[Kcandidate: \xe2\x80\x98\x1b[01m\x1b[Ktemplate<class T> void BT::BehaviorTreeFactory::registerNodeType(const string&, BT::PortsList)\x1b[m\x1b[K\xe2\x80\x99\n'}
[2.888105] (turtlebot4_factory_inspection) StderrLine: {'line': b'  422 |   void \x1b[01;36m\x1b[KregisterNodeType\x1b[m\x1b[K(const std::string& ID, PortsList ports)\n'}
[2.888139] (turtlebot4_factory_inspection) StderrLine: {'line': b'      |        \x1b[01;36m\x1b[K^~~~~~~~~~~~~~~~\x1b[m\x1b[K\n'}
[2.888175] (turtlebot4_factory_inspection) StderrLine: {'line': b'\x1b[01m\x1b[K/opt/ros/humble/include/behaviortree_cpp_v3/bt_factory.h:422:8:\x1b[m\x1b[K \x1b[01;36m\x1b[Knote: \x1b[m\x1b[K  template argument deduction/substitution failed:\n'}
[2.888209] (turtlebot4_factory_inspection) StderrLine: {'line': b'\x1b[01m\x1b[K/home/jaeho/sw_projects/my_ros2_ws/src/turtlebot4_factory_inspection/src/bt_runner.cpp:34:41:\x1b[m\x1b[K \x1b[01;31m\x1b[Kerror: \x1b[m\x1b[Ktemplate argument 1 is invalid\n'}
[2.888243] (turtlebot4_factory_inspection) StderrLine: {'line': b'   34 |   \x1b[01;31m\x1b[Kfactory.registerNodeType<IsNomoreTask>("IsNomoreTask")\x1b[m\x1b[K;\n'}
[2.888276] (turtlebot4_factory_inspection) StderrLine: {'line': b'      |   \x1b[01;31m\x1b[K~~~~~~~~~~~~~~~~~~~~~~~~~~~~~~~~~~~~~~^~~~~~~~~~~~~~~~\x1b[m\x1b[K\n'}
[2.888309] (turtlebot4_factory_inspection) StderrLine: {'line': b'\x1b[01m\x1b[K/home/jaeho/sw_projects/my_ros2_ws/src/turtlebot4_factory_inspection/src/bt_runner.cpp:35:28:\x1b[m\x1b[K \x1b[01;31m\x1b[Kerror: \x1b[m\x1b[K\xe2\x80\x98\x1b[01m\x1b[KReturnToBase\x1b[m\x1b[K\xe2\x80\x99 was not declared in this scope; did you mean \xe2\x80\x98\x1b[01m\x1b[Kturtlebot4_factory_inspection::ReturnToBase\x1b[m\x1b[K\xe2\x80\x99?\n'}
[2.888344] (turtlebot4_factory_inspection) StderrLine: {'line': b'   35 |   factory.registerNodeType<\x1b[01;31m\x1b[KReturnToBase\x1b[m\x1b[K>("ReturnToBase");\n'}
[2.888378] (turtlebot4_factory_inspection) StderrLine: {'line': b'      |                            \x1b[01;31m\x1b[K^~~~~~~~~~~~\x1b[m\x1b[K\n'}
[2.888410] (turtlebot4_factory_inspection) StderrLine: {'line': b'      |                            \x1b[32m\x1b[Kturtlebot4_factory_inspection::ReturnToBase\x1b[m\x1b[K\n'}
[2.888445] (turtlebot4_factory_inspection) StderrLine: {'line': b'In file included from \x1b[01m\x1b[K/home/jaeho/sw_projects/my_ros2_ws/src/turtlebot4_factory_inspection/src/bt_runner.cpp:9\x1b[m\x1b[K:\n'}
[2.888478] (turtlebot4_factory_inspection) StderrLine: {'line': b'\x1b[01m\x1b[K/home/jaeho/sw_projects/my_ros2_ws/src/turtlebot4_factory_inspection/include/turtlebot4_factory_inspection/bt_nodes/ReturnToBase.hpp:8:7:\x1b[m\x1b[K \x1b[01;36m\x1b[Knote: \x1b[m\x1b[K\xe2\x80\x98\x1b[01m\x1b[Kturtlebot4_factory_inspection::ReturnToBase\x1b[m\x1b[K\xe2\x80\x99 declared here\n'}
[2.888514] (turtlebot4_factory_inspection) StderrLine: {'line': b'    8 | class \x1b[01;36m\x1b[KReturnToBase\x1b[m\x1b[K : public BT::SyncActionNode\n'}
[2.888547] (turtlebot4_factory_inspection) StderrLine: {'line': b'      |       \x1b[01;36m\x1b[K^~~~~~~~~~~~\x1b[m\x1b[K\n'}
[2.888579] (turtlebot4_factory_inspection) StderrLine: {'line': b'\x1b[01m\x1b[K/home/jaeho/sw_projects/my_ros2_ws/src/turtlebot4_factory_inspection/src/bt_runner.cpp:35:41:\x1b[m\x1b[K \x1b[01;31m\x1b[Kerror: \x1b[m\x1b[Kno matching function for call to \xe2\x80\x98\x1b[01m\x1b[KBT::BehaviorTreeFactory::registerNodeType<<expression error> >(const char [13])\x1b[m\x1b[K\xe2\x80\x99\n'}
[2.888613] (turtlebot4_factory_inspection) StderrLine: {'line': b'   35 |   \x1b[01;31m\x1b[Kfactory.registerNodeType<ReturnToBase>("ReturnToBase")\x1b[m\x1b[K;\n'}
[2.888646] (turtlebot4_factory_inspection) StderrLine: {'line': b'      |   \x1b[01;31m\x1b[K~~~~~~~~~~~~~~~~~~~~~~~~~~~~~~~~~~~~~~^~~~~~~~~~~~~~~~\x1b[m\x1b[K\n'}
[2.888681] (turtlebot4_factory_inspection) StderrLine: {'line': b'In file included from \x1b[01m\x1b[K/home/jaeho/sw_projects/my_ros2_ws/src/turtlebot4_factory_inspection/src/bt_runner.cpp:1\x1b[m\x1b[K:\n'}
[2.888713] (turtlebot4_factory_inspection) StderrLine: {'line': b'\x1b[01m\x1b[K/opt/ros/humble/include/behaviortree_cpp_v3/bt_factory.h:364:8:\x1b[m\x1b[K \x1b[01;36m\x1b[Knote: \x1b[m\x1b[Kcandidate: \xe2\x80\x98\x1b[01m\x1b[Ktemplate<class T> void BT::BehaviorTreeFactory::registerNodeType(const string&)\x1b[m\x1b[K\xe2\x80\x99\n'}
[2.888747] (turtlebot4_factory_inspection) StderrLine: {'line': b'  364 |   void \x1b[01;36m\x1b[KregisterNodeType\x1b[m\x1b[K(const std::string& ID)\n'}
[2.888780] (turtlebot4_factory_inspection) StderrLine: {'line': b'      |        \x1b[01;36m\x1b[K^~~~~~~~~~~~~~~~\x1b[m\x1b[K\n'}
[2.888813] (turtlebot4_factory_inspection) StderrLine: {'line': b'\x1b[01m\x1b[K/opt/ros/humble/include/behaviortree_cpp_v3/bt_factory.h:364:8:\x1b[m\x1b[K \x1b[01;36m\x1b[Knote: \x1b[m\x1b[K  template argument deduction/substitution failed:\n'}
[2.888846] (turtlebot4_factory_inspection) StderrLine: {'line': b'\x1b[01m\x1b[K/home/jaeho/sw_projects/my_ros2_ws/src/turtlebot4_factory_inspection/src/bt_runner.cpp:35:41:\x1b[m\x1b[K \x1b[01;31m\x1b[Kerror: \x1b[m\x1b[Ktemplate argument 1 is invalid\n'}
[2.888882] (turtlebot4_factory_inspection) StderrLine: {'line': b'   35 |   \x1b[01;31m\x1b[Kfactory.registerNodeType<ReturnToBase>("ReturnToBase")\x1b[m\x1b[K;\n'}
[2.888918] (turtlebot4_factory_inspection) StderrLine: {'line': b'      |   \x1b[01;31m\x1b[K~~~~~~~~~~~~~~~~~~~~~~~~~~~~~~~~~~~~~~^~~~~~~~~~~~~~~~\x1b[m\x1b[K\n'}
[2.888951] (turtlebot4_factory_inspection) StderrLine: {'line': b'In file included from \x1b[01m\x1b[K/home/jaeho/sw_projects/my_ros2_ws/src/turtlebot4_factory_inspection/src/bt_runner.cpp:1\x1b[m\x1b[K:\n'}
[2.888984] (turtlebot4_factory_inspection) StderrLine: {'line': b'\x1b[01m\x1b[K/opt/ros/humble/include/behaviortree_cpp_v3/bt_factory.h:422:8:\x1b[m\x1b[K \x1b[01;36m\x1b[Knote: \x1b[m\x1b[Kcandidate: \xe2\x80\x98\x1b[01m\x1b[Ktemplate<class T> void BT::BehaviorTreeFactory::registerNodeType(const string&, BT::PortsList)\x1b[m\x1b[K\xe2\x80\x99\n'}
[2.889017] (turtlebot4_factory_inspection) StderrLine: {'line': b'  422 |   void \x1b[01;36m\x1b[KregisterNodeType\x1b[m\x1b[K(const std::string& ID, PortsList ports)\n'}
[2.889051] (turtlebot4_factory_inspection) StderrLine: {'line': b'      |        \x1b[01;36m\x1b[K^~~~~~~~~~~~~~~~\x1b[m\x1b[K\n'}
[2.889083] (turtlebot4_factory_inspection) StderrLine: {'line': b'\x1b[01m\x1b[K/opt/ros/humble/include/behaviortree_cpp_v3/bt_factory.h:422:8:\x1b[m\x1b[K \x1b[01;36m\x1b[Knote: \x1b[m\x1b[K  template argument deduction/substitution failed:\n'}
[2.889117] (turtlebot4_factory_inspection) StderrLine: {'line': b'\x1b[01m\x1b[K/home/jaeho/sw_projects/my_ros2_ws/src/turtlebot4_factory_inspection/src/bt_runner.cpp:35:41:\x1b[m\x1b[K \x1b[01;31m\x1b[Kerror: \x1b[m\x1b[Ktemplate argument 1 is invalid\n'}
[2.889274] (turtlebot4_factory_inspection) StderrLine: {'line': b'   35 |   \x1b[01;31m\x1b[Kfactory.registerNodeType<ReturnToBase>("ReturnToBase")\x1b[m\x1b[K;\n'}
[2.889309] (turtlebot4_factory_inspection) StderrLine: {'line': b'      |   \x1b[01;31m\x1b[K~~~~~~~~~~~~~~~~~~~~~~~~~~~~~~~~~~~~~~^~~~~~~~~~~~~~~~\x1b[m\x1b[K\n'}
[2.889341] (turtlebot4_factory_inspection) StderrLine: {'line': b'\x1b[01m\x1b[K/home/jaeho/sw_projects/my_ros2_ws/src/turtlebot4_factory_inspection/src/bt_runner.cpp:36:28:\x1b[m\x1b[K \x1b[01;31m\x1b[Kerror: \x1b[m\x1b[K\xe2\x80\x98\x1b[01m\x1b[KSetAngle\x1b[m\x1b[K\xe2\x80\x99 was not declared in this scope; did you mean \xe2\x80\x98\x1b[01m\x1b[Kturtlebot4_factory_inspection::SetAngle\x1b[m\x1b[K\xe2\x80\x99?\n'}
[2.889378] (turtlebot4_factory_inspection) StderrLine: {'line': b'   36 |   factory.registerNodeType<\x1b[01;31m\x1b[KSetAngle\x1b[m\x1b[K>("SetAngle");\n'}
[2.889411] (turtlebot4_factory_inspection) StderrLine: {'line': b'      |                            \x1b[01;31m\x1b[K^~~~~~~~\x1b[m\x1b[K\n'}
[2.889445] (turtlebot4_factory_inspection) StderrLine: {'line': b'      |                            \x1b[32m\x1b[Kturtlebot4_factory_inspection::SetAngle\x1b[m\x1b[K\n'}
[2.889477] (turtlebot4_factory_inspection) StderrLine: {'line': b'In file included from \x1b[01m\x1b[K/home/jaeho/sw_projects/my_ros2_ws/src/turtlebot4_factory_inspection/src/bt_runner.cpp:10\x1b[m\x1b[K:\n'}
[2.889510] (turtlebot4_factory_inspection) StderrLine: {'line': b'\x1b[01m\x1b[K/home/jaeho/sw_projects/my_ros2_ws/src/turtlebot4_factory_inspection/include/turtlebot4_factory_inspection/bt_nodes/SetAngle.hpp:8:7:\x1b[m\x1b[K \x1b[01;36m\x1b[Knote: \x1b[m\x1b[K\xe2\x80\x98\x1b[01m\x1b[Kturtlebot4_factory_inspection::SetAngle\x1b[m\x1b[K\xe2\x80\x99 declared here\n'}
[2.889544] (turtlebot4_factory_inspection) StderrLine: {'line': b'    8 | class \x1b[01;36m\x1b[KSetAngle\x1b[m\x1b[K : public BT::SyncActionNode\n'}
[2.889577] (turtlebot4_factory_inspection) StderrLine: {'line': b'      |       \x1b[01;36m\x1b[K^~~~~~~~\x1b[m\x1b[K\n'}
[2.889611] (turtlebot4_factory_inspection) StderrLine: {'line': b'\x1b[01m\x1b[K/home/jaeho/sw_projects/my_ros2_ws/src/turtlebot4_factory_inspection/src/bt_runner.cpp:36:37:\x1b[m\x1b[K \x1b[01;31m\x1b[Kerror: \x1b[m\x1b[Kno matching function for call to \xe2\x80\x98\x1b[01m\x1b[KBT::BehaviorTreeFactory::registerNodeType<<expression error> >(const char [9])\x1b[m\x1b[K\xe2\x80\x99\n'}
[2.889766] (turtlebot4_factory_inspection) StderrLine: {'line': b'   36 |   \x1b[01;31m\x1b[Kfactory.registerNodeType<SetAngle>("SetAngle")\x1b[m\x1b[K;\n'}
[2.889798] (turtlebot4_factory_inspection) StderrLine: {'line': b'      |   \x1b[01;31m\x1b[K~~~~~~~~~~~~~~~~~~~~~~~~~~~~~~~~~~^~~~~~~~~~~~\x1b[m\x1b[K\n'}
[2.889829] (turtlebot4_factory_inspection) StderrLine: {'line': b'In file included from \x1b[01m\x1b[K/home/jaeho/sw_projects/my_ros2_ws/src/turtlebot4_factory_inspection/src/bt_runner.cpp:1\x1b[m\x1b[K:\n'}
[2.889859] (turtlebot4_factory_inspection) StderrLine: {'line': b'\x1b[01m\x1b[K/opt/ros/humble/include/behaviortree_cpp_v3/bt_factory.h:364:8:\x1b[m\x1b[K \x1b[01;36m\x1b[Knote: \x1b[m\x1b[Kcandidate: \xe2\x80\x98\x1b[01m\x1b[Ktemplate<class T> void BT::BehaviorTreeFactory::registerNodeType(const string&)\x1b[m\x1b[K\xe2\x80\x99\n'}
[2.889893] (turtlebot4_factory_inspection) StderrLine: {'line': b'  364 |   void \x1b[01;36m\x1b[KregisterNodeType\x1b[m\x1b[K(const std::string& ID)\n'}
[2.889925] (turtlebot4_factory_inspection) StderrLine: {'line': b'      |        \x1b[01;36m\x1b[K^~~~~~~~~~~~~~~~\x1b[m\x1b[K\n'}
[2.889957] (turtlebot4_factory_inspection) StderrLine: {'line': b'\x1b[01m\x1b[K/opt/ros/humble/include/behaviortree_cpp_v3/bt_factory.h:364:8:\x1b[m\x1b[K \x1b[01;36m\x1b[Knote: \x1b[m\x1b[K  template argument deduction/substitution failed:\n'}
[2.889988] (turtlebot4_factory_inspection) StderrLine: {'line': b'\x1b[01m\x1b[K/home/jaeho/sw_projects/my_ros2_ws/src/turtlebot4_factory_inspection/src/bt_runner.cpp:36:37:\x1b[m\x1b[K \x1b[01;31m\x1b[Kerror: \x1b[m\x1b[Ktemplate argument 1 is invalid\n'}
[2.890020] (turtlebot4_factory_inspection) StderrLine: {'line': b'   36 |   \x1b[01;31m\x1b[Kfactory.registerNodeType<SetAngle>("SetAngle")\x1b[m\x1b[K;\n'}
[2.890051] (turtlebot4_factory_inspection) StderrLine: {'line': b'      |   \x1b[01;31m\x1b[K~~~~~~~~~~~~~~~~~~~~~~~~~~~~~~~~~~^~~~~~~~~~~~\x1b[m\x1b[K\n'}
[2.890082] (turtlebot4_factory_inspection) StderrLine: {'line': b'In file included from \x1b[01m\x1b[K/home/jaeho/sw_projects/my_ros2_ws/src/turtlebot4_factory_inspection/src/bt_runner.cpp:1\x1b[m\x1b[K:\n'}
[2.890113] (turtlebot4_factory_inspection) StderrLine: {'line': b'\x1b[01m\x1b[K/opt/ros/humble/include/behaviortree_cpp_v3/bt_factory.h:422:8:\x1b[m\x1b[K \x1b[01;36m\x1b[Knote: \x1b[m\x1b[Kcandidate: \xe2\x80\x98\x1b[01m\x1b[Ktemplate<class T> void BT::BehaviorTreeFactory::registerNodeType(const string&, BT::PortsList)\x1b[m\x1b[K\xe2\x80\x99\n'}
[2.890144] (turtlebot4_factory_inspection) StderrLine: {'line': b'  422 |   void \x1b[01;36m\x1b[KregisterNodeType\x1b[m\x1b[K(const std::string& ID, PortsList ports)\n'}
[2.890175] (turtlebot4_factory_inspection) StderrLine: {'line': b'      |        \x1b[01;36m\x1b[K^~~~~~~~~~~~~~~~\x1b[m\x1b[K\n'}
[2.890205] (turtlebot4_factory_inspection) StderrLine: {'line': b'\x1b[01m\x1b[K/opt/ros/humble/include/behaviortree_cpp_v3/bt_factory.h:422:8:\x1b[m\x1b[K \x1b[01;36m\x1b[Knote: \x1b[m\x1b[K  template argument deduction/substitution failed:\n'}
[2.890236] (turtlebot4_factory_inspection) StderrLine: {'line': b'\x1b[01m\x1b[K/home/jaeho/sw_projects/my_ros2_ws/src/turtlebot4_factory_inspection/src/bt_runner.cpp:36:37:\x1b[m\x1b[K \x1b[01;31m\x1b[Kerror: \x1b[m\x1b[Ktemplate argument 1 is invalid\n'}
[2.890267] (turtlebot4_factory_inspection) StderrLine: {'line': b'   36 |   \x1b[01;31m\x1b[Kfactory.registerNodeType<SetAngle>("SetAngle")\x1b[m\x1b[K;\n'}
[2.890297] (turtlebot4_factory_inspection) StderrLine: {'line': b'      |   \x1b[01;31m\x1b[K~~~~~~~~~~~~~~~~~~~~~~~~~~~~~~~~~~^~~~~~~~~~~~\x1b[m\x1b[K\n'}
[2.890328] (turtlebot4_factory_inspection) StderrLine: {'line': b'\x1b[01m\x1b[K/home/jaeho/sw_projects/my_ros2_ws/src/turtlebot4_factory_inspection/src/bt_runner.cpp:37:28:\x1b[m\x1b[K \x1b[01;31m\x1b[Kerror: \x1b[m\x1b[K\xe2\x80\x98\x1b[01m\x1b[KSkipTarget\x1b[m\x1b[K\xe2\x80\x99 was not declared in this scope; did you mean \xe2\x80\x98\x1b[01m\x1b[Kturtlebot4_factory_inspection::SkipTarget\x1b[m\x1b[K\xe2\x80\x99?\n'}
[2.890359] (turtlebot4_factory_inspection) StderrLine: {'line': b'   37 |   factory.registerNodeType<\x1b[01;31m\x1b[KSkipTarget\x1b[m\x1b[K>("SkipTarget");\n'}
[2.890390] (turtlebot4_factory_inspection) StderrLine: {'line': b'      |                            \x1b[01;31m\x1b[K^~~~~~~~~~\x1b[m\x1b[K\n'}
[2.890421] (turtlebot4_factory_inspection) StderrLine: {'line': b'      |                            \x1b[32m\x1b[Kturtlebot4_factory_inspection::SkipTarget\x1b[m\x1b[K\n'}
[2.890451] (turtlebot4_factory_inspection) StderrLine: {'line': b'In file included from \x1b[01m\x1b[K/home/jaeho/sw_projects/my_ros2_ws/src/turtlebot4_factory_inspection/src/bt_runner.cpp:11\x1b[m\x1b[K:\n'}
[2.890482] (turtlebot4_factory_inspection) StderrLine: {'line': b'\x1b[01m\x1b[K/home/jaeho/sw_projects/my_ros2_ws/src/turtlebot4_factory_inspection/include/turtlebot4_factory_inspection/bt_nodes/SkipTarget.hpp:8:7:\x1b[m\x1b[K \x1b[01;36m\x1b[Knote: \x1b[m\x1b[K\xe2\x80\x98\x1b[01m\x1b[Kturtlebot4_factory_inspection::SkipTarget\x1b[m\x1b[K\xe2\x80\x99 declared here\n'}
[2.890514] (turtlebot4_factory_inspection) StderrLine: {'line': b'    8 | class \x1b[01;36m\x1b[KSkipTarget\x1b[m\x1b[K : public BT::SyncActionNode\n'}
[2.890544] (turtlebot4_factory_inspection) StderrLine: {'line': b'      |       \x1b[01;36m\x1b[K^~~~~~~~~~\x1b[m\x1b[K\n'}
[2.890575] (turtlebot4_factory_inspection) StderrLine: {'line': b'\x1b[01m\x1b[K/home/jaeho/sw_projects/my_ros2_ws/src/turtlebot4_factory_inspection/src/bt_runner.cpp:37:39:\x1b[m\x1b[K \x1b[01;31m\x1b[Kerror: \x1b[m\x1b[Kno matching function for call to \xe2\x80\x98\x1b[01m\x1b[KBT::BehaviorTreeFactory::registerNodeType<<expression error> >(const char [11])\x1b[m\x1b[K\xe2\x80\x99\n'}
[2.890613] (turtlebot4_factory_inspection) StderrLine: {'line': b'   37 |   \x1b[01;31m\x1b[Kfactory.registerNodeType<SkipTarget>("SkipTarget")\x1b[m\x1b[K;\n'}
[2.890644] (turtlebot4_factory_inspection) StderrLine: {'line': b'      |   \x1b[01;31m\x1b[K~~~~~~~~~~~~~~~~~~~~~~~~~~~~~~~~~~~~^~~~~~~~~~~~~~\x1b[m\x1b[K\n'}
[2.890675] (turtlebot4_factory_inspection) StderrLine: {'line': b'In file included from \x1b[01m\x1b[K/home/jaeho/sw_projects/my_ros2_ws/src/turtlebot4_factory_inspection/src/bt_runner.cpp:1\x1b[m\x1b[K:\n'}
[2.890706] (turtlebot4_factory_inspection) StderrLine: {'line': b'\x1b[01m\x1b[K/opt/ros/humble/include/behaviortree_cpp_v3/bt_factory.h:364:8:\x1b[m\x1b[K \x1b[01;36m\x1b[Knote: \x1b[m\x1b[Kcandidate: \xe2\x80\x98\x1b[01m\x1b[Ktemplate<class T> void BT::BehaviorTreeFactory::registerNodeType(const string&)\x1b[m\x1b[K\xe2\x80\x99\n'}
[2.890737] (turtlebot4_factory_inspection) StderrLine: {'line': b'  364 |   void \x1b[01;36m\x1b[KregisterNodeType\x1b[m\x1b[K(const std::string& ID)\n'}
[2.890767] (turtlebot4_factory_inspection) StderrLine: {'line': b'      |        \x1b[01;36m\x1b[K^~~~~~~~~~~~~~~~\x1b[m\x1b[K\n'}
[2.890797] (turtlebot4_factory_inspection) StderrLine: {'line': b'\x1b[01m\x1b[K/opt/ros/humble/include/behaviortree_cpp_v3/bt_factory.h:364:8:\x1b[m\x1b[K \x1b[01;36m\x1b[Knote: \x1b[m\x1b[K  template argument deduction/substitution failed:\n'}
[2.890830] (turtlebot4_factory_inspection) StderrLine: {'line': b'\x1b[01m\x1b[K/home/jaeho/sw_projects/my_ros2_ws/src/turtlebot4_factory_inspection/src/bt_runner.cpp:37:39:\x1b[m\x1b[K \x1b[01;31m\x1b[Kerror: \x1b[m\x1b[Ktemplate argument 1 is invalid\n'}
[2.890862] (turtlebot4_factory_inspection) StderrLine: {'line': b'   37 |   \x1b[01;31m\x1b[Kfactory.registerNodeType<SkipTarget>("SkipTarget")\x1b[m\x1b[K;\n'}
[2.890895] (turtlebot4_factory_inspection) StderrLine: {'line': b'      |   \x1b[01;31m\x1b[K~~~~~~~~~~~~~~~~~~~~~~~~~~~~~~~~~~~~^~~~~~~~~~~~~~\x1b[m\x1b[K\n'}
[2.890927] (turtlebot4_factory_inspection) StderrLine: {'line': b'In file included from \x1b[01m\x1b[K/home/jaeho/sw_projects/my_ros2_ws/src/turtlebot4_factory_inspection/src/bt_runner.cpp:1\x1b[m\x1b[K:\n'}
[2.890959] (turtlebot4_factory_inspection) StderrLine: {'line': b'\x1b[01m\x1b[K/opt/ros/humble/include/behaviortree_cpp_v3/bt_factory.h:422:8:\x1b[m\x1b[K \x1b[01;36m\x1b[Knote: \x1b[m\x1b[Kcandidate: \xe2\x80\x98\x1b[01m\x1b[Ktemplate<class T> void BT::BehaviorTreeFactory::registerNodeType(const string&, BT::PortsList)\x1b[m\x1b[K\xe2\x80\x99\n'}
[2.890990] (turtlebot4_factory_inspection) StderrLine: {'line': b'  422 |   void \x1b[01;36m\x1b[KregisterNodeType\x1b[m\x1b[K(const std::string& ID, PortsList ports)\n'}
[2.891021] (turtlebot4_factory_inspection) StderrLine: {'line': b'      |        \x1b[01;36m\x1b[K^~~~~~~~~~~~~~~~\x1b[m\x1b[K\n'}
[2.891051] (turtlebot4_factory_inspection) StderrLine: {'line': b'\x1b[01m\x1b[K/opt/ros/humble/include/behaviortree_cpp_v3/bt_factory.h:422:8:\x1b[m\x1b[K \x1b[01;36m\x1b[Knote: \x1b[m\x1b[K  template argument deduction/substitution failed:\n'}
[2.891081] (turtlebot4_factory_inspection) StderrLine: {'line': b'\x1b[01m\x1b[K/home/jaeho/sw_projects/my_ros2_ws/src/turtlebot4_factory_inspection/src/bt_runner.cpp:37:39:\x1b[m\x1b[K \x1b[01;31m\x1b[Kerror: \x1b[m\x1b[Ktemplate argument 1 is invalid\n'}
[2.891112] (turtlebot4_factory_inspection) StderrLine: {'line': b'   37 |   \x1b[01;31m\x1b[Kfactory.registerNodeType<SkipTarget>("SkipTarget")\x1b[m\x1b[K;\n'}
[2.891142] (turtlebot4_factory_inspection) StderrLine: {'line': b'      |   \x1b[01;31m\x1b[K~~~~~~~~~~~~~~~~~~~~~~~~~~~~~~~~~~~~^~~~~~~~~~~~~~\x1b[m\x1b[K\n'}
[2.891173] (turtlebot4_factory_inspection) StderrLine: {'line': b'\x1b[01m\x1b[K/home/jaeho/sw_projects/my_ros2_ws/src/turtlebot4_factory_inspection/src/bt_runner.cpp:38:28:\x1b[m\x1b[K \x1b[01;31m\x1b[Kerror: \x1b[m\x1b[K\xe2\x80\x98\x1b[01m\x1b[KTakePhoto\x1b[m\x1b[K\xe2\x80\x99 was not declared in this scope; did you mean \xe2\x80\x98\x1b[01m\x1b[Kturtlebot4_factory_inspection::TakePhoto\x1b[m\x1b[K\xe2\x80\x99?\n'}
[2.891207] (turtlebot4_factory_inspection) StderrLine: {'line': b'   38 |   factory.registerNodeType<\x1b[01;31m\x1b[KTakePhoto\x1b[m\x1b[K>("TakePhoto");\n'}
[2.891238] (turtlebot4_factory_inspection) StderrLine: {'line': b'      |                            \x1b[01;31m\x1b[K^~~~~~~~~\x1b[m\x1b[K\n'}
[2.891269] (turtlebot4_factory_inspection) StderrLine: {'line': b'      |                            \x1b[32m\x1b[Kturtlebot4_factory_inspection::TakePhoto\x1b[m\x1b[K\n'}
[2.891301] (turtlebot4_factory_inspection) StderrLine: {'line': b'In file included from \x1b[01m\x1b[K/home/jaeho/sw_projects/my_ros2_ws/src/turtlebot4_factory_inspection/src/bt_runner.cpp:12\x1b[m\x1b[K:\n'}
[2.891332] (turtlebot4_factory_inspection) StderrLine: {'line': b'\x1b[01m\x1b[K/home/jaeho/sw_projects/my_ros2_ws/src/turtlebot4_factory_inspection/include/turtlebot4_factory_inspection/bt_nodes/TakePhoto.hpp:8:7:\x1b[m\x1b[K \x1b[01;36m\x1b[Knote: \x1b[m\x1b[K\xe2\x80\x98\x1b[01m\x1b[Kturtlebot4_factory_inspection::TakePhoto\x1b[m\x1b[K\xe2\x80\x99 declared here\n'}
[2.891364] (turtlebot4_factory_inspection) StderrLine: {'line': b'    8 | class \x1b[01;36m\x1b[KTakePhoto\x1b[m\x1b[K : public BT::SyncActionNode\n'}
[2.891395] (turtlebot4_factory_inspection) StderrLine: {'line': b'      |       \x1b[01;36m\x1b[K^~~~~~~~~\x1b[m\x1b[K\n'}
[2.891426] (turtlebot4_factory_inspection) StderrLine: {'line': b'\x1b[01m\x1b[K/home/jaeho/sw_projects/my_ros2_ws/src/turtlebot4_factory_inspection/src/bt_runner.cpp:38:38:\x1b[m\x1b[K \x1b[01;31m\x1b[Kerror: \x1b[m\x1b[Kno matching function for call to \xe2\x80\x98\x1b[01m\x1b[KBT::BehaviorTreeFactory::registerNodeType<<expression error> >(const char [10])\x1b[m\x1b[K\xe2\x80\x99\n'}
[2.891462] (turtlebot4_factory_inspection) StderrLine: {'line': b'   38 |   \x1b[01;31m\x1b[Kfactory.registerNodeType<TakePhoto>("TakePhoto")\x1b[m\x1b[K;\n'}
[2.891492] (turtlebot4_factory_inspection) StderrLine: {'line': b'      |   \x1b[01;31m\x1b[K~~~~~~~~~~~~~~~~~~~~~~~~~~~~~~~~~~~^~~~~~~~~~~~~\x1b[m\x1b[K\n'}
[2.891519] (turtlebot4_factory_inspection) StderrLine: {'line': b'In file included from \x1b[01m\x1b[K/home/jaeho/sw_projects/my_ros2_ws/src/turtlebot4_factory_inspection/src/bt_runner.cpp:1\x1b[m\x1b[K:\n'}
[2.891546] (turtlebot4_factory_inspection) StderrLine: {'line': b'\x1b[01m\x1b[K/opt/ros/humble/include/behaviortree_cpp_v3/bt_factory.h:364:8:\x1b[m\x1b[K \x1b[01;36m\x1b[Knote: \x1b[m\x1b[Kcandidate: \xe2\x80\x98\x1b[01m\x1b[Ktemplate<class T> void BT::BehaviorTreeFactory::registerNodeType(const string&)\x1b[m\x1b[K\xe2\x80\x99\n'}
[2.891573] (turtlebot4_factory_inspection) StderrLine: {'line': b'  364 |   void \x1b[01;36m\x1b[KregisterNodeType\x1b[m\x1b[K(const std::string& ID)\n'}
[2.891600] (turtlebot4_factory_inspection) StderrLine: {'line': b'      |        \x1b[01;36m\x1b[K^~~~~~~~~~~~~~~~\x1b[m\x1b[K\n'}
[2.891628] (turtlebot4_factory_inspection) StderrLine: {'line': b'\x1b[01m\x1b[K/opt/ros/humble/include/behaviortree_cpp_v3/bt_factory.h:364:8:\x1b[m\x1b[K \x1b[01;36m\x1b[Knote: \x1b[m\x1b[K  template argument deduction/substitution failed:\n'}
[2.891656] (turtlebot4_factory_inspection) StderrLine: {'line': b'\x1b[01m\x1b[K/home/jaeho/sw_projects/my_ros2_ws/src/turtlebot4_factory_inspection/src/bt_runner.cpp:38:38:\x1b[m\x1b[K \x1b[01;31m\x1b[Kerror: \x1b[m\x1b[Ktemplate argument 1 is invalid\n'}
[2.891683] (turtlebot4_factory_inspection) StderrLine: {'line': b'   38 |   \x1b[01;31m\x1b[Kfactory.registerNodeType<TakePhoto>("TakePhoto")\x1b[m\x1b[K;\n'}
[2.891710] (turtlebot4_factory_inspection) StderrLine: {'line': b'      |   \x1b[01;31m\x1b[K~~~~~~~~~~~~~~~~~~~~~~~~~~~~~~~~~~~^~~~~~~~~~~~~\x1b[m\x1b[K\n'}
[2.891737] (turtlebot4_factory_inspection) StderrLine: {'line': b'In file included from \x1b[01m\x1b[K/home/jaeho/sw_projects/my_ros2_ws/src/turtlebot4_factory_inspection/src/bt_runner.cpp:1\x1b[m\x1b[K:\n'}
[2.891766] (turtlebot4_factory_inspection) StderrLine: {'line': b'\x1b[01m\x1b[K/opt/ros/humble/include/behaviortree_cpp_v3/bt_factory.h:422:8:\x1b[m\x1b[K \x1b[01;36m\x1b[Knote: \x1b[m\x1b[Kcandidate: \xe2\x80\x98\x1b[01m\x1b[Ktemplate<class T> void BT::BehaviorTreeFactory::registerNodeType(const string&, BT::PortsList)\x1b[m\x1b[K\xe2\x80\x99\n'}
[2.891793] (turtlebot4_factory_inspection) StderrLine: {'line': b'  422 |   void \x1b[01;36m\x1b[KregisterNodeType\x1b[m\x1b[K(const std::string& ID, PortsList ports)\n'}
[2.891820] (turtlebot4_factory_inspection) StderrLine: {'line': b'      |        \x1b[01;36m\x1b[K^~~~~~~~~~~~~~~~\x1b[m\x1b[K\n'}
[2.891848] (turtlebot4_factory_inspection) StderrLine: {'line': b'\x1b[01m\x1b[K/opt/ros/humble/include/behaviortree_cpp_v3/bt_factory.h:422:8:\x1b[m\x1b[K \x1b[01;36m\x1b[Knote: \x1b[m\x1b[K  template argument deduction/substitution failed:\n'}
[2.891876] (turtlebot4_factory_inspection) StderrLine: {'line': b'\x1b[01m\x1b[K/home/jaeho/sw_projects/my_ros2_ws/src/turtlebot4_factory_inspection/src/bt_runner.cpp:38:38:\x1b[m\x1b[K \x1b[01;31m\x1b[Kerror: \x1b[m\x1b[Ktemplate argument 1 is invalid\n'}
[2.891907] (turtlebot4_factory_inspection) StderrLine: {'line': b'   38 |   \x1b[01;31m\x1b[Kfactory.registerNodeType<TakePhoto>("TakePhoto")\x1b[m\x1b[K;\n'}
[2.891935] (turtlebot4_factory_inspection) StderrLine: {'line': b'      |   \x1b[01;31m\x1b[K~~~~~~~~~~~~~~~~~~~~~~~~~~~~~~~~~~~^~~~~~~~~~~~~\x1b[m\x1b[K\n'}
[2.905540] (-) TimerEvent: {}
[3.005752] (-) TimerEvent: {}
[3.105996] (-) TimerEvent: {}
[3.206389] (-) TimerEvent: {}
[3.306888] (-) TimerEvent: {}
[3.407240] (-) TimerEvent: {}
[3.507673] (-) TimerEvent: {}
[3.608036] (-) TimerEvent: {}
[3.646306] (turtlebot4_factory_inspection) StderrLine: {'line': b'gmake[2]: *** [CMakeFiles/bt_runner.dir/build.make:76: CMakeFiles/bt_runner.dir/src/bt_runner.cpp.o] Error 1\n'}
[3.646452] (turtlebot4_factory_inspection) StderrLine: {'line': b'gmake[1]: *** [CMakeFiles/Makefile2:137: CMakeFiles/bt_runner.dir/all] Error 2\n'}
[3.646523] (turtlebot4_factory_inspection) StderrLine: {'line': b'gmake: *** [Makefile:146: all] Error 2\n'}
[3.648147] (turtlebot4_factory_inspection) CommandEnded: {'returncode': 2}
[3.653517] (turtlebot4_factory_inspection) JobEnded: {'identifier': 'turtlebot4_factory_inspection', 'rc': 2}
[3.663915] (-) EventReactorShutdown: {}
