[0.006s] Invoking command in '/home/jaeho/sw_projects/my_ros2_ws/src/turtlebot4_factory_inspection/build/turtlebot4_factory_inspection': CMAKE_PREFIX_PATH=/opt/ros/humble /usr/bin/cmake /home/jaeho/sw_projects/my_ros2_ws/src/turtlebot4_factory_inspection -DCMAKE_INSTALL_PREFIX=/home/jaeho/sw_projects/my_ros2_ws/src/turtlebot4_factory_inspection/install/turtlebot4_factory_inspection
[0.044s] -- The C compiler identification is GNU 11.4.0
[0.085s] -- The CXX compiler identification is GNU 11.4.0
[0.089s] -- Detecting C compiler ABI info
[0.134s] -- Detecting C compiler ABI info - done
[0.139s] -- Check for working C compiler: /usr/bin/cc - skipped
[0.139s] -- Detecting C compile features
[0.139s] -- Detecting C compile features - done
[0.141s] -- Detecting CXX compiler ABI info
[0.196s] -- Detecting CXX compiler ABI info - done
[0.201s] -- Check for working CXX compiler: /usr/bin/c++ - skipped
[0.202s] -- Detecting CXX compile features
[0.202s] -- Detecting CXX compile features - done
[0.203s] -- Found ament_cmake: 1.3.11 (/opt/ros/humble/share/ament_cmake/cmake)
[0.301s] -- Found Python3: /usr/bin/python3 (found version "3.10.12") found components: Interpreter 
[0.366s] -- Found rclcpp: 16.0.12 (/opt/ros/humble/share/rclcpp/cmake)
[0.394s] -- Found rosidl_generator_c: 3.1.6 (/opt/ros/humble/share/rosidl_generator_c/cmake)
[0.397s] -- Found rosidl_adapter: 3.1.6 (/opt/ros/humble/share/rosidl_adapter/cmake)
[0.403s] -- Found rosidl_generator_cpp: 3.1.6 (/opt/ros/humble/share/rosidl_generator_cpp/cmake)
[0.411s] -- Using all available rosidl_typesupport_c: rosidl_typesupport_fastrtps_c;rosidl_typesupport_introspection_c
[0.424s] -- Using all available rosidl_typesupport_cpp: rosidl_typesupport_fastrtps_cpp;rosidl_typesupport_introspection_cpp
[0.455s] -- Found rmw_implementation_cmake: 6.1.2 (/opt/ros/humble/share/rmw_implementation_cmake/cmake)
[0.456s] -- Found rmw_fastrtps_cpp: 6.2.7 (/opt/ros/humble/share/rmw_fastrtps_cpp/cmake)
[0.513s] -- Found OpenSSL: /usr/lib/x86_64-linux-gnu/libcrypto.so (found version "3.0.2")  
[0.532s] -- Found FastRTPS: /opt/ros/humble/include  
[0.560s] -- Using RMW implementation 'rmw_fastrtps_cpp' as default
[0.565s] -- Looking for pthread.h
[0.613s] -- Looking for pthread.h - found
[0.613s] -- Performing Test CMAKE_HAVE_LIBC_PTHREAD
[0.662s] -- Performing Test CMAKE_HAVE_LIBC_PTHREAD - Success
[0.664s] -- Found Threads: TRUE  
[0.698s] -- Found rclcpp_action: 16.0.12 (/opt/ros/humble/share/rclcpp_action/cmake)
[0.723s] -- Found tf2_ros: 0.25.13 (/opt/ros/humble/share/tf2_ros/cmake)
[0.776s] -- Found tf2_geometry_msgs: 0.25.13 (/opt/ros/humble/share/tf2_geometry_msgs/cmake)
[0.786s] -- Found eigen3_cmake_module: 0.1.1 (/opt/ros/humble/share/eigen3_cmake_module/cmake)
[0.786s] -- Found Eigen3: TRUE (found version "3.4.0") 
[0.786s] -- Ensuring Eigen3 include directory is part of orocos-kdl CMake target
[0.788s] -- Found nav2_msgs: 1.1.18 (/opt/ros/humble/share/nav2_msgs/cmake)
[0.856s] -- Configuring done
[0.865s] -- Generating done
[0.868s] -- Build files have been written to: /home/jaeho/sw_projects/my_ros2_ws/src/turtlebot4_factory_inspection/build/turtlebot4_factory_inspection
[0.876s] Invoked command in '/home/jaeho/sw_projects/my_ros2_ws/src/turtlebot4_factory_inspection/build/turtlebot4_factory_inspection' returned '0': CMAKE_PREFIX_PATH=/opt/ros/humble /usr/bin/cmake /home/jaeho/sw_projects/my_ros2_ws/src/turtlebot4_factory_inspection -DCMAKE_INSTALL_PREFIX=/home/jaeho/sw_projects/my_ros2_ws/src/turtlebot4_factory_inspection/install/turtlebot4_factory_inspection
[0.876s] Invoking command in '/home/jaeho/sw_projects/my_ros2_ws/src/turtlebot4_factory_inspection/build/turtlebot4_factory_inspection': CMAKE_PREFIX_PATH=/opt/ros/humble /usr/bin/cmake --build /home/jaeho/sw_projects/my_ros2_ws/src/turtlebot4_factory_inspection/build/turtlebot4_factory_inspection -- -j8 -l8
[0.904s] [35m[1mConsolidate compiler generated dependencies of target bt_runner[0m
[0.922s] [  7%] [32mBuilding CXX object CMakeFiles/bt_runner.dir/src/bt_runner.cpp.o[0m
[0.922s] [ 42%] [32mBuilding CXX object CMakeFiles/bt_runner.dir/src/utils/load_waypoints.cpp.o[0m
[0.922s] [ 42%] [32mBuilding CXX object CMakeFiles/bt_runner.dir/bt_nodes/AdvanceIndex.cpp.o[0m
[0.922s] [ 42%] [32mBuilding CXX object CMakeFiles/bt_runner.dir/bt_nodes/IsArrivedAtBase.cpp.o[0m
[0.922s] [ 42%] [32mBuilding CXX object CMakeFiles/bt_runner.dir/bt_nodes/CheckIfSetupDone.cpp.o[0m
[0.922s] [ 42%] [32mBuilding CXX object CMakeFiles/bt_runner.dir/bt_nodes/InitialSetup.cpp.o[0m
[0.922s] [ 50%] [32mBuilding CXX object CMakeFiles/bt_runner.dir/bt_nodes/IsNomoreTask.cpp.o[0m
[0.922s] [ 57%] [32mBuilding CXX object CMakeFiles/bt_runner.dir/bt_nodes/IsArrivedAtTarget.cpp.o[0m
[0.930s] [01m[K/home/jaeho/sw_projects/my_ros2_ws/src/turtlebot4_factory_inspection/bt_nodes/IsArrivedAtBase.cpp:1:10:[m[K [01;31m[Kfatal error: [m[Kturtlebot4_factory_inspection/IsArrivedAtBase.hpp: No such file or directory
[0.930s]     1 | #include [01;31m[K"turtlebot4_factory_inspection/IsArrivedAtBase.hpp"[m[K
[0.930s]       |          [01;31m[K^~~~~~~~~~~~~~~~~~~~~~~~~~~~~~~~~~~~~~~~~~~~~~~~~~~[m[K
[0.930s] compilation terminated.
[0.930s] [01m[K/home/jaeho/sw_projects/my_ros2_ws/src/turtlebot4_factory_inspection/bt_nodes/AdvanceIndex.cpp:1:10:[m[K [01;31m[Kfatal error: [m[Kturtlebot4_factory_inspection/AdvanceIndex.hpp: No such file or directory
[0.931s]     1 | #include [01;31m[K"turtlebot4_factory_inspection/AdvanceIndex.hpp"[m[K
[0.931s]       |          [01;31m[K^~~~~~~~~~~~~~~~~~~~~~~~~~~~~~~~~~~~~~~~~~~~~~~~[m[K
[0.931s] compilation terminated.
[0.931s] [01m[K/home/jaeho/sw_projects/my_ros2_ws/src/turtlebot4_factory_inspection/src/utils/load_waypoints.cpp:1:10:[m[K [01;31m[Kfatal error: [m[Kturtlebot4_factory_inspection/utils/load_waypoints.hpp: No such file or directory
[0.931s]     1 | #include [01;31m[K"turtlebot4_factory_inspection/utils/load_waypoints.hpp"[m[K
[0.931s]       |          [01;31m[K^~~~~~~~~~~~~~~~~~~~~~~~~~~~~~~~~~~~~~~~~~~~~~~~~~~~~~~~[m[K
[0.931s] compilation terminated.
[0.931s] [01m[K/home/jaeho/sw_projects/my_ros2_ws/src/turtlebot4_factory_inspection/bt_nodes/CheckIfSetupDone.cpp:1:10:[m[K [01;31m[Kfatal error: [m[Kturtlebot4_factory_inspection/CheckIfSetupDone.hpp: No such file or directory
[0.931s]     1 | #include [01;31m[K"turtlebot4_factory_inspection/CheckIfSetupDone.hpp"[m[K
[0.931s]       |          [01;31m[K^~~~~~~~~~~~~~~~~~~~~~~~~~~~~~~~~~~~~~~~~~~~~~~~~~~~[m[K
[0.931s] compilation terminated.
[0.932s] gmake[2]: *** [CMakeFiles/bt_runner.dir/build.make:146: CMakeFiles/bt_runner.dir/bt_nodes/IsArrivedAtBase.cpp.o] Error 1
[0.932s] gmake[2]: *** Waiting for unfinished jobs....
[0.932s] gmake[2]: *** [CMakeFiles/bt_runner.dir/build.make:90: CMakeFiles/bt_runner.dir/src/utils/load_waypoints.cpp.o] Error 1
[0.932s] gmake[2]: *** [CMakeFiles/bt_runner.dir/build.make:104: CMakeFiles/bt_runner.dir/bt_nodes/AdvanceIndex.cpp.o] Error 1
[0.932s] gmake[2]: *** [CMakeFiles/bt_runner.dir/build.make:118: CMakeFiles/bt_runner.dir/bt_nodes/CheckIfSetupDone.cpp.o] Error 1
[0.932s] [01m[K/home/jaeho/sw_projects/my_ros2_ws/src/turtlebot4_factory_inspection/bt_nodes/IsNomoreTask.cpp:1:10:[m[K [01;31m[Kfatal error: [m[Kturtlebot4_factory_inspection/IsNomoreTask.hpp: No such file or directory
[0.932s]     1 | #include [01;31m[K"turtlebot4_factory_inspection/IsNomoreTask.hpp"[m[K
[0.932s]       |          [01;31m[K^~~~~~~~~~~~~~~~~~~~~~~~~~~~~~~~~~~~~~~~~~~~~~~~[m[K
[0.932s] compilation terminated.
[0.933s] gmake[2]: *** [CMakeFiles/bt_runner.dir/build.make:174: CMakeFiles/bt_runner.dir/bt_nodes/IsNomoreTask.cpp.o] Error 1
[0.933s] [01m[K/home/jaeho/sw_projects/my_ros2_ws/src/turtlebot4_factory_inspection/bt_nodes/IsArrivedAtTarget.cpp:1:10:[m[K [01;31m[Kfatal error: [m[Kturtlebot4_factory_inspection/IsArrivedAtTarget.hpp: No such file or directory
[0.933s]     1 | #include [01;31m[K"turtlebot4_factory_inspection/IsArrivedAtTarget.hpp"[m[K
[0.933s]       |          [01;31m[K^~~~~~~~~~~~~~~~~~~~~~~~~~~~~~~~~~~~~~~~~~~~~~~~~~~~~[m[K
[0.933s] compilation terminated.
[0.933s] gmake[2]: *** [CMakeFiles/bt_runner.dir/build.make:160: CMakeFiles/bt_runner.dir/bt_nodes/IsArrivedAtTarget.cpp.o] Error 1
[1.101s] [01m[K/home/jaeho/sw_projects/my_ros2_ws/src/turtlebot4_factory_inspection/bt_nodes/InitialSetup.cpp:2:10:[m[K [01;31m[Kfatal error: [m[Kturtlebot4_factory_inspection/utils/load_waypoints.hpp: No such file or directory
[1.101s]     2 | #include [01;31m[K"turtlebot4_factory_inspection/utils/load_waypoints.hpp"[m[K
[1.101s]       |          [01;31m[K^~~~~~~~~~~~~~~~~~~~~~~~~~~~~~~~~~~~~~~~~~~~~~~~~~~~~~~~[m[K
[1.101s] compilation terminated.
[1.103s] gmake[2]: *** [CMakeFiles/bt_runner.dir/build.make:132: CMakeFiles/bt_runner.dir/bt_nodes/InitialSetup.cpp.o] Error 1
[2.790s] [01m[K/home/jaeho/sw_projects/my_ros2_ws/src/turtlebot4_factory_inspection/src/bt_runner.cpp:[m[K In function â€˜[01m[Kint main(int, char**)[m[Kâ€™:
[2.790s] [01m[K/home/jaeho/sw_projects/my_ros2_ws/src/turtlebot4_factory_inspection/src/bt_runner.cpp:28:28:[m[K [01;31m[Kerror: [m[Kâ€˜[01m[KAdvanceIndex[m[Kâ€™ was not declared in this scope; did you mean â€˜[01m[Kturtlebot4_factory_inspection::AdvanceIndex[m[Kâ€™?
[2.790s]    28 |   factory.registerNodeType<[01;31m[KAdvanceIndex[m[K>("AdvanceIndex");
[2.790s]       |                            [01;31m[K^~~~~~~~~~~~[m[K
[2.790s]       |                            [32m[Kturtlebot4_factory_inspection::AdvanceIndex[m[K
[2.790s] In file included from [01m[K/home/jaeho/sw_projects/my_ros2_ws/src/turtlebot4_factory_inspection/src/bt_runner.cpp:2[m[K:
[2.790s] [01m[K/home/jaeho/sw_projects/my_ros2_ws/src/turtlebot4_factory_inspection/include/turtlebot4_factory_inspection/bt_nodes/AdvanceIndex.hpp:8:7:[m[K [01;36m[Knote: [m[Kâ€˜[01m[Kturtlebot4_factory_inspection::AdvanceIndex[m[Kâ€™ declared here
[2.790s]     8 | class [01;36m[KAdvanceIndex[m[K : public BT::SyncActionNode
[2.790s]       |       [01;36m[K^~~~~~~~~~~~[m[K
[2.790s] [01m[K/home/jaeho/sw_projects/my_ros2_ws/src/turtlebot4_factory_inspection/src/bt_runner.cpp:28:41:[m[K [01;31m[Kerror: [m[Kno matching function for call to â€˜[01m[KBT::BehaviorTreeFactory::registerNodeType<<expression error> >(const char [13])[m[Kâ€™
[2.790s]    28 |   [01;31m[Kfactory.registerNodeType<AdvanceIndex>("AdvanceIndex")[m[K;
[2.790s]       |   [01;31m[K~~~~~~~~~~~~~~~~~~~~~~~~~~~~~~~~~~~~~~^~~~~~~~~~~~~~~~[m[K
[2.790s] In file included from [01m[K/home/jaeho/sw_projects/my_ros2_ws/src/turtlebot4_factory_inspection/src/bt_runner.cpp:1[m[K:
[2.790s] [01m[K/opt/ros/humble/include/behaviortree_cpp_v3/bt_factory.h:364:8:[m[K [01;36m[Knote: [m[Kcandidate: â€˜[01m[Ktemplate<class T> void BT::BehaviorTreeFactory::registerNodeType(const string&)[m[Kâ€™
[2.790s]   364 |   void [01;36m[KregisterNodeType[m[K(const std::string& ID)
[2.790s]       |        [01;36m[K^~~~~~~~~~~~~~~~[m[K
[2.791s] [01m[K/opt/ros/humble/include/behaviortree_cpp_v3/bt_factory.h:364:8:[m[K [01;36m[Knote: [m[K  template argument deduction/substitution failed:
[2.791s] [01m[K/home/jaeho/sw_projects/my_ros2_ws/src/turtlebot4_factory_inspection/src/bt_runner.cpp:28:41:[m[K [01;31m[Kerror: [m[Ktemplate argument 1 is invalid
[2.791s]    28 |   [01;31m[Kfactory.registerNodeType<AdvanceIndex>("AdvanceIndex")[m[K;
[2.791s]       |   [01;31m[K~~~~~~~~~~~~~~~~~~~~~~~~~~~~~~~~~~~~~~^~~~~~~~~~~~~~~~[m[K
[2.791s] In file included from [01m[K/home/jaeho/sw_projects/my_ros2_ws/src/turtlebot4_factory_inspection/src/bt_runner.cpp:1[m[K:
[2.791s] [01m[K/opt/ros/humble/include/behaviortree_cpp_v3/bt_factory.h:422:8:[m[K [01;36m[Knote: [m[Kcandidate: â€˜[01m[Ktemplate<class T> void BT::BehaviorTreeFactory::registerNodeType(const string&, BT::PortsList)[m[Kâ€™
[2.791s]   422 |   void [01;36m[KregisterNodeType[m[K(const std::string& ID, PortsList ports)
[2.791s]       |        [01;36m[K^~~~~~~~~~~~~~~~[m[K
[2.791s] [01m[K/opt/ros/humble/include/behaviortree_cpp_v3/bt_factory.h:422:8:[m[K [01;36m[Knote: [m[K  template argument deduction/substitution failed:
[2.791s] [01m[K/home/jaeho/sw_projects/my_ros2_ws/src/turtlebot4_factory_inspection/src/bt_runner.cpp:28:41:[m[K [01;31m[Kerror: [m[Ktemplate argument 1 is invalid
[2.791s]    28 |   [01;31m[Kfactory.registerNodeType<AdvanceIndex>("AdvanceIndex")[m[K;
[2.791s]       |   [01;31m[K~~~~~~~~~~~~~~~~~~~~~~~~~~~~~~~~~~~~~~^~~~~~~~~~~~~~~~[m[K
[2.791s] [01m[K/home/jaeho/sw_projects/my_ros2_ws/src/turtlebot4_factory_inspection/src/bt_runner.cpp:29:28:[m[K [01;31m[Kerror: [m[Kâ€˜[01m[KCheckIfSetupDone[m[Kâ€™ was not declared in this scope; did you mean â€˜[01m[Kturtlebot4_factory_inspection::CheckIfSetupDone[m[Kâ€™?
[2.791s]    29 |   factory.registerNodeType<[01;31m[KCheckIfSetupDone[m[K>("CheckIfSetupDone");
[2.791s]       |                            [01;31m[K^~~~~~~~~~~~~~~~[m[K
[2.791s]       |                            [32m[Kturtlebot4_factory_inspection::CheckIfSetupDone[m[K
[2.791s] In file included from [01m[K/home/jaeho/sw_projects/my_ros2_ws/src/turtlebot4_factory_inspection/src/bt_runner.cpp:3[m[K:
[2.791s] [01m[K/home/jaeho/sw_projects/my_ros2_ws/src/turtlebot4_factory_inspection/include/turtlebot4_factory_inspection/bt_nodes/CheckIfSetupDone.hpp:8:7:[m[K [01;36m[Knote: [m[Kâ€˜[01m[Kturtlebot4_factory_inspection::CheckIfSetupDone[m[Kâ€™ declared here
[2.791s]     8 | class [01;36m[KCheckIfSetupDone[m[K : public BT::SyncActionNode
[2.792s]       |       [01;36m[K^~~~~~~~~~~~~~~~[m[K
[2.792s] [01m[K/home/jaeho/sw_projects/my_ros2_ws/src/turtlebot4_factory_inspection/src/bt_runner.cpp:29:45:[m[K [01;31m[Kerror: [m[Kno matching function for call to â€˜[01m[KBT::BehaviorTreeFactory::registerNodeType<<expression error> >(const char [17])[m[Kâ€™
[2.792s]    29 |   [01;31m[Kfactory.registerNodeType<CheckIfSetupDone>("CheckIfSetupDone")[m[K;
[2.792s]       |   [01;31m[K~~~~~~~~~~~~~~~~~~~~~~~~~~~~~~~~~~~~~~~~~~^~~~~~~~~~~~~~~~~~~~[m[K
[2.792s] In file included from [01m[K/home/jaeho/sw_projects/my_ros2_ws/src/turtlebot4_factory_inspection/src/bt_runner.cpp:1[m[K:
[2.792s] [01m[K/opt/ros/humble/include/behaviortree_cpp_v3/bt_factory.h:364:8:[m[K [01;36m[Knote: [m[Kcandidate: â€˜[01m[Ktemplate<class T> void BT::BehaviorTreeFactory::registerNodeType(const string&)[m[Kâ€™
[2.792s]   364 |   void [01;36m[KregisterNodeType[m[K(const std::string& ID)
[2.792s]       |        [01;36m[K^~~~~~~~~~~~~~~~[m[K
[2.792s] [01m[K/opt/ros/humble/include/behaviortree_cpp_v3/bt_factory.h:364:8:[m[K [01;36m[Knote: [m[K  template argument deduction/substitution failed:
[2.792s] [01m[K/home/jaeho/sw_projects/my_ros2_ws/src/turtlebot4_factory_inspection/src/bt_runner.cpp:29:45:[m[K [01;31m[Kerror: [m[Ktemplate argument 1 is invalid
[2.792s]    29 |   [01;31m[Kfactory.registerNodeType<CheckIfSetupDone>("CheckIfSetupDone")[m[K;
[2.792s]       |   [01;31m[K~~~~~~~~~~~~~~~~~~~~~~~~~~~~~~~~~~~~~~~~~~^~~~~~~~~~~~~~~~~~~~[m[K
[2.792s] In file included from [01m[K/home/jaeho/sw_projects/my_ros2_ws/src/turtlebot4_factory_inspection/src/bt_runner.cpp:1[m[K:
[2.792s] [01m[K/opt/ros/humble/include/behaviortree_cpp_v3/bt_factory.h:422:8:[m[K [01;36m[Knote: [m[Kcandidate: â€˜[01m[Ktemplate<class T> void BT::BehaviorTreeFactory::registerNodeType(const string&, BT::PortsList)[m[Kâ€™
[2.792s]   422 |   void [01;36m[KregisterNodeType[m[K(const std::string& ID, PortsList ports)
[2.792s]       |        [01;36m[K^~~~~~~~~~~~~~~~[m[K
[2.792s] [01m[K/opt/ros/humble/include/behaviortree_cpp_v3/bt_factory.h:422:8:[m[K [01;36m[Knote: [m[K  template argument deduction/substitution failed:
[2.792s] [01m[K/home/jaeho/sw_projects/my_ros2_ws/src/turtlebot4_factory_inspection/src/bt_runner.cpp:29:45:[m[K [01;31m[Kerror: [m[Ktemplate argument 1 is invalid
[2.792s]    29 |   [01;31m[Kfactory.registerNodeType<CheckIfSetupDone>("CheckIfSetupDone")[m[K;
[2.792s]       |   [01;31m[K~~~~~~~~~~~~~~~~~~~~~~~~~~~~~~~~~~~~~~~~~~^~~~~~~~~~~~~~~~~~~~[m[K
[2.792s] [01m[K/home/jaeho/sw_projects/my_ros2_ws/src/turtlebot4_factory_inspection/src/bt_runner.cpp:31:28:[m[K [01;31m[Kerror: [m[Kâ€˜[01m[KIsArrivedAtBase[m[Kâ€™ was not declared in this scope; did you mean â€˜[01m[Kturtlebot4_factory_inspection::IsArrivedAtBase[m[Kâ€™?
[2.793s]    31 |   factory.registerNodeType<[01;31m[KIsArrivedAtBase[m[K>("IsArrivedAtBase");
[2.793s]       |                            [01;31m[K^~~~~~~~~~~~~~~[m[K
[2.793s]       |                            [32m[Kturtlebot4_factory_inspection::IsArrivedAtBase[m[K
[2.793s] In file included from [01m[K/home/jaeho/sw_projects/my_ros2_ws/src/turtlebot4_factory_inspection/src/bt_runner.cpp:5[m[K:
[2.793s] [01m[K/home/jaeho/sw_projects/my_ros2_ws/src/turtlebot4_factory_inspection/include/turtlebot4_factory_inspection/bt_nodes/IsArrivedAtBase.hpp:8:7:[m[K [01;36m[Knote: [m[Kâ€˜[01m[Kturtlebot4_factory_inspection::IsArrivedAtBase[m[Kâ€™ declared here
[2.793s]     8 | class [01;36m[KIsArrivedAtBase[m[K : public BT::SyncActionNode
[2.793s]       |       [01;36m[K^~~~~~~~~~~~~~~[m[K
[2.793s] [01m[K/home/jaeho/sw_projects/my_ros2_ws/src/turtlebot4_factory_inspection/src/bt_runner.cpp:31:44:[m[K [01;31m[Kerror: [m[Kno matching function for call to â€˜[01m[KBT::BehaviorTreeFactory::registerNodeType<<expression error> >(const char [16])[m[Kâ€™
[2.793s]    31 |   [01;31m[Kfactory.registerNodeType<IsArrivedAtBase>("IsArrivedAtBase")[m[K;
[2.793s]       |   [01;31m[K~~~~~~~~~~~~~~~~~~~~~~~~~~~~~~~~~~~~~~~~~^~~~~~~~~~~~~~~~~~~[m[K
[2.793s] In file included from [01m[K/home/jaeho/sw_projects/my_ros2_ws/src/turtlebot4_factory_inspection/src/bt_runner.cpp:1[m[K:
[2.793s] [01m[K/opt/ros/humble/include/behaviortree_cpp_v3/bt_factory.h:364:8:[m[K [01;36m[Knote: [m[Kcandidate: â€˜[01m[Ktemplate<class T> void BT::BehaviorTreeFactory::registerNodeType(const string&)[m[Kâ€™
[2.793s]   364 |   void [01;36m[KregisterNodeType[m[K(const std::string& ID)
[2.793s]       |        [01;36m[K^~~~~~~~~~~~~~~~[m[K
[2.793s] [01m[K/opt/ros/humble/include/behaviortree_cpp_v3/bt_factory.h:364:8:[m[K [01;36m[Knote: [m[K  template argument deduction/substitution failed:
[2.793s] [01m[K/home/jaeho/sw_projects/my_ros2_ws/src/turtlebot4_factory_inspection/src/bt_runner.cpp:31:44:[m[K [01;31m[Kerror: [m[Ktemplate argument 1 is invalid
[2.793s]    31 |   [01;31m[Kfactory.registerNodeType<IsArrivedAtBase>("IsArrivedAtBase")[m[K;
[2.793s]       |   [01;31m[K~~~~~~~~~~~~~~~~~~~~~~~~~~~~~~~~~~~~~~~~~^~~~~~~~~~~~~~~~~~~[m[K
[2.793s] In file included from [01m[K/home/jaeho/sw_projects/my_ros2_ws/src/turtlebot4_factory_inspection/src/bt_runner.cpp:1[m[K:
[2.793s] [01m[K/opt/ros/humble/include/behaviortree_cpp_v3/bt_factory.h:422:8:[m[K [01;36m[Knote: [m[Kcandidate: â€˜[01m[Ktemplate<class T> void BT::BehaviorTreeFactory::registerNodeType(const string&, BT::PortsList)[m[Kâ€™
[2.794s]   422 |   void [01;36m[KregisterNodeType[m[K(const std::string& ID, PortsList ports)
[2.794s]       |        [01;36m[K^~~~~~~~~~~~~~~~[m[K
[2.794s] [01m[K/opt/ros/humble/include/behaviortree_cpp_v3/bt_factory.h:422:8:[m[K [01;36m[Knote: [m[K  template argument deduction/substitution failed:
[2.794s] [01m[K/home/jaeho/sw_projects/my_ros2_ws/src/turtlebot4_factory_inspection/src/bt_runner.cpp:31:44:[m[K [01;31m[Kerror: [m[Ktemplate argument 1 is invalid
[2.794s]    31 |   [01;31m[Kfactory.registerNodeType<IsArrivedAtBase>("IsArrivedAtBase")[m[K;
[2.794s]       |   [01;31m[K~~~~~~~~~~~~~~~~~~~~~~~~~~~~~~~~~~~~~~~~~^~~~~~~~~~~~~~~~~~~[m[K
[2.794s] [01m[K/home/jaeho/sw_projects/my_ros2_ws/src/turtlebot4_factory_inspection/src/bt_runner.cpp:32:28:[m[K [01;31m[Kerror: [m[Kâ€˜[01m[KIsArrivedAtTarget[m[Kâ€™ was not declared in this scope; did you mean â€˜[01m[Kturtlebot4_factory_inspection::IsArrivedAtTarget[m[Kâ€™?
[2.794s]    32 |   factory.registerNodeType<[01;31m[KIsArrivedAtTarget[m[K>("IsArrivedAtTarget");
[2.794s]       |                            [01;31m[K^~~~~~~~~~~~~~~~~[m[K
[2.794s]       |                            [32m[Kturtlebot4_factory_inspection::IsArrivedAtTarget[m[K
[2.794s] In file included from [01m[K/home/jaeho/sw_projects/my_ros2_ws/src/turtlebot4_factory_inspection/src/bt_runner.cpp:6[m[K:
[2.794s] [01m[K/home/jaeho/sw_projects/my_ros2_ws/src/turtlebot4_factory_inspection/include/turtlebot4_factory_inspection/bt_nodes/IsArrivedAtTarget.hpp:13:7:[m[K [01;36m[Knote: [m[Kâ€˜[01m[Kturtlebot4_factory_inspection::IsArrivedAtTarget[m[Kâ€™ declared here
[2.794s]    13 | class [01;36m[KIsArrivedAtTarget[m[K : public BT::ConditionNode
[2.794s]       |       [01;36m[K^~~~~~~~~~~~~~~~~[m[K
[2.794s] [01m[K/home/jaeho/sw_projects/my_ros2_ws/src/turtlebot4_factory_inspection/src/bt_runner.cpp:32:46:[m[K [01;31m[Kerror: [m[Kno matching function for call to â€˜[01m[KBT::BehaviorTreeFactory::registerNodeType<<expression error> >(const char [18])[m[Kâ€™
[2.794s]    32 |   [01;31m[Kfactory.registerNodeType<IsArrivedAtTarget>("IsArrivedAtTarget")[m[K;
[2.794s]       |   [01;31m[K~~~~~~~~~~~~~~~~~~~~~~~~~~~~~~~~~~~~~~~~~~~^~~~~~~~~~~~~~~~~~~~~[m[K
[2.794s] In file included from [01m[K/home/jaeho/sw_projects/my_ros2_ws/src/turtlebot4_factory_inspection/src/bt_runner.cpp:1[m[K:
[2.794s] [01m[K/opt/ros/humble/include/behaviortree_cpp_v3/bt_factory.h:364:8:[m[K [01;36m[Knote: [m[Kcandidate: â€˜[01m[Ktemplate<class T> void BT::BehaviorTreeFactory::registerNodeType(const string&)[m[Kâ€™
[2.794s]   364 |   void [01;36m[KregisterNodeType[m[K(const std::string& ID)
[2.794s]       |        [01;36m[K^~~~~~~~~~~~~~~~[m[K
[2.794s] [01m[K/opt/ros/humble/include/behaviortree_cpp_v3/bt_factory.h:364:8:[m[K [01;36m[Knote: [m[K  template argument deduction/substitution failed:
[2.794s] [01m[K/home/jaeho/sw_projects/my_ros2_ws/src/turtlebot4_factory_inspection/src/bt_runner.cpp:32:46:[m[K [01;31m[Kerror: [m[Ktemplate argument 1 is invalid
[2.794s]    32 |   [01;31m[Kfactory.registerNodeType<IsArrivedAtTarget>("IsArrivedAtTarget")[m[K;
[2.794s]       |   [01;31m[K~~~~~~~~~~~~~~~~~~~~~~~~~~~~~~~~~~~~~~~~~~~^~~~~~~~~~~~~~~~~~~~~[m[K
[2.794s] In file included from [01m[K/home/jaeho/sw_projects/my_ros2_ws/src/turtlebot4_factory_inspection/src/bt_runner.cpp:1[m[K:
[2.794s] [01m[K/opt/ros/humble/include/behaviortree_cpp_v3/bt_factory.h:422:8:[m[K [01;36m[Knote: [m[Kcandidate: â€˜[01m[Ktemplate<class T> void BT::BehaviorTreeFactory::registerNodeType(const string&, BT::PortsList)[m[Kâ€™
[2.794s]   422 |   void [01;36m[KregisterNodeType[m[K(const std::string& ID, PortsList ports)
[2.794s]       |        [01;36m[K^~~~~~~~~~~~~~~~[m[K
[2.795s] [01m[K/opt/ros/humble/include/behaviortree_cpp_v3/bt_factory.h:422:8:[m[K [01;36m[Knote: [m[K  template argument deduction/substitution failed:
[2.795s] [01m[K/home/jaeho/sw_projects/my_ros2_ws/src/turtlebot4_factory_inspection/src/bt_runner.cpp:32:46:[m[K [01;31m[Kerror: [m[Ktemplate argument 1 is invalid
[2.795s]    32 |   [01;31m[Kfactory.registerNodeType<IsArrivedAtTarget>("IsArrivedAtTarget")[m[K;
[2.795s]       |   [01;31m[K~~~~~~~~~~~~~~~~~~~~~~~~~~~~~~~~~~~~~~~~~~~^~~~~~~~~~~~~~~~~~~~~[m[K
[2.795s] [01m[K/home/jaeho/sw_projects/my_ros2_ws/src/turtlebot4_factory_inspection/src/bt_runner.cpp:34:28:[m[K [01;31m[Kerror: [m[Kâ€˜[01m[KIsNomoreTask[m[Kâ€™ was not declared in this scope; did you mean â€˜[01m[Kturtlebot4_factory_inspection::IsNomoreTask[m[Kâ€™?
[2.795s]    34 |   factory.registerNodeType<[01;31m[KIsNomoreTask[m[K>("IsNomoreTask");
[2.795s]       |                            [01;31m[K^~~~~~~~~~~~[m[K
[2.795s]       |                            [32m[Kturtlebot4_factory_inspection::IsNomoreTask[m[K
[2.795s] In file included from [01m[K/home/jaeho/sw_projects/my_ros2_ws/src/turtlebot4_factory_inspection/src/bt_runner.cpp:7[m[K:
[2.795s] [01m[K/home/jaeho/sw_projects/my_ros2_ws/src/turtlebot4_factory_inspection/include/turtlebot4_factory_inspection/bt_nodes/IsNomoreTask.hpp:8:7:[m[K [01;36m[Knote: [m[Kâ€˜[01m[Kturtlebot4_factory_inspection::IsNomoreTask[m[Kâ€™ declared here
[2.795s]     8 | class [01;36m[KIsNomoreTask[m[K : public BT::SyncActionNode
[2.795s]       |       [01;36m[K^~~~~~~~~~~~[m[K
[2.795s] [01m[K/home/jaeho/sw_projects/my_ros2_ws/src/turtlebot4_factory_inspection/src/bt_runner.cpp:34:41:[m[K [01;31m[Kerror: [m[Kno matching function for call to â€˜[01m[KBT::BehaviorTreeFactory::registerNodeType<<expression error> >(const char [13])[m[Kâ€™
[2.795s]    34 |   [01;31m[Kfactory.registerNodeType<IsNomoreTask>("IsNomoreTask")[m[K;
[2.795s]       |   [01;31m[K~~~~~~~~~~~~~~~~~~~~~~~~~~~~~~~~~~~~~~^~~~~~~~~~~~~~~~[m[K
[2.795s] In file included from [01m[K/home/jaeho/sw_projects/my_ros2_ws/src/turtlebot4_factory_inspection/src/bt_runner.cpp:1[m[K:
[2.795s] [01m[K/opt/ros/humble/include/behaviortree_cpp_v3/bt_factory.h:364:8:[m[K [01;36m[Knote: [m[Kcandidate: â€˜[01m[Ktemplate<class T> void BT::BehaviorTreeFactory::registerNodeType(const string&)[m[Kâ€™
[2.795s]   364 |   void [01;36m[KregisterNodeType[m[K(const std::string& ID)
[2.795s]       |        [01;36m[K^~~~~~~~~~~~~~~~[m[K
[2.795s] [01m[K/opt/ros/humble/include/behaviortree_cpp_v3/bt_factory.h:364:8:[m[K [01;36m[Knote: [m[K  template argument deduction/substitution failed:
[2.795s] [01m[K/home/jaeho/sw_projects/my_ros2_ws/src/turtlebot4_factory_inspection/src/bt_runner.cpp:34:41:[m[K [01;31m[Kerror: [m[Ktemplate argument 1 is invalid
[2.795s]    34 |   [01;31m[Kfactory.registerNodeType<IsNomoreTask>("IsNomoreTask")[m[K;
[2.795s]       |   [01;31m[K~~~~~~~~~~~~~~~~~~~~~~~~~~~~~~~~~~~~~~^~~~~~~~~~~~~~~~[m[K
[2.795s] In file included from [01m[K/home/jaeho/sw_projects/my_ros2_ws/src/turtlebot4_factory_inspection/src/bt_runner.cpp:1[m[K:
[2.795s] [01m[K/opt/ros/humble/include/behaviortree_cpp_v3/bt_factory.h:422:8:[m[K [01;36m[Knote: [m[Kcandidate: â€˜[01m[Ktemplate<class T> void BT::BehaviorTreeFactory::registerNodeType(const string&, BT::PortsList)[m[Kâ€™
[2.795s]   422 |   void [01;36m[KregisterNodeType[m[K(const std::string& ID, PortsList ports)
[2.795s]       |        [01;36m[K^~~~~~~~~~~~~~~~[m[K
[2.795s] [01m[K/opt/ros/humble/include/behaviortree_cpp_v3/bt_factory.h:422:8:[m[K [01;36m[Knote: [m[K  template argument deduction/substitution failed:
[2.796s] [01m[K/home/jaeho/sw_projects/my_ros2_ws/src/turtlebot4_factory_inspection/src/bt_runner.cpp:34:41:[m[K [01;31m[Kerror: [m[Ktemplate argument 1 is invalid
[2.796s]    34 |   [01;31m[Kfactory.registerNodeType<IsNomoreTask>("IsNomoreTask")[m[K;
[2.796s]       |   [01;31m[K~~~~~~~~~~~~~~~~~~~~~~~~~~~~~~~~~~~~~~^~~~~~~~~~~~~~~~[m[K
[2.796s] [01m[K/home/jaeho/sw_projects/my_ros2_ws/src/turtlebot4_factory_inspection/src/bt_runner.cpp:35:28:[m[K [01;31m[Kerror: [m[Kâ€˜[01m[KReturnToBase[m[Kâ€™ was not declared in this scope; did you mean â€˜[01m[Kturtlebot4_factory_inspection::ReturnToBase[m[Kâ€™?
[2.796s]    35 |   factory.registerNodeType<[01;31m[KReturnToBase[m[K>("ReturnToBase");
[2.796s]       |                            [01;31m[K^~~~~~~~~~~~[m[K
[2.796s]       |                            [32m[Kturtlebot4_factory_inspection::ReturnToBase[m[K
[2.796s] In file included from [01m[K/home/jaeho/sw_projects/my_ros2_ws/src/turtlebot4_factory_inspection/src/bt_runner.cpp:9[m[K:
[2.796s] [01m[K/home/jaeho/sw_projects/my_ros2_ws/src/turtlebot4_factory_inspection/include/turtlebot4_factory_inspection/bt_nodes/ReturnToBase.hpp:8:7:[m[K [01;36m[Knote: [m[Kâ€˜[01m[Kturtlebot4_factory_inspection::ReturnToBase[m[Kâ€™ declared here
[2.796s]     8 | class [01;36m[KReturnToBase[m[K : public BT::SyncActionNode
[2.796s]       |       [01;36m[K^~~~~~~~~~~~[m[K
[2.796s] [01m[K/home/jaeho/sw_projects/my_ros2_ws/src/turtlebot4_factory_inspection/src/bt_runner.cpp:35:41:[m[K [01;31m[Kerror: [m[Kno matching function for call to â€˜[01m[KBT::BehaviorTreeFactory::registerNodeType<<expression error> >(const char [13])[m[Kâ€™
[2.796s]    35 |   [01;31m[Kfactory.registerNodeType<ReturnToBase>("ReturnToBase")[m[K;
[2.796s]       |   [01;31m[K~~~~~~~~~~~~~~~~~~~~~~~~~~~~~~~~~~~~~~^~~~~~~~~~~~~~~~[m[K
[2.796s] In file included from [01m[K/home/jaeho/sw_projects/my_ros2_ws/src/turtlebot4_factory_inspection/src/bt_runner.cpp:1[m[K:
[2.796s] [01m[K/opt/ros/humble/include/behaviortree_cpp_v3/bt_factory.h:364:8:[m[K [01;36m[Knote: [m[Kcandidate: â€˜[01m[Ktemplate<class T> void BT::BehaviorTreeFactory::registerNodeType(const string&)[m[Kâ€™
[2.796s]   364 |   void [01;36m[KregisterNodeType[m[K(const std::string& ID)
[2.796s]       |        [01;36m[K^~~~~~~~~~~~~~~~[m[K
[2.796s] [01m[K/opt/ros/humble/include/behaviortree_cpp_v3/bt_factory.h:364:8:[m[K [01;36m[Knote: [m[K  template argument deduction/substitution failed:
[2.796s] [01m[K/home/jaeho/sw_projects/my_ros2_ws/src/turtlebot4_factory_inspection/src/bt_runner.cpp:35:41:[m[K [01;31m[Kerror: [m[Ktemplate argument 1 is invalid
[2.796s]    35 |   [01;31m[Kfactory.registerNodeType<ReturnToBase>("ReturnToBase")[m[K;
[2.796s]       |   [01;31m[K~~~~~~~~~~~~~~~~~~~~~~~~~~~~~~~~~~~~~~^~~~~~~~~~~~~~~~[m[K
[2.796s] In file included from [01m[K/home/jaeho/sw_projects/my_ros2_ws/src/turtlebot4_factory_inspection/src/bt_runner.cpp:1[m[K:
[2.796s] [01m[K/opt/ros/humble/include/behaviortree_cpp_v3/bt_factory.h:422:8:[m[K [01;36m[Knote: [m[Kcandidate: â€˜[01m[Ktemplate<class T> void BT::BehaviorTreeFactory::registerNodeType(const string&, BT::PortsList)[m[Kâ€™
[2.796s]   422 |   void [01;36m[KregisterNodeType[m[K(const std::string& ID, PortsList ports)
[2.796s]       |        [01;36m[K^~~~~~~~~~~~~~~~[m[K
[2.796s] [01m[K/opt/ros/humble/include/behaviortree_cpp_v3/bt_factory.h:422:8:[m[K [01;36m[Knote: [m[K  template argument deduction/substitution failed:
[2.797s] [01m[K/home/jaeho/sw_projects/my_ros2_ws/src/turtlebot4_factory_inspection/src/bt_runner.cpp:35:41:[m[K [01;31m[Kerror: [m[Ktemplate argument 1 is invalid
[2.797s]    35 |   [01;31m[Kfactory.registerNodeType<ReturnToBase>("ReturnToBase")[m[K;
[2.797s]       |   [01;31m[K~~~~~~~~~~~~~~~~~~~~~~~~~~~~~~~~~~~~~~^~~~~~~~~~~~~~~~[m[K
[2.797s] [01m[K/home/jaeho/sw_projects/my_ros2_ws/src/turtlebot4_factory_inspection/src/bt_runner.cpp:36:28:[m[K [01;31m[Kerror: [m[Kâ€˜[01m[KSetAngle[m[Kâ€™ was not declared in this scope; did you mean â€˜[01m[Kturtlebot4_factory_inspection::SetAngle[m[Kâ€™?
[2.797s]    36 |   factory.registerNodeType<[01;31m[KSetAngle[m[K>("SetAngle");
[2.797s]       |                            [01;31m[K^~~~~~~~[m[K
[2.797s]       |                            [32m[Kturtlebot4_factory_inspection::SetAngle[m[K
[2.797s] In file included from [01m[K/home/jaeho/sw_projects/my_ros2_ws/src/turtlebot4_factory_inspection/src/bt_runner.cpp:10[m[K:
[2.797s] [01m[K/home/jaeho/sw_projects/my_ros2_ws/src/turtlebot4_factory_inspection/include/turtlebot4_factory_inspection/bt_nodes/SetAngle.hpp:8:7:[m[K [01;36m[Knote: [m[Kâ€˜[01m[Kturtlebot4_factory_inspection::SetAngle[m[Kâ€™ declared here
[2.797s]     8 | class [01;36m[KSetAngle[m[K : public BT::SyncActionNode
[2.797s]       |       [01;36m[K^~~~~~~~[m[K
[2.797s] [01m[K/home/jaeho/sw_projects/my_ros2_ws/src/turtlebot4_factory_inspection/src/bt_runner.cpp:36:37:[m[K [01;31m[Kerror: [m[Kno matching function for call to â€˜[01m[KBT::BehaviorTreeFactory::registerNodeType<<expression error> >(const char [9])[m[Kâ€™
[2.797s]    36 |   [01;31m[Kfactory.registerNodeType<SetAngle>("SetAngle")[m[K;
[2.797s]       |   [01;31m[K~~~~~~~~~~~~~~~~~~~~~~~~~~~~~~~~~~^~~~~~~~~~~~[m[K
[2.797s] In file included from [01m[K/home/jaeho/sw_projects/my_ros2_ws/src/turtlebot4_factory_inspection/src/bt_runner.cpp:1[m[K:
[2.797s] [01m[K/opt/ros/humble/include/behaviortree_cpp_v3/bt_factory.h:364:8:[m[K [01;36m[Knote: [m[Kcandidate: â€˜[01m[Ktemplate<class T> void BT::BehaviorTreeFactory::registerNodeType(const string&)[m[Kâ€™
[2.797s]   364 |   void [01;36m[KregisterNodeType[m[K(const std::string& ID)
[2.797s]       |        [01;36m[K^~~~~~~~~~~~~~~~[m[K
[2.797s] [01m[K/opt/ros/humble/include/behaviortree_cpp_v3/bt_factory.h:364:8:[m[K [01;36m[Knote: [m[K  template argument deduction/substitution failed:
[2.797s] [01m[K/home/jaeho/sw_projects/my_ros2_ws/src/turtlebot4_factory_inspection/src/bt_runner.cpp:36:37:[m[K [01;31m[Kerror: [m[Ktemplate argument 1 is invalid
[2.797s]    36 |   [01;31m[Kfactory.registerNodeType<SetAngle>("SetAngle")[m[K;
[2.797s]       |   [01;31m[K~~~~~~~~~~~~~~~~~~~~~~~~~~~~~~~~~~^~~~~~~~~~~~[m[K
[2.797s] In file included from [01m[K/home/jaeho/sw_projects/my_ros2_ws/src/turtlebot4_factory_inspection/src/bt_runner.cpp:1[m[K:
[2.797s] [01m[K/opt/ros/humble/include/behaviortree_cpp_v3/bt_factory.h:422:8:[m[K [01;36m[Knote: [m[Kcandidate: â€˜[01m[Ktemplate<class T> void BT::BehaviorTreeFactory::registerNodeType(const string&, BT::PortsList)[m[Kâ€™
[2.797s]   422 |   void [01;36m[KregisterNodeType[m[K(const std::string& ID, PortsList ports)
[2.797s]       |        [01;36m[K^~~~~~~~~~~~~~~~[m[K
[2.797s] [01m[K/opt/ros/humble/include/behaviortree_cpp_v3/bt_factory.h:422:8:[m[K [01;36m[Knote: [m[K  template argument deduction/substitution failed:
[2.797s] [01m[K/home/jaeho/sw_projects/my_ros2_ws/src/turtlebot4_factory_inspection/src/bt_runner.cpp:36:37:[m[K [01;31m[Kerror: [m[Ktemplate argument 1 is invalid
[2.797s]    36 |   [01;31m[Kfactory.registerNodeType<SetAngle>("SetAngle")[m[K;
[2.797s]       |   [01;31m[K~~~~~~~~~~~~~~~~~~~~~~~~~~~~~~~~~~^~~~~~~~~~~~[m[K
[2.798s] [01m[K/home/jaeho/sw_projects/my_ros2_ws/src/turtlebot4_factory_inspection/src/bt_runner.cpp:37:28:[m[K [01;31m[Kerror: [m[Kâ€˜[01m[KSkipTarget[m[Kâ€™ was not declared in this scope; did you mean â€˜[01m[Kturtlebot4_factory_inspection::SkipTarget[m[Kâ€™?
[2.798s]    37 |   factory.registerNodeType<[01;31m[KSkipTarget[m[K>("SkipTarget");
[2.798s]       |                            [01;31m[K^~~~~~~~~~[m[K
[2.798s]       |                            [32m[Kturtlebot4_factory_inspection::SkipTarget[m[K
[2.798s] In file included from [01m[K/home/jaeho/sw_projects/my_ros2_ws/src/turtlebot4_factory_inspection/src/bt_runner.cpp:11[m[K:
[2.798s] [01m[K/home/jaeho/sw_projects/my_ros2_ws/src/turtlebot4_factory_inspection/include/turtlebot4_factory_inspection/bt_nodes/SkipTarget.hpp:8:7:[m[K [01;36m[Knote: [m[Kâ€˜[01m[Kturtlebot4_factory_inspection::SkipTarget[m[Kâ€™ declared here
[2.798s]     8 | class [01;36m[KSkipTarget[m[K : public BT::SyncActionNode
[2.798s]       |       [01;36m[K^~~~~~~~~~[m[K
[2.798s] [01m[K/home/jaeho/sw_projects/my_ros2_ws/src/turtlebot4_factory_inspection/src/bt_runner.cpp:37:39:[m[K [01;31m[Kerror: [m[Kno matching function for call to â€˜[01m[KBT::BehaviorTreeFactory::registerNodeType<<expression error> >(const char [11])[m[Kâ€™
[2.798s]    37 |   [01;31m[Kfactory.registerNodeType<SkipTarget>("SkipTarget")[m[K;
[2.798s]       |   [01;31m[K~~~~~~~~~~~~~~~~~~~~~~~~~~~~~~~~~~~~^~~~~~~~~~~~~~[m[K
[2.798s] In file included from [01m[K/home/jaeho/sw_projects/my_ros2_ws/src/turtlebot4_factory_inspection/src/bt_runner.cpp:1[m[K:
[2.798s] [01m[K/opt/ros/humble/include/behaviortree_cpp_v3/bt_factory.h:364:8:[m[K [01;36m[Knote: [m[Kcandidate: â€˜[01m[Ktemplate<class T> void BT::BehaviorTreeFactory::registerNodeType(const string&)[m[Kâ€™
[2.798s]   364 |   void [01;36m[KregisterNodeType[m[K(const std::string& ID)
[2.798s]       |        [01;36m[K^~~~~~~~~~~~~~~~[m[K
[2.798s] [01m[K/opt/ros/humble/include/behaviortree_cpp_v3/bt_factory.h:364:8:[m[K [01;36m[Knote: [m[K  template argument deduction/substitution failed:
[2.798s] [01m[K/home/jaeho/sw_projects/my_ros2_ws/src/turtlebot4_factory_inspection/src/bt_runner.cpp:37:39:[m[K [01;31m[Kerror: [m[Ktemplate argument 1 is invalid
[2.798s]    37 |   [01;31m[Kfactory.registerNodeType<SkipTarget>("SkipTarget")[m[K;
[2.798s]       |   [01;31m[K~~~~~~~~~~~~~~~~~~~~~~~~~~~~~~~~~~~~^~~~~~~~~~~~~~[m[K
[2.798s] In file included from [01m[K/home/jaeho/sw_projects/my_ros2_ws/src/turtlebot4_factory_inspection/src/bt_runner.cpp:1[m[K:
[2.798s] [01m[K/opt/ros/humble/include/behaviortree_cpp_v3/bt_factory.h:422:8:[m[K [01;36m[Knote: [m[Kcandidate: â€˜[01m[Ktemplate<class T> void BT::BehaviorTreeFactory::registerNodeType(const string&, BT::PortsList)[m[Kâ€™
[2.798s]   422 |   void [01;36m[KregisterNodeType[m[K(const std::string& ID, PortsList ports)
[2.798s]       |        [01;36m[K^~~~~~~~~~~~~~~~[m[K
[2.798s] [01m[K/opt/ros/humble/include/behaviortree_cpp_v3/bt_factory.h:422:8:[m[K [01;36m[Knote: [m[K  template argument deduction/substitution failed:
[2.798s] [01m[K/home/jaeho/sw_projects/my_ros2_ws/src/turtlebot4_factory_inspection/src/bt_runner.cpp:37:39:[m[K [01;31m[Kerror: [m[Ktemplate argument 1 is invalid
[2.798s]    37 |   [01;31m[Kfactory.registerNodeType<SkipTarget>("SkipTarget")[m[K;
[2.798s]       |   [01;31m[K~~~~~~~~~~~~~~~~~~~~~~~~~~~~~~~~~~~~^~~~~~~~~~~~~~[m[K
[2.798s] [01m[K/home/jaeho/sw_projects/my_ros2_ws/src/turtlebot4_factory_inspection/src/bt_runner.cpp:38:28:[m[K [01;31m[Kerror: [m[Kâ€˜[01m[KTakePhoto[m[Kâ€™ was not declared in this scope; did you mean â€˜[01m[Kturtlebot4_factory_inspection::TakePhoto[m[Kâ€™?
[2.798s]    38 |   factory.registerNodeType<[01;31m[KTakePhoto[m[K>("TakePhoto");
[2.798s]       |                            [01;31m[K^~~~~~~~~[m[K
[2.799s]       |                            [32m[Kturtlebot4_factory_inspection::TakePhoto[m[K
[2.799s] In file included from [01m[K/home/jaeho/sw_projects/my_ros2_ws/src/turtlebot4_factory_inspection/src/bt_runner.cpp:12[m[K:
[2.799s] [01m[K/home/jaeho/sw_projects/my_ros2_ws/src/turtlebot4_factory_inspection/include/turtlebot4_factory_inspection/bt_nodes/TakePhoto.hpp:8:7:[m[K [01;36m[Knote: [m[Kâ€˜[01m[Kturtlebot4_factory_inspection::TakePhoto[m[Kâ€™ declared here
[2.799s]     8 | class [01;36m[KTakePhoto[m[K : public BT::SyncActionNode
[2.799s]       |       [01;36m[K^~~~~~~~~[m[K
[2.799s] [01m[K/home/jaeho/sw_projects/my_ros2_ws/src/turtlebot4_factory_inspection/src/bt_runner.cpp:38:38:[m[K [01;31m[Kerror: [m[Kno matching function for call to â€˜[01m[KBT::BehaviorTreeFactory::registerNodeType<<expression error> >(const char [10])[m[Kâ€™
[2.799s]    38 |   [01;31m[Kfactory.registerNodeType<TakePhoto>("TakePhoto")[m[K;
[2.799s]       |   [01;31m[K~~~~~~~~~~~~~~~~~~~~~~~~~~~~~~~~~~~^~~~~~~~~~~~~[m[K
[2.799s] In file included from [01m[K/home/jaeho/sw_projects/my_ros2_ws/src/turtlebot4_factory_inspection/src/bt_runner.cpp:1[m[K:
[2.799s] [01m[K/opt/ros/humble/include/behaviortree_cpp_v3/bt_factory.h:364:8:[m[K [01;36m[Knote: [m[Kcandidate: â€˜[01m[Ktemplate<class T> void BT::BehaviorTreeFactory::registerNodeType(const string&)[m[Kâ€™
[2.799s]   364 |   void [01;36m[KregisterNodeType[m[K(const std::string& ID)
[2.799s]       |        [01;36m[K^~~~~~~~~~~~~~~~[m[K
[2.799s] [01m[K/opt/ros/humble/include/behaviortree_cpp_v3/bt_factory.h:364:8:[m[K [01;36m[Knote: [m[K  template argument deduction/substitution failed:
[2.799s] [01m[K/home/jaeho/sw_projects/my_ros2_ws/src/turtlebot4_factory_inspection/src/bt_runner.cpp:38:38:[m[K [01;31m[Kerror: [m[Ktemplate argument 1 is invalid
[2.799s]    38 |   [01;31m[Kfactory.registerNodeType<TakePhoto>("TakePhoto")[m[K;
[2.799s]       |   [01;31m[K~~~~~~~~~~~~~~~~~~~~~~~~~~~~~~~~~~~^~~~~~~~~~~~~[m[K
[2.799s] In file included from [01m[K/home/jaeho/sw_projects/my_ros2_ws/src/turtlebot4_factory_inspection/src/bt_runner.cpp:1[m[K:
[2.799s] [01m[K/opt/ros/humble/include/behaviortree_cpp_v3/bt_factory.h:422:8:[m[K [01;36m[Knote: [m[Kcandidate: â€˜[01m[Ktemplate<class T> void BT::BehaviorTreeFactory::registerNodeType(const string&, BT::PortsList)[m[Kâ€™
[2.799s]   422 |   void [01;36m[KregisterNodeType[m[K(const std::string& ID, PortsList ports)
[2.799s]       |        [01;36m[K^~~~~~~~~~~~~~~~[m[K
[2.799s] [01m[K/opt/ros/humble/include/behaviortree_cpp_v3/bt_factory.h:422:8:[m[K [01;36m[Knote: [m[K  template argument deduction/substitution failed:
[2.799s] [01m[K/home/jaeho/sw_projects/my_ros2_ws/src/turtlebot4_factory_inspection/src/bt_runner.cpp:38:38:[m[K [01;31m[Kerror: [m[Ktemplate argument 1 is invalid
[2.799s]    38 |   [01;31m[Kfactory.registerNodeType<TakePhoto>("TakePhoto")[m[K;
[2.799s]       |   [01;31m[K~~~~~~~~~~~~~~~~~~~~~~~~~~~~~~~~~~~^~~~~~~~~~~~~[m[K
[3.470s] gmake[2]: *** [CMakeFiles/bt_runner.dir/build.make:76: CMakeFiles/bt_runner.dir/src/bt_runner.cpp.o] Error 1
[3.470s] gmake[1]: *** [CMakeFiles/Makefile2:137: CMakeFiles/bt_runner.dir/all] Error 2
[3.470s] gmake: *** [Makefile:146: all] Error 2
[3.472s] Invoked command in '/home/jaeho/sw_projects/my_ros2_ws/src/turtlebot4_factory_inspection/build/turtlebot4_factory_inspection' returned '2': CMAKE_PREFIX_PATH=/opt/ros/humble /usr/bin/cmake --build /home/jaeho/sw_projects/my_ros2_ws/src/turtlebot4_factory_inspection/build/turtlebot4_factory_inspection -- -j8 -l8
