[0.014s] Invoking command in '/home/jaeho/sw_projects/my_ros2_ws/src/turtlebot4_factory_inspection/build/turtlebot4_factory_inspection': CMAKE_PREFIX_PATH=${CMAKE_PREFIX_PATH}:/opt/ros/humble /usr/bin/cmake --build /home/jaeho/sw_projects/my_ros2_ws/src/turtlebot4_factory_inspection/build/turtlebot4_factory_inspection -- -j8 -l8
[0.074s] [35m[1mConsolidate compiler generated dependencies of target bt_runner[0m
[0.121s] [  7%] [32mBuilding CXX object CMakeFiles/bt_runner.dir/bt_nodes/MoveToTarget.cpp.o[0m
[3.603s] [01m[K/home/jaeho/sw_projects/my_ros2_ws/src/turtlebot4_factory_inspection/bt_nodes/MoveToTarget.cpp:[m[K In constructor â€˜[01m[Kturtlebot4_factory_inspection::bt_nodes::MoveToTarget::MoveToTarget(const string&, const BT::NodeConfiguration&)[m[Kâ€™:
[3.603s] [01m[K/home/jaeho/sw_projects/my_ros2_ws/src/turtlebot4_factory_inspection/bt_nodes/MoveToTarget.cpp:17:3:[m[K [01;31m[Kerror: [m[Kâ€˜[01m[Kclient_ptr_[m[Kâ€™ was not declared in this scope; did you mean â€˜[01m[Kclient_[m[Kâ€™?
[3.603s]    17 |   [01;31m[Kclient_ptr_[m[K = rclcpp_action::create_client<NavigateToPose>(node_, "navigate_to_pose");
[3.603s]       |   [01;31m[K^~~~~~~~~~~[m[K
[3.604s]       |   [32m[Kclient_[m[K
[3.617s] [01m[K/home/jaeho/sw_projects/my_ros2_ws/src/turtlebot4_factory_inspection/bt_nodes/MoveToTarget.cpp:[m[K In member function â€˜[01m[Kvirtual BT::NodeStatus turtlebot4_factory_inspection::bt_nodes::MoveToTarget::tick()[m[Kâ€™:
[3.617s] [01m[K/home/jaeho/sw_projects/my_ros2_ws/src/turtlebot4_factory_inspection/bt_nodes/MoveToTarget.cpp:33:8:[m[K [01;31m[Kerror: [m[Kâ€˜[01m[Kclient_ptr_[m[Kâ€™ was not declared in this scope; did you mean â€˜[01m[Kclient_[m[Kâ€™?
[3.617s]    33 |   if (![01;31m[Kclient_ptr_[m[K->wait_for_action_server(std::chrono::seconds(5))) {
[3.617s]       |        [01;31m[K^~~~~~~~~~~[m[K
[3.617s]       |        [32m[Kclient_[m[K
[3.631s] [01m[K/home/jaeho/sw_projects/my_ros2_ws/src/turtlebot4_factory_inspection/bt_nodes/MoveToTarget.cpp:66:29:[m[K [01;31m[Kerror: [m[Kâ€˜[01m[Kclient_ptr_[m[Kâ€™ was not declared in this scope; did you mean â€˜[01m[Kclient_[m[Kâ€™?
[3.632s]    66 |     auto send_goal_future = [01;31m[Kclient_ptr_[m[K->async_send_goal(goal_msg);
[3.632s]       |                             [01;31m[K^~~~~~~~~~~[m[K
[3.632s]       |                             [32m[Kclient_[m[K
[4.646s] gmake[2]: *** [CMakeFiles/bt_runner.dir/build.make:188: CMakeFiles/bt_runner.dir/bt_nodes/MoveToTarget.cpp.o] Error 1
[4.646s] gmake[1]: *** [CMakeFiles/Makefile2:137: CMakeFiles/bt_runner.dir/all] Error 2
[4.646s] gmake: *** [Makefile:146: all] Error 2
[4.649s] Invoked command in '/home/jaeho/sw_projects/my_ros2_ws/src/turtlebot4_factory_inspection/build/turtlebot4_factory_inspection' returned '2': CMAKE_PREFIX_PATH=${CMAKE_PREFIX_PATH}:/opt/ros/humble /usr/bin/cmake --build /home/jaeho/sw_projects/my_ros2_ws/src/turtlebot4_factory_inspection/build/turtlebot4_factory_inspection -- -j8 -l8
