[01m[K/home/jaeho/sw_projects/my_ros2_ws/src/turtlebot4_factory_inspection/src/utils/load_waypoints.cpp:1:10:[m[K [01;31m[Kfatal error: [m[Kturtlebot4_factory_inspection/utils/load_waypoints.hpp: No such file or directory
    1 | #include [01;31m[K"turtlebot4_factory_inspection/utils/load_waypoints.hpp"[m[K
      |          [01;31m[K^~~~~~~~~~~~~~~~~~~~~~~~~~~~~~~~~~~~~~~~~~~~~~~~~~~~~~~~[m[K
compilation terminated.
gmake[2]: *** [CMakeFiles/bt_runner.dir/build.make:90: CMakeFiles/bt_runner.dir/src/utils/load_waypoints.cpp.o] Error 1
gmake[2]: *** Waiting for unfinished jobs....
[01m[K/home/jaeho/sw_projects/my_ros2_ws/src/turtlebot4_factory_inspection/bt_nodes/InitialSetup.cpp:2:10:[m[K [01;31m[Kfatal error: [m[Kturtlebot4_factory_inspection/utils/load_waypoints.hpp: No such file or directory
    2 | #include [01;31m[K"turtlebot4_factory_inspection/utils/load_waypoints.hpp"[m[K
      |          [01;31m[K^~~~~~~~~~~~~~~~~~~~~~~~~~~~~~~~~~~~~~~~~~~~~~~~~~~~~~~~[m[K
compilation terminated.
gmake[2]: *** [CMakeFiles/bt_runner.dir/build.make:132: CMakeFiles/bt_runner.dir/bt_nodes/InitialSetup.cpp.o] Error 1
[01m[K/home/jaeho/sw_projects/my_ros2_ws/src/turtlebot4_factory_inspection/bt_nodes/IsArrivedAtBase.cpp:5:1:[m[K [01;31m[Kerror: [m[Kâ€˜[01m[KIsArrivedAtBase[m[Kâ€™ does not name a type
    5 | [01;31m[KIsArrivedAtBase[m[K::IsArrivedAtBase(const std::string& name, const BT::NodeConfiguration& config)
      | [01;31m[K^~~~~~~~~~~~~~~[m[K
[01m[K/home/jaeho/sw_projects/my_ros2_ws/src/turtlebot4_factory_inspection/bt_nodes/IsArrivedAtBase.cpp:8:15:[m[K [01;31m[Kerror: [m[Kâ€˜[01m[KIsArrivedAtBase[m[Kâ€™ has not been declared
    8 | BT::PortsList [01;31m[KIsArrivedAtBase[m[K::providedPorts()
      |               [01;31m[K^~~~~~~~~~~~~~~[m[K
[01m[K/home/jaeho/sw_projects/my_ros2_ws/src/turtlebot4_factory_inspection/bt_nodes/IsArrivedAtBase.cpp:13:16:[m[K [01;31m[Kerror: [m[Kâ€˜[01m[KIsArrivedAtBase[m[Kâ€™ has not been declared
   13 | BT::NodeStatus [01;31m[KIsArrivedAtBase[m[K::tick()
      |                [01;31m[K^~~~~~~~~~~~~~~[m[K
[01m[K/home/jaeho/sw_projects/my_ros2_ws/src/turtlebot4_factory_inspection/bt_nodes/CheckIfSetupDone.cpp:5:1:[m[K [01;31m[Kerror: [m[Kâ€˜[01m[KCheckIfSetupDone[m[Kâ€™ does not name a type
    5 | [01;31m[KCheckIfSetupDone[m[K::CheckIfSetupDone(const std::string& name, const BT::NodeConfiguration& config)
      | [01;31m[K^~~~~~~~~~~~~~~~[m[K
[01m[K/home/jaeho/sw_projects/my_ros2_ws/src/turtlebot4_factory_inspection/bt_nodes/CheckIfSetupDone.cpp:8:15:[m[K [01;31m[Kerror: [m[Kâ€˜[01m[KCheckIfSetupDone[m[Kâ€™ has not been declared
    8 | BT::PortsList [01;31m[KCheckIfSetupDone[m[K::providedPorts()
      |               [01;31m[K^~~~~~~~~~~~~~~~[m[K
[01m[K/home/jaeho/sw_projects/my_ros2_ws/src/turtlebot4_factory_inspection/bt_nodes/CheckIfSetupDone.cpp:13:16:[m[K [01;31m[Kerror: [m[Kâ€˜[01m[KCheckIfSetupDone[m[Kâ€™ has not been declared
   13 | BT::NodeStatus [01;31m[KCheckIfSetupDone[m[K::tick()
      |                [01;31m[K^~~~~~~~~~~~~~~~[m[K
gmake[2]: *** [CMakeFiles/bt_runner.dir/build.make:146: CMakeFiles/bt_runner.dir/bt_nodes/IsArrivedAtBase.cpp.o] Error 1
gmake[2]: *** [CMakeFiles/bt_runner.dir/build.make:118: CMakeFiles/bt_runner.dir/bt_nodes/CheckIfSetupDone.cpp.o] Error 1
gmake[1]: *** [CMakeFiles/Makefile2:137: CMakeFiles/bt_runner.dir/all] Error 2
gmake: *** [Makefile:146: all] Error 2
