[0.008s] Invoking command in '/home/jaeho/sw_projects/my_ros2_ws/src/turtlebot4_factory_inspection/build/turtlebot4_factory_inspection': CMAKE_PREFIX_PATH=/opt/ros/humble /usr/bin/cmake --build /home/jaeho/sw_projects/my_ros2_ws/src/turtlebot4_factory_inspection/build/turtlebot4_factory_inspection -- -j8 -l8
[0.042s] [35m[1mConsolidate compiler generated dependencies of target bt_runner[0m
[0.065s] [  7%] [32mBuilding CXX object CMakeFiles/bt_runner.dir/src/bt_runner.cpp.o[0m
[0.066s] [ 14%] [32mBuilding CXX object CMakeFiles/bt_runner.dir/bt_nodes/InitialSetup.cpp.o[0m
[0.066s] [ 21%] [32mBuilding CXX object CMakeFiles/bt_runner.dir/bt_nodes/AdvanceIndex.cpp.o[0m
[0.066s] [ 28%] [32mBuilding CXX object CMakeFiles/bt_runner.dir/bt_nodes/CheckIfSetupDone.cpp.o[0m
[0.066s] [ 42%] [32mBuilding CXX object CMakeFiles/bt_runner.dir/bt_nodes/IsArrivedAtBase.cpp.o[0m
[0.066s] [ 42%] [32mBuilding CXX object CMakeFiles/bt_runner.dir/bt_nodes/IsArrivedAtTarget.cpp.o[0m
[0.066s] [ 50%] [32mBuilding CXX object CMakeFiles/bt_runner.dir/src/utils/load_waypoints.cpp.o[0m
[0.071s] [ 57%] [32mBuilding CXX object CMakeFiles/bt_runner.dir/bt_nodes/IsNomoreTask.cpp.o[0m
[0.078s] [01m[K/home/jaeho/sw_projects/my_ros2_ws/src/turtlebot4_factory_inspection/src/utils/load_waypoints.cpp:1:10:[m[K [01;31m[Kfatal error: [m[Kturtlebot4_factory_inspection/utils/load_waypoints.hpp: No such file or directory
[0.079s]     1 | #include [01;31m[K"turtlebot4_factory_inspection/utils/load_waypoints.hpp"[m[K
[0.079s]       |          [01;31m[K^~~~~~~~~~~~~~~~~~~~~~~~~~~~~~~~~~~~~~~~~~~~~~~~~~~~~~~~[m[K
[0.079s] compilation terminated.
[0.079s] gmake[2]: *** [CMakeFiles/bt_runner.dir/build.make:90: CMakeFiles/bt_runner.dir/src/utils/load_waypoints.cpp.o] Error 1
[0.079s] gmake[2]: *** Waiting for unfinished jobs....
[0.375s] [01m[K/home/jaeho/sw_projects/my_ros2_ws/src/turtlebot4_factory_inspection/bt_nodes/InitialSetup.cpp:2:10:[m[K [01;31m[Kfatal error: [m[Kturtlebot4_factory_inspection/utils/load_waypoints.hpp: No such file or directory
[0.375s]     2 | #include [01;31m[K"turtlebot4_factory_inspection/utils/load_waypoints.hpp"[m[K
[0.375s]       |          [01;31m[K^~~~~~~~~~~~~~~~~~~~~~~~~~~~~~~~~~~~~~~~~~~~~~~~~~~~~~~~[m[K
[0.375s] compilation terminated.
[0.379s] gmake[2]: *** [CMakeFiles/bt_runner.dir/build.make:132: CMakeFiles/bt_runner.dir/bt_nodes/InitialSetup.cpp.o] Error 1
[0.837s] [01m[K/home/jaeho/sw_projects/my_ros2_ws/src/turtlebot4_factory_inspection/bt_nodes/IsArrivedAtBase.cpp:5:1:[m[K [01;31m[Kerror: [m[Kâ€˜[01m[KIsArrivedAtBase[m[Kâ€™ does not name a type
[0.838s]     5 | [01;31m[KIsArrivedAtBase[m[K::IsArrivedAtBase(const std::string& name, const BT::NodeConfiguration& config)
[0.838s]       | [01;31m[K^~~~~~~~~~~~~~~[m[K
[0.838s] [01m[K/home/jaeho/sw_projects/my_ros2_ws/src/turtlebot4_factory_inspection/bt_nodes/IsArrivedAtBase.cpp:8:15:[m[K [01;31m[Kerror: [m[Kâ€˜[01m[KIsArrivedAtBase[m[Kâ€™ has not been declared
[0.838s]     8 | BT::PortsList [01;31m[KIsArrivedAtBase[m[K::providedPorts()
[0.838s]       |               [01;31m[K^~~~~~~~~~~~~~~[m[K
[0.839s] [01m[K/home/jaeho/sw_projects/my_ros2_ws/src/turtlebot4_factory_inspection/bt_nodes/IsArrivedAtBase.cpp:13:16:[m[K [01;31m[Kerror: [m[Kâ€˜[01m[KIsArrivedAtBase[m[Kâ€™ has not been declared
[0.839s]    13 | BT::NodeStatus [01;31m[KIsArrivedAtBase[m[K::tick()
[0.839s]       |                [01;31m[K^~~~~~~~~~~~~~~[m[K
[0.883s] [01m[K/home/jaeho/sw_projects/my_ros2_ws/src/turtlebot4_factory_inspection/bt_nodes/CheckIfSetupDone.cpp:5:1:[m[K [01;31m[Kerror: [m[Kâ€˜[01m[KCheckIfSetupDone[m[Kâ€™ does not name a type
[0.883s]     5 | [01;31m[KCheckIfSetupDone[m[K::CheckIfSetupDone(const std::string& name, const BT::NodeConfiguration& config)
[0.883s]       | [01;31m[K^~~~~~~~~~~~~~~~[m[K
[0.883s] [01m[K/home/jaeho/sw_projects/my_ros2_ws/src/turtlebot4_factory_inspection/bt_nodes/CheckIfSetupDone.cpp:8:15:[m[K [01;31m[Kerror: [m[Kâ€˜[01m[KCheckIfSetupDone[m[Kâ€™ has not been declared
[0.883s]     8 | BT::PortsList [01;31m[KCheckIfSetupDone[m[K::providedPorts()
[0.884s]       |               [01;31m[K^~~~~~~~~~~~~~~~[m[K
[0.884s] [01m[K/home/jaeho/sw_projects/my_ros2_ws/src/turtlebot4_factory_inspection/bt_nodes/CheckIfSetupDone.cpp:13:16:[m[K [01;31m[Kerror: [m[Kâ€˜[01m[KCheckIfSetupDone[m[Kâ€™ has not been declared
[0.884s]    13 | BT::NodeStatus [01;31m[KCheckIfSetupDone[m[K::tick()
[0.884s]       |                [01;31m[K^~~~~~~~~~~~~~~~[m[K
[0.990s] gmake[2]: *** [CMakeFiles/bt_runner.dir/build.make:146: CMakeFiles/bt_runner.dir/bt_nodes/IsArrivedAtBase.cpp.o] Error 1
[1.036s] gmake[2]: *** [CMakeFiles/bt_runner.dir/build.make:118: CMakeFiles/bt_runner.dir/bt_nodes/CheckIfSetupDone.cpp.o] Error 1
[3.604s] gmake[1]: *** [CMakeFiles/Makefile2:137: CMakeFiles/bt_runner.dir/all] Error 2
[3.604s] gmake: *** [Makefile:146: all] Error 2
[3.606s] Invoked command in '/home/jaeho/sw_projects/my_ros2_ws/src/turtlebot4_factory_inspection/build/turtlebot4_factory_inspection' returned '2': CMAKE_PREFIX_PATH=/opt/ros/humble /usr/bin/cmake --build /home/jaeho/sw_projects/my_ros2_ws/src/turtlebot4_factory_inspection/build/turtlebot4_factory_inspection -- -j8 -l8
